ARM GAS  /var/folders/5c/srt4fy4j1pd641bjfx75k5000000gn/T//ccWoiFeg.s 			page 1


   1              		.cpu cortex-m4
   2              		.arch armv7e-m
   3              		.fpu fpv4-sp-d16
   4              		.eabi_attribute 27, 1
   5              		.eabi_attribute 28, 1
   6              		.eabi_attribute 20, 1
   7              		.eabi_attribute 21, 1
   8              		.eabi_attribute 23, 3
   9              		.eabi_attribute 24, 1
  10              		.eabi_attribute 25, 1
  11              		.eabi_attribute 26, 1
  12              		.eabi_attribute 30, 1
  13              		.eabi_attribute 34, 1
  14              		.eabi_attribute 18, 4
  15              		.file	"stm32f4xx_it.c"
  16              		.text
  17              	.Ltext0:
  18              		.cfi_sections	.debug_frame
  19              		.file 1 "Core/Src/stm32f4xx_it.c"
  20              		.section	.text.NMI_Handler,"ax",%progbits
  21              		.align	1
  22              		.global	NMI_Handler
  23              		.syntax unified
  24              		.thumb
  25              		.thumb_func
  27              	NMI_Handler:
  28              	.LFB134:
   1:Core/Src/stm32f4xx_it.c **** /* USER CODE BEGIN Header */
   2:Core/Src/stm32f4xx_it.c **** /**
   3:Core/Src/stm32f4xx_it.c ****   ******************************************************************************
   4:Core/Src/stm32f4xx_it.c ****   * @file    stm32f4xx_it.c
   5:Core/Src/stm32f4xx_it.c ****   * @brief   Interrupt Service Routines.
   6:Core/Src/stm32f4xx_it.c ****   ******************************************************************************
   7:Core/Src/stm32f4xx_it.c ****   * @attention
   8:Core/Src/stm32f4xx_it.c ****   *
   9:Core/Src/stm32f4xx_it.c ****   * Copyright (c) 2025 STMicroelectronics.
  10:Core/Src/stm32f4xx_it.c ****   * All rights reserved.
  11:Core/Src/stm32f4xx_it.c ****   *
  12:Core/Src/stm32f4xx_it.c ****   * This software is licensed under terms that can be found in the LICENSE file
  13:Core/Src/stm32f4xx_it.c ****   * in the root directory of this software component.
  14:Core/Src/stm32f4xx_it.c ****   * If no LICENSE file comes with this software, it is provided AS-IS.
  15:Core/Src/stm32f4xx_it.c ****   *
  16:Core/Src/stm32f4xx_it.c ****   ******************************************************************************
  17:Core/Src/stm32f4xx_it.c ****   */
  18:Core/Src/stm32f4xx_it.c **** /* USER CODE END Header */
  19:Core/Src/stm32f4xx_it.c **** 
  20:Core/Src/stm32f4xx_it.c **** /* Includes ------------------------------------------------------------------*/
  21:Core/Src/stm32f4xx_it.c **** #include "main.h"
  22:Core/Src/stm32f4xx_it.c **** #include "stm32f4xx_it.h"
  23:Core/Src/stm32f4xx_it.c **** /* Private includes ----------------------------------------------------------*/
  24:Core/Src/stm32f4xx_it.c **** /* USER CODE BEGIN Includes */
  25:Core/Src/stm32f4xx_it.c **** /* USER CODE END Includes */
  26:Core/Src/stm32f4xx_it.c **** 
  27:Core/Src/stm32f4xx_it.c **** /* Private typedef -----------------------------------------------------------*/
  28:Core/Src/stm32f4xx_it.c **** /* USER CODE BEGIN TD */
  29:Core/Src/stm32f4xx_it.c **** 
  30:Core/Src/stm32f4xx_it.c **** /* USER CODE END TD */
ARM GAS  /var/folders/5c/srt4fy4j1pd641bjfx75k5000000gn/T//ccWoiFeg.s 			page 2


  31:Core/Src/stm32f4xx_it.c **** 
  32:Core/Src/stm32f4xx_it.c **** /* Private define ------------------------------------------------------------*/
  33:Core/Src/stm32f4xx_it.c **** /* USER CODE BEGIN PD */
  34:Core/Src/stm32f4xx_it.c **** 
  35:Core/Src/stm32f4xx_it.c **** /* USER CODE END PD */
  36:Core/Src/stm32f4xx_it.c **** 
  37:Core/Src/stm32f4xx_it.c **** /* Private macro -------------------------------------------------------------*/
  38:Core/Src/stm32f4xx_it.c **** /* USER CODE BEGIN PM */
  39:Core/Src/stm32f4xx_it.c **** 
  40:Core/Src/stm32f4xx_it.c **** /* USER CODE END PM */
  41:Core/Src/stm32f4xx_it.c **** 
  42:Core/Src/stm32f4xx_it.c **** /* Private variables ---------------------------------------------------------*/
  43:Core/Src/stm32f4xx_it.c **** /* USER CODE BEGIN PV */
  44:Core/Src/stm32f4xx_it.c **** 
  45:Core/Src/stm32f4xx_it.c **** /* USER CODE END PV */
  46:Core/Src/stm32f4xx_it.c **** 
  47:Core/Src/stm32f4xx_it.c **** /* Private function prototypes -----------------------------------------------*/
  48:Core/Src/stm32f4xx_it.c **** /* USER CODE BEGIN PFP */
  49:Core/Src/stm32f4xx_it.c **** 
  50:Core/Src/stm32f4xx_it.c **** /* USER CODE END PFP */
  51:Core/Src/stm32f4xx_it.c **** 
  52:Core/Src/stm32f4xx_it.c **** /* Private user code ---------------------------------------------------------*/
  53:Core/Src/stm32f4xx_it.c **** /* USER CODE BEGIN 0 */
  54:Core/Src/stm32f4xx_it.c **** 
  55:Core/Src/stm32f4xx_it.c **** /* USER CODE END 0 */
  56:Core/Src/stm32f4xx_it.c **** 
  57:Core/Src/stm32f4xx_it.c **** /* External variables --------------------------------------------------------*/
  58:Core/Src/stm32f4xx_it.c **** extern DMA_HandleTypeDef hdma_uart5_rx;
  59:Core/Src/stm32f4xx_it.c **** extern DMA_HandleTypeDef hdma_uart5_tx;
  60:Core/Src/stm32f4xx_it.c **** extern DMA_HandleTypeDef hdma_usart1_rx;
  61:Core/Src/stm32f4xx_it.c **** extern DMA_HandleTypeDef hdma_usart1_tx;
  62:Core/Src/stm32f4xx_it.c **** extern DMA_HandleTypeDef hdma_usart2_rx;
  63:Core/Src/stm32f4xx_it.c **** extern DMA_HandleTypeDef hdma_usart2_tx;
  64:Core/Src/stm32f4xx_it.c **** extern DMA_HandleTypeDef hdma_usart3_rx;
  65:Core/Src/stm32f4xx_it.c **** extern DMA_HandleTypeDef hdma_usart3_tx;
  66:Core/Src/stm32f4xx_it.c **** extern DMA_HandleTypeDef hdma_usart6_rx;
  67:Core/Src/stm32f4xx_it.c **** extern DMA_HandleTypeDef hdma_usart6_tx;
  68:Core/Src/stm32f4xx_it.c **** extern UART_HandleTypeDef huart5;
  69:Core/Src/stm32f4xx_it.c **** extern UART_HandleTypeDef huart1;
  70:Core/Src/stm32f4xx_it.c **** extern UART_HandleTypeDef huart2;
  71:Core/Src/stm32f4xx_it.c **** extern UART_HandleTypeDef huart3;
  72:Core/Src/stm32f4xx_it.c **** extern UART_HandleTypeDef huart6;
  73:Core/Src/stm32f4xx_it.c **** /* USER CODE BEGIN EV */
  74:Core/Src/stm32f4xx_it.c **** 
  75:Core/Src/stm32f4xx_it.c **** /* USER CODE END EV */
  76:Core/Src/stm32f4xx_it.c **** 
  77:Core/Src/stm32f4xx_it.c **** /******************************************************************************/
  78:Core/Src/stm32f4xx_it.c **** /*           Cortex-M4 Processor Interruption and Exception Handlers          */
  79:Core/Src/stm32f4xx_it.c **** /******************************************************************************/
  80:Core/Src/stm32f4xx_it.c **** /**
  81:Core/Src/stm32f4xx_it.c ****   * @brief This function handles Non maskable interrupt.
  82:Core/Src/stm32f4xx_it.c ****   */
  83:Core/Src/stm32f4xx_it.c **** void NMI_Handler(void)
  84:Core/Src/stm32f4xx_it.c **** {
  29              		.loc 1 84 1 view -0
  30              		.cfi_startproc
  31              		@ Volatile: function does not return.
ARM GAS  /var/folders/5c/srt4fy4j1pd641bjfx75k5000000gn/T//ccWoiFeg.s 			page 3


  32              		@ args = 0, pretend = 0, frame = 0
  33              		@ frame_needed = 0, uses_anonymous_args = 0
  34              		@ link register save eliminated.
  35              	.L2:
  85:Core/Src/stm32f4xx_it.c ****   /* USER CODE BEGIN NonMaskableInt_IRQn 0 */
  86:Core/Src/stm32f4xx_it.c **** 
  87:Core/Src/stm32f4xx_it.c ****   /* USER CODE END NonMaskableInt_IRQn 0 */
  88:Core/Src/stm32f4xx_it.c ****   /* USER CODE BEGIN NonMaskableInt_IRQn 1 */
  89:Core/Src/stm32f4xx_it.c ****    while (1)
  36              		.loc 1 89 4 discriminator 1 view .LVU1
  90:Core/Src/stm32f4xx_it.c ****   {
  91:Core/Src/stm32f4xx_it.c ****   }
  37              		.loc 1 91 3 discriminator 1 view .LVU2
  89:Core/Src/stm32f4xx_it.c ****   {
  38              		.loc 1 89 10 discriminator 1 view .LVU3
  39 0000 FEE7     		b	.L2
  40              		.cfi_endproc
  41              	.LFE134:
  43              		.section	.text.HardFault_Handler,"ax",%progbits
  44              		.align	1
  45              		.global	HardFault_Handler
  46              		.syntax unified
  47              		.thumb
  48              		.thumb_func
  50              	HardFault_Handler:
  51              	.LFB135:
  92:Core/Src/stm32f4xx_it.c ****   /* USER CODE END NonMaskableInt_IRQn 1 */
  93:Core/Src/stm32f4xx_it.c **** }
  94:Core/Src/stm32f4xx_it.c **** 
  95:Core/Src/stm32f4xx_it.c **** /**
  96:Core/Src/stm32f4xx_it.c ****   * @brief This function handles Hard fault interrupt.
  97:Core/Src/stm32f4xx_it.c ****   */
  98:Core/Src/stm32f4xx_it.c **** void HardFault_Handler(void)
  99:Core/Src/stm32f4xx_it.c **** {
  52              		.loc 1 99 1 view -0
  53              		.cfi_startproc
  54              		@ Volatile: function does not return.
  55              		@ args = 0, pretend = 0, frame = 0
  56              		@ frame_needed = 0, uses_anonymous_args = 0
  57              		@ link register save eliminated.
  58              	.L4:
 100:Core/Src/stm32f4xx_it.c ****   /* USER CODE BEGIN HardFault_IRQn 0 */
 101:Core/Src/stm32f4xx_it.c **** 
 102:Core/Src/stm32f4xx_it.c ****   /* USER CODE END HardFault_IRQn 0 */
 103:Core/Src/stm32f4xx_it.c ****   while (1)
  59              		.loc 1 103 3 discriminator 1 view .LVU5
 104:Core/Src/stm32f4xx_it.c ****   {
 105:Core/Src/stm32f4xx_it.c ****     /* USER CODE BEGIN W1_HardFault_IRQn 0 */
 106:Core/Src/stm32f4xx_it.c ****     /* USER CODE END W1_HardFault_IRQn 0 */
 107:Core/Src/stm32f4xx_it.c ****   }
  60              		.loc 1 107 3 discriminator 1 view .LVU6
 103:Core/Src/stm32f4xx_it.c ****   {
  61              		.loc 1 103 9 discriminator 1 view .LVU7
  62 0000 FEE7     		b	.L4
  63              		.cfi_endproc
  64              	.LFE135:
  66              		.section	.text.MemManage_Handler,"ax",%progbits
ARM GAS  /var/folders/5c/srt4fy4j1pd641bjfx75k5000000gn/T//ccWoiFeg.s 			page 4


  67              		.align	1
  68              		.global	MemManage_Handler
  69              		.syntax unified
  70              		.thumb
  71              		.thumb_func
  73              	MemManage_Handler:
  74              	.LFB136:
 108:Core/Src/stm32f4xx_it.c **** }
 109:Core/Src/stm32f4xx_it.c **** 
 110:Core/Src/stm32f4xx_it.c **** /**
 111:Core/Src/stm32f4xx_it.c ****   * @brief This function handles Memory management fault.
 112:Core/Src/stm32f4xx_it.c ****   */
 113:Core/Src/stm32f4xx_it.c **** void MemManage_Handler(void)
 114:Core/Src/stm32f4xx_it.c **** {
  75              		.loc 1 114 1 view -0
  76              		.cfi_startproc
  77              		@ Volatile: function does not return.
  78              		@ args = 0, pretend = 0, frame = 0
  79              		@ frame_needed = 0, uses_anonymous_args = 0
  80              		@ link register save eliminated.
  81              	.L6:
 115:Core/Src/stm32f4xx_it.c ****   /* USER CODE BEGIN MemoryManagement_IRQn 0 */
 116:Core/Src/stm32f4xx_it.c **** 
 117:Core/Src/stm32f4xx_it.c ****   /* USER CODE END MemoryManagement_IRQn 0 */
 118:Core/Src/stm32f4xx_it.c ****   while (1)
  82              		.loc 1 118 3 discriminator 1 view .LVU9
 119:Core/Src/stm32f4xx_it.c ****   {
 120:Core/Src/stm32f4xx_it.c ****     /* USER CODE BEGIN W1_MemoryManagement_IRQn 0 */
 121:Core/Src/stm32f4xx_it.c ****     /* USER CODE END W1_MemoryManagement_IRQn 0 */
 122:Core/Src/stm32f4xx_it.c ****   }
  83              		.loc 1 122 3 discriminator 1 view .LVU10
 118:Core/Src/stm32f4xx_it.c ****   {
  84              		.loc 1 118 9 discriminator 1 view .LVU11
  85 0000 FEE7     		b	.L6
  86              		.cfi_endproc
  87              	.LFE136:
  89              		.section	.text.BusFault_Handler,"ax",%progbits
  90              		.align	1
  91              		.global	BusFault_Handler
  92              		.syntax unified
  93              		.thumb
  94              		.thumb_func
  96              	BusFault_Handler:
  97              	.LFB137:
 123:Core/Src/stm32f4xx_it.c **** }
 124:Core/Src/stm32f4xx_it.c **** 
 125:Core/Src/stm32f4xx_it.c **** /**
 126:Core/Src/stm32f4xx_it.c ****   * @brief This function handles Pre-fetch fault, memory access fault.
 127:Core/Src/stm32f4xx_it.c ****   */
 128:Core/Src/stm32f4xx_it.c **** void BusFault_Handler(void)
 129:Core/Src/stm32f4xx_it.c **** {
  98              		.loc 1 129 1 view -0
  99              		.cfi_startproc
 100              		@ Volatile: function does not return.
 101              		@ args = 0, pretend = 0, frame = 0
 102              		@ frame_needed = 0, uses_anonymous_args = 0
 103              		@ link register save eliminated.
ARM GAS  /var/folders/5c/srt4fy4j1pd641bjfx75k5000000gn/T//ccWoiFeg.s 			page 5


 104              	.L8:
 130:Core/Src/stm32f4xx_it.c ****   /* USER CODE BEGIN BusFault_IRQn 0 */
 131:Core/Src/stm32f4xx_it.c **** 
 132:Core/Src/stm32f4xx_it.c ****   /* USER CODE END BusFault_IRQn 0 */
 133:Core/Src/stm32f4xx_it.c ****   while (1)
 105              		.loc 1 133 3 discriminator 1 view .LVU13
 134:Core/Src/stm32f4xx_it.c ****   {
 135:Core/Src/stm32f4xx_it.c ****     /* USER CODE BEGIN W1_BusFault_IRQn 0 */
 136:Core/Src/stm32f4xx_it.c ****     /* USER CODE END W1_BusFault_IRQn 0 */
 137:Core/Src/stm32f4xx_it.c ****   }
 106              		.loc 1 137 3 discriminator 1 view .LVU14
 133:Core/Src/stm32f4xx_it.c ****   {
 107              		.loc 1 133 9 discriminator 1 view .LVU15
 108 0000 FEE7     		b	.L8
 109              		.cfi_endproc
 110              	.LFE137:
 112              		.section	.text.UsageFault_Handler,"ax",%progbits
 113              		.align	1
 114              		.global	UsageFault_Handler
 115              		.syntax unified
 116              		.thumb
 117              		.thumb_func
 119              	UsageFault_Handler:
 120              	.LFB138:
 138:Core/Src/stm32f4xx_it.c **** }
 139:Core/Src/stm32f4xx_it.c **** 
 140:Core/Src/stm32f4xx_it.c **** /**
 141:Core/Src/stm32f4xx_it.c ****   * @brief This function handles Undefined instruction or illegal state.
 142:Core/Src/stm32f4xx_it.c ****   */
 143:Core/Src/stm32f4xx_it.c **** void UsageFault_Handler(void)
 144:Core/Src/stm32f4xx_it.c **** {
 121              		.loc 1 144 1 view -0
 122              		.cfi_startproc
 123              		@ Volatile: function does not return.
 124              		@ args = 0, pretend = 0, frame = 0
 125              		@ frame_needed = 0, uses_anonymous_args = 0
 126              		@ link register save eliminated.
 127              	.L10:
 145:Core/Src/stm32f4xx_it.c ****   /* USER CODE BEGIN UsageFault_IRQn 0 */
 146:Core/Src/stm32f4xx_it.c **** 
 147:Core/Src/stm32f4xx_it.c ****   /* USER CODE END UsageFault_IRQn 0 */
 148:Core/Src/stm32f4xx_it.c ****   while (1)
 128              		.loc 1 148 3 discriminator 1 view .LVU17
 149:Core/Src/stm32f4xx_it.c ****   {
 150:Core/Src/stm32f4xx_it.c ****     /* USER CODE BEGIN W1_UsageFault_IRQn 0 */
 151:Core/Src/stm32f4xx_it.c ****     /* USER CODE END W1_UsageFault_IRQn 0 */
 152:Core/Src/stm32f4xx_it.c ****   }
 129              		.loc 1 152 3 discriminator 1 view .LVU18
 148:Core/Src/stm32f4xx_it.c ****   {
 130              		.loc 1 148 9 discriminator 1 view .LVU19
 131 0000 FEE7     		b	.L10
 132              		.cfi_endproc
 133              	.LFE138:
 135              		.section	.text.SVC_Handler,"ax",%progbits
 136              		.align	1
 137              		.global	SVC_Handler
 138              		.syntax unified
ARM GAS  /var/folders/5c/srt4fy4j1pd641bjfx75k5000000gn/T//ccWoiFeg.s 			page 6


 139              		.thumb
 140              		.thumb_func
 142              	SVC_Handler:
 143              	.LFB139:
 153:Core/Src/stm32f4xx_it.c **** }
 154:Core/Src/stm32f4xx_it.c **** 
 155:Core/Src/stm32f4xx_it.c **** /**
 156:Core/Src/stm32f4xx_it.c ****   * @brief This function handles System service call via SWI instruction.
 157:Core/Src/stm32f4xx_it.c ****   */
 158:Core/Src/stm32f4xx_it.c **** void SVC_Handler(void)
 159:Core/Src/stm32f4xx_it.c **** {
 144              		.loc 1 159 1 view -0
 145              		.cfi_startproc
 146              		@ args = 0, pretend = 0, frame = 0
 147              		@ frame_needed = 0, uses_anonymous_args = 0
 148              		@ link register save eliminated.
 160:Core/Src/stm32f4xx_it.c ****   /* USER CODE BEGIN SVCall_IRQn 0 */
 161:Core/Src/stm32f4xx_it.c **** 
 162:Core/Src/stm32f4xx_it.c ****   /* USER CODE END SVCall_IRQn 0 */
 163:Core/Src/stm32f4xx_it.c ****   /* USER CODE BEGIN SVCall_IRQn 1 */
 164:Core/Src/stm32f4xx_it.c **** 
 165:Core/Src/stm32f4xx_it.c ****   /* USER CODE END SVCall_IRQn 1 */
 166:Core/Src/stm32f4xx_it.c **** }
 149              		.loc 1 166 1 view .LVU21
 150 0000 7047     		bx	lr
 151              		.cfi_endproc
 152              	.LFE139:
 154              		.section	.text.DebugMon_Handler,"ax",%progbits
 155              		.align	1
 156              		.global	DebugMon_Handler
 157              		.syntax unified
 158              		.thumb
 159              		.thumb_func
 161              	DebugMon_Handler:
 162              	.LFB140:
 167:Core/Src/stm32f4xx_it.c **** 
 168:Core/Src/stm32f4xx_it.c **** /**
 169:Core/Src/stm32f4xx_it.c ****   * @brief This function handles Debug monitor.
 170:Core/Src/stm32f4xx_it.c ****   */
 171:Core/Src/stm32f4xx_it.c **** void DebugMon_Handler(void)
 172:Core/Src/stm32f4xx_it.c **** {
 163              		.loc 1 172 1 view -0
 164              		.cfi_startproc
 165              		@ args = 0, pretend = 0, frame = 0
 166              		@ frame_needed = 0, uses_anonymous_args = 0
 167              		@ link register save eliminated.
 173:Core/Src/stm32f4xx_it.c ****   /* USER CODE BEGIN DebugMonitor_IRQn 0 */
 174:Core/Src/stm32f4xx_it.c **** 
 175:Core/Src/stm32f4xx_it.c ****   /* USER CODE END DebugMonitor_IRQn 0 */
 176:Core/Src/stm32f4xx_it.c ****   /* USER CODE BEGIN DebugMonitor_IRQn 1 */
 177:Core/Src/stm32f4xx_it.c **** 
 178:Core/Src/stm32f4xx_it.c ****   /* USER CODE END DebugMonitor_IRQn 1 */
 179:Core/Src/stm32f4xx_it.c **** }
 168              		.loc 1 179 1 view .LVU23
 169 0000 7047     		bx	lr
 170              		.cfi_endproc
 171              	.LFE140:
ARM GAS  /var/folders/5c/srt4fy4j1pd641bjfx75k5000000gn/T//ccWoiFeg.s 			page 7


 173              		.section	.text.PendSV_Handler,"ax",%progbits
 174              		.align	1
 175              		.global	PendSV_Handler
 176              		.syntax unified
 177              		.thumb
 178              		.thumb_func
 180              	PendSV_Handler:
 181              	.LFB141:
 180:Core/Src/stm32f4xx_it.c **** 
 181:Core/Src/stm32f4xx_it.c **** /**
 182:Core/Src/stm32f4xx_it.c ****   * @brief This function handles Pendable request for system service.
 183:Core/Src/stm32f4xx_it.c ****   */
 184:Core/Src/stm32f4xx_it.c **** void PendSV_Handler(void)
 185:Core/Src/stm32f4xx_it.c **** {
 182              		.loc 1 185 1 view -0
 183              		.cfi_startproc
 184              		@ args = 0, pretend = 0, frame = 0
 185              		@ frame_needed = 0, uses_anonymous_args = 0
 186              		@ link register save eliminated.
 186:Core/Src/stm32f4xx_it.c ****   /* USER CODE BEGIN PendSV_IRQn 0 */
 187:Core/Src/stm32f4xx_it.c **** 
 188:Core/Src/stm32f4xx_it.c ****   /* USER CODE END PendSV_IRQn 0 */
 189:Core/Src/stm32f4xx_it.c ****   /* USER CODE BEGIN PendSV_IRQn 1 */
 190:Core/Src/stm32f4xx_it.c **** 
 191:Core/Src/stm32f4xx_it.c ****   /* USER CODE END PendSV_IRQn 1 */
 192:Core/Src/stm32f4xx_it.c **** }
 187              		.loc 1 192 1 view .LVU25
 188 0000 7047     		bx	lr
 189              		.cfi_endproc
 190              	.LFE141:
 192              		.section	.text.SysTick_Handler,"ax",%progbits
 193              		.align	1
 194              		.global	SysTick_Handler
 195              		.syntax unified
 196              		.thumb
 197              		.thumb_func
 199              	SysTick_Handler:
 200              	.LFB142:
 193:Core/Src/stm32f4xx_it.c **** 
 194:Core/Src/stm32f4xx_it.c **** /**
 195:Core/Src/stm32f4xx_it.c ****   * @brief This function handles System tick timer.
 196:Core/Src/stm32f4xx_it.c ****   */
 197:Core/Src/stm32f4xx_it.c **** void SysTick_Handler(void)
 198:Core/Src/stm32f4xx_it.c **** {
 201              		.loc 1 198 1 view -0
 202              		.cfi_startproc
 203              		@ args = 0, pretend = 0, frame = 0
 204              		@ frame_needed = 0, uses_anonymous_args = 0
 205 0000 08B5     		push	{r3, lr}
 206              	.LCFI0:
 207              		.cfi_def_cfa_offset 8
 208              		.cfi_offset 3, -8
 209              		.cfi_offset 14, -4
 199:Core/Src/stm32f4xx_it.c ****   /* USER CODE BEGIN SysTick_IRQn 0 */
 200:Core/Src/stm32f4xx_it.c **** 
 201:Core/Src/stm32f4xx_it.c ****   /* USER CODE END SysTick_IRQn 0 */
 202:Core/Src/stm32f4xx_it.c ****   HAL_IncTick();
ARM GAS  /var/folders/5c/srt4fy4j1pd641bjfx75k5000000gn/T//ccWoiFeg.s 			page 8


 210              		.loc 1 202 3 view .LVU27
 211 0002 FFF7FEFF 		bl	HAL_IncTick
 212              	.LVL0:
 203:Core/Src/stm32f4xx_it.c ****   /* USER CODE BEGIN SysTick_IRQn 1 */
 204:Core/Src/stm32f4xx_it.c **** 
 205:Core/Src/stm32f4xx_it.c ****   /* USER CODE END SysTick_IRQn 1 */
 206:Core/Src/stm32f4xx_it.c **** }
 213              		.loc 1 206 1 is_stmt 0 view .LVU28
 214 0006 08BD     		pop	{r3, pc}
 215              		.cfi_endproc
 216              	.LFE142:
 218              		.section	.text.DMA1_Stream0_IRQHandler,"ax",%progbits
 219              		.align	1
 220              		.global	DMA1_Stream0_IRQHandler
 221              		.syntax unified
 222              		.thumb
 223              		.thumb_func
 225              	DMA1_Stream0_IRQHandler:
 226              	.LFB143:
 207:Core/Src/stm32f4xx_it.c **** 
 208:Core/Src/stm32f4xx_it.c **** /******************************************************************************/
 209:Core/Src/stm32f4xx_it.c **** /* STM32F4xx Peripheral Interrupt Handlers                                    */
 210:Core/Src/stm32f4xx_it.c **** /* Add here the Interrupt Handlers for the used peripherals.                  */
 211:Core/Src/stm32f4xx_it.c **** /* For the available peripheral interrupt handler names,                      */
 212:Core/Src/stm32f4xx_it.c **** /* please refer to the startup file (startup_stm32f4xx.s).                    */
 213:Core/Src/stm32f4xx_it.c **** /******************************************************************************/
 214:Core/Src/stm32f4xx_it.c **** 
 215:Core/Src/stm32f4xx_it.c **** /**
 216:Core/Src/stm32f4xx_it.c ****   * @brief This function handles DMA1 stream0 global interrupt.
 217:Core/Src/stm32f4xx_it.c ****   */
 218:Core/Src/stm32f4xx_it.c **** void DMA1_Stream0_IRQHandler(void)
 219:Core/Src/stm32f4xx_it.c **** {
 227              		.loc 1 219 1 is_stmt 1 view -0
 228              		.cfi_startproc
 229              		@ args = 0, pretend = 0, frame = 0
 230              		@ frame_needed = 0, uses_anonymous_args = 0
 231 0000 08B5     		push	{r3, lr}
 232              	.LCFI1:
 233              		.cfi_def_cfa_offset 8
 234              		.cfi_offset 3, -8
 235              		.cfi_offset 14, -4
 220:Core/Src/stm32f4xx_it.c ****   /* USER CODE BEGIN DMA1_Stream0_IRQn 0 */
 221:Core/Src/stm32f4xx_it.c **** 
 222:Core/Src/stm32f4xx_it.c ****   /* USER CODE END DMA1_Stream0_IRQn 0 */
 223:Core/Src/stm32f4xx_it.c ****   HAL_DMA_IRQHandler(&hdma_uart5_rx);
 236              		.loc 1 223 3 view .LVU30
 237 0002 0248     		ldr	r0, .L18
 238 0004 FFF7FEFF 		bl	HAL_DMA_IRQHandler
 239              	.LVL1:
 224:Core/Src/stm32f4xx_it.c ****   /* USER CODE BEGIN DMA1_Stream0_IRQn 1 */
 225:Core/Src/stm32f4xx_it.c **** 
 226:Core/Src/stm32f4xx_it.c ****   /* USER CODE END DMA1_Stream0_IRQn 1 */
 227:Core/Src/stm32f4xx_it.c **** }
 240              		.loc 1 227 1 is_stmt 0 view .LVU31
 241 0008 08BD     		pop	{r3, pc}
 242              	.L19:
 243 000a 00BF     		.align	2
ARM GAS  /var/folders/5c/srt4fy4j1pd641bjfx75k5000000gn/T//ccWoiFeg.s 			page 9


 244              	.L18:
 245 000c 00000000 		.word	hdma_uart5_rx
 246              		.cfi_endproc
 247              	.LFE143:
 249              		.section	.text.DMA1_Stream1_IRQHandler,"ax",%progbits
 250              		.align	1
 251              		.global	DMA1_Stream1_IRQHandler
 252              		.syntax unified
 253              		.thumb
 254              		.thumb_func
 256              	DMA1_Stream1_IRQHandler:
 257              	.LFB144:
 228:Core/Src/stm32f4xx_it.c **** 
 229:Core/Src/stm32f4xx_it.c **** /**
 230:Core/Src/stm32f4xx_it.c ****   * @brief This function handles DMA1 stream1 global interrupt.
 231:Core/Src/stm32f4xx_it.c ****   */
 232:Core/Src/stm32f4xx_it.c **** void DMA1_Stream1_IRQHandler(void)
 233:Core/Src/stm32f4xx_it.c **** {
 258              		.loc 1 233 1 is_stmt 1 view -0
 259              		.cfi_startproc
 260              		@ args = 0, pretend = 0, frame = 0
 261              		@ frame_needed = 0, uses_anonymous_args = 0
 262 0000 08B5     		push	{r3, lr}
 263              	.LCFI2:
 264              		.cfi_def_cfa_offset 8
 265              		.cfi_offset 3, -8
 266              		.cfi_offset 14, -4
 234:Core/Src/stm32f4xx_it.c ****   /* USER CODE BEGIN DMA1_Stream1_IRQn 0 */
 235:Core/Src/stm32f4xx_it.c **** 
 236:Core/Src/stm32f4xx_it.c ****   /* USER CODE END DMA1_Stream1_IRQn 0 */
 237:Core/Src/stm32f4xx_it.c ****   HAL_DMA_IRQHandler(&hdma_usart3_rx);
 267              		.loc 1 237 3 view .LVU33
 268 0002 0248     		ldr	r0, .L22
 269 0004 FFF7FEFF 		bl	HAL_DMA_IRQHandler
 270              	.LVL2:
 238:Core/Src/stm32f4xx_it.c ****   /* USER CODE BEGIN DMA1_Stream1_IRQn 1 */
 239:Core/Src/stm32f4xx_it.c **** 
 240:Core/Src/stm32f4xx_it.c ****   /* USER CODE END DMA1_Stream1_IRQn 1 */
 241:Core/Src/stm32f4xx_it.c **** }
 271              		.loc 1 241 1 is_stmt 0 view .LVU34
 272 0008 08BD     		pop	{r3, pc}
 273              	.L23:
 274 000a 00BF     		.align	2
 275              	.L22:
 276 000c 00000000 		.word	hdma_usart3_rx
 277              		.cfi_endproc
 278              	.LFE144:
 280              		.section	.text.DMA1_Stream3_IRQHandler,"ax",%progbits
 281              		.align	1
 282              		.global	DMA1_Stream3_IRQHandler
 283              		.syntax unified
 284              		.thumb
 285              		.thumb_func
 287              	DMA1_Stream3_IRQHandler:
 288              	.LFB145:
 242:Core/Src/stm32f4xx_it.c **** 
 243:Core/Src/stm32f4xx_it.c **** /**
ARM GAS  /var/folders/5c/srt4fy4j1pd641bjfx75k5000000gn/T//ccWoiFeg.s 			page 10


 244:Core/Src/stm32f4xx_it.c ****   * @brief This function handles DMA1 stream3 global interrupt.
 245:Core/Src/stm32f4xx_it.c ****   */
 246:Core/Src/stm32f4xx_it.c **** void DMA1_Stream3_IRQHandler(void)
 247:Core/Src/stm32f4xx_it.c **** {
 289              		.loc 1 247 1 is_stmt 1 view -0
 290              		.cfi_startproc
 291              		@ args = 0, pretend = 0, frame = 0
 292              		@ frame_needed = 0, uses_anonymous_args = 0
 293 0000 08B5     		push	{r3, lr}
 294              	.LCFI3:
 295              		.cfi_def_cfa_offset 8
 296              		.cfi_offset 3, -8
 297              		.cfi_offset 14, -4
 248:Core/Src/stm32f4xx_it.c ****   /* USER CODE BEGIN DMA1_Stream3_IRQn 0 */
 249:Core/Src/stm32f4xx_it.c **** 
 250:Core/Src/stm32f4xx_it.c ****   /* USER CODE END DMA1_Stream3_IRQn 0 */
 251:Core/Src/stm32f4xx_it.c ****   HAL_DMA_IRQHandler(&hdma_usart3_tx);
 298              		.loc 1 251 3 view .LVU36
 299 0002 0248     		ldr	r0, .L26
 300 0004 FFF7FEFF 		bl	HAL_DMA_IRQHandler
 301              	.LVL3:
 252:Core/Src/stm32f4xx_it.c ****   /* USER CODE BEGIN DMA1_Stream3_IRQn 1 */
 253:Core/Src/stm32f4xx_it.c **** 
 254:Core/Src/stm32f4xx_it.c ****   /* USER CODE END DMA1_Stream3_IRQn 1 */
 255:Core/Src/stm32f4xx_it.c **** }
 302              		.loc 1 255 1 is_stmt 0 view .LVU37
 303 0008 08BD     		pop	{r3, pc}
 304              	.L27:
 305 000a 00BF     		.align	2
 306              	.L26:
 307 000c 00000000 		.word	hdma_usart3_tx
 308              		.cfi_endproc
 309              	.LFE145:
 311              		.section	.text.DMA1_Stream5_IRQHandler,"ax",%progbits
 312              		.align	1
 313              		.global	DMA1_Stream5_IRQHandler
 314              		.syntax unified
 315              		.thumb
 316              		.thumb_func
 318              	DMA1_Stream5_IRQHandler:
 319              	.LFB146:
 256:Core/Src/stm32f4xx_it.c **** 
 257:Core/Src/stm32f4xx_it.c **** /**
 258:Core/Src/stm32f4xx_it.c ****   * @brief This function handles DMA1 stream5 global interrupt.
 259:Core/Src/stm32f4xx_it.c ****   */
 260:Core/Src/stm32f4xx_it.c **** void DMA1_Stream5_IRQHandler(void)
 261:Core/Src/stm32f4xx_it.c **** {
 320              		.loc 1 261 1 is_stmt 1 view -0
 321              		.cfi_startproc
 322              		@ args = 0, pretend = 0, frame = 0
 323              		@ frame_needed = 0, uses_anonymous_args = 0
 324 0000 08B5     		push	{r3, lr}
 325              	.LCFI4:
 326              		.cfi_def_cfa_offset 8
 327              		.cfi_offset 3, -8
 328              		.cfi_offset 14, -4
 262:Core/Src/stm32f4xx_it.c ****   /* USER CODE BEGIN DMA1_Stream5_IRQn 0 */
ARM GAS  /var/folders/5c/srt4fy4j1pd641bjfx75k5000000gn/T//ccWoiFeg.s 			page 11


 263:Core/Src/stm32f4xx_it.c **** 
 264:Core/Src/stm32f4xx_it.c ****   /* USER CODE END DMA1_Stream5_IRQn 0 */
 265:Core/Src/stm32f4xx_it.c ****   HAL_DMA_IRQHandler(&hdma_usart2_rx);
 329              		.loc 1 265 3 view .LVU39
 330 0002 0248     		ldr	r0, .L30
 331 0004 FFF7FEFF 		bl	HAL_DMA_IRQHandler
 332              	.LVL4:
 266:Core/Src/stm32f4xx_it.c ****   /* USER CODE BEGIN DMA1_Stream5_IRQn 1 */
 267:Core/Src/stm32f4xx_it.c **** 
 268:Core/Src/stm32f4xx_it.c ****   /* USER CODE END DMA1_Stream5_IRQn 1 */
 269:Core/Src/stm32f4xx_it.c **** }
 333              		.loc 1 269 1 is_stmt 0 view .LVU40
 334 0008 08BD     		pop	{r3, pc}
 335              	.L31:
 336 000a 00BF     		.align	2
 337              	.L30:
 338 000c 00000000 		.word	hdma_usart2_rx
 339              		.cfi_endproc
 340              	.LFE146:
 342              		.section	.text.DMA1_Stream6_IRQHandler,"ax",%progbits
 343              		.align	1
 344              		.global	DMA1_Stream6_IRQHandler
 345              		.syntax unified
 346              		.thumb
 347              		.thumb_func
 349              	DMA1_Stream6_IRQHandler:
 350              	.LFB147:
 270:Core/Src/stm32f4xx_it.c **** 
 271:Core/Src/stm32f4xx_it.c **** /**
 272:Core/Src/stm32f4xx_it.c ****   * @brief This function handles DMA1 stream6 global interrupt.
 273:Core/Src/stm32f4xx_it.c ****   */
 274:Core/Src/stm32f4xx_it.c **** void DMA1_Stream6_IRQHandler(void)
 275:Core/Src/stm32f4xx_it.c **** {
 351              		.loc 1 275 1 is_stmt 1 view -0
 352              		.cfi_startproc
 353              		@ args = 0, pretend = 0, frame = 0
 354              		@ frame_needed = 0, uses_anonymous_args = 0
 355 0000 08B5     		push	{r3, lr}
 356              	.LCFI5:
 357              		.cfi_def_cfa_offset 8
 358              		.cfi_offset 3, -8
 359              		.cfi_offset 14, -4
 276:Core/Src/stm32f4xx_it.c ****   /* USER CODE BEGIN DMA1_Stream6_IRQn 0 */
 277:Core/Src/stm32f4xx_it.c **** 
 278:Core/Src/stm32f4xx_it.c ****   /* USER CODE END DMA1_Stream6_IRQn 0 */
 279:Core/Src/stm32f4xx_it.c ****   HAL_DMA_IRQHandler(&hdma_usart2_tx);
 360              		.loc 1 279 3 view .LVU42
 361 0002 0248     		ldr	r0, .L34
 362 0004 FFF7FEFF 		bl	HAL_DMA_IRQHandler
 363              	.LVL5:
 280:Core/Src/stm32f4xx_it.c ****   /* USER CODE BEGIN DMA1_Stream6_IRQn 1 */
 281:Core/Src/stm32f4xx_it.c **** 
 282:Core/Src/stm32f4xx_it.c ****   /* USER CODE END DMA1_Stream6_IRQn 1 */
 283:Core/Src/stm32f4xx_it.c **** }
 364              		.loc 1 283 1 is_stmt 0 view .LVU43
 365 0008 08BD     		pop	{r3, pc}
 366              	.L35:
ARM GAS  /var/folders/5c/srt4fy4j1pd641bjfx75k5000000gn/T//ccWoiFeg.s 			page 12


 367 000a 00BF     		.align	2
 368              	.L34:
 369 000c 00000000 		.word	hdma_usart2_tx
 370              		.cfi_endproc
 371              	.LFE147:
 373              		.section	.text.USART1_IRQHandler,"ax",%progbits
 374              		.align	1
 375              		.global	USART1_IRQHandler
 376              		.syntax unified
 377              		.thumb
 378              		.thumb_func
 380              	USART1_IRQHandler:
 381              	.LFB148:
 284:Core/Src/stm32f4xx_it.c **** 
 285:Core/Src/stm32f4xx_it.c **** /**
 286:Core/Src/stm32f4xx_it.c ****   * @brief This function handles USART1 global interrupt.
 287:Core/Src/stm32f4xx_it.c ****   */
 288:Core/Src/stm32f4xx_it.c **** void USART1_IRQHandler(void)
 289:Core/Src/stm32f4xx_it.c **** {
 382              		.loc 1 289 1 is_stmt 1 view -0
 383              		.cfi_startproc
 384              		@ args = 0, pretend = 0, frame = 0
 385              		@ frame_needed = 0, uses_anonymous_args = 0
 386 0000 08B5     		push	{r3, lr}
 387              	.LCFI6:
 388              		.cfi_def_cfa_offset 8
 389              		.cfi_offset 3, -8
 390              		.cfi_offset 14, -4
 290:Core/Src/stm32f4xx_it.c ****   /* USER CODE BEGIN USART1_IRQn 0 */
 291:Core/Src/stm32f4xx_it.c **** 
 292:Core/Src/stm32f4xx_it.c ****   /* USER CODE END USART1_IRQn 0 */
 293:Core/Src/stm32f4xx_it.c ****   HAL_UART_IRQHandler(&huart1);
 391              		.loc 1 293 3 view .LVU45
 392 0002 0248     		ldr	r0, .L38
 393 0004 FFF7FEFF 		bl	HAL_UART_IRQHandler
 394              	.LVL6:
 294:Core/Src/stm32f4xx_it.c ****   /* USER CODE BEGIN USART1_IRQn 1 */
 295:Core/Src/stm32f4xx_it.c **** 
 296:Core/Src/stm32f4xx_it.c ****   /* USER CODE END USART1_IRQn 1 */
 297:Core/Src/stm32f4xx_it.c **** }
 395              		.loc 1 297 1 is_stmt 0 view .LVU46
 396 0008 08BD     		pop	{r3, pc}
 397              	.L39:
 398 000a 00BF     		.align	2
 399              	.L38:
 400 000c 00000000 		.word	huart1
 401              		.cfi_endproc
 402              	.LFE148:
 404              		.section	.text.USART2_IRQHandler,"ax",%progbits
 405              		.align	1
 406              		.global	USART2_IRQHandler
 407              		.syntax unified
 408              		.thumb
 409              		.thumb_func
 411              	USART2_IRQHandler:
 412              	.LFB149:
 298:Core/Src/stm32f4xx_it.c **** 
ARM GAS  /var/folders/5c/srt4fy4j1pd641bjfx75k5000000gn/T//ccWoiFeg.s 			page 13


 299:Core/Src/stm32f4xx_it.c **** /**
 300:Core/Src/stm32f4xx_it.c ****   * @brief This function handles USART2 global interrupt.
 301:Core/Src/stm32f4xx_it.c ****   */
 302:Core/Src/stm32f4xx_it.c **** void USART2_IRQHandler(void)
 303:Core/Src/stm32f4xx_it.c **** {
 413              		.loc 1 303 1 is_stmt 1 view -0
 414              		.cfi_startproc
 415              		@ args = 0, pretend = 0, frame = 0
 416              		@ frame_needed = 0, uses_anonymous_args = 0
 417 0000 08B5     		push	{r3, lr}
 418              	.LCFI7:
 419              		.cfi_def_cfa_offset 8
 420              		.cfi_offset 3, -8
 421              		.cfi_offset 14, -4
 304:Core/Src/stm32f4xx_it.c ****   /* USER CODE BEGIN USART2_IRQn 0 */
 305:Core/Src/stm32f4xx_it.c **** 
 306:Core/Src/stm32f4xx_it.c ****   /* USER CODE END USART2_IRQn 0 */
 307:Core/Src/stm32f4xx_it.c ****   HAL_UART_IRQHandler(&huart2);
 422              		.loc 1 307 3 view .LVU48
 423 0002 0248     		ldr	r0, .L42
 424 0004 FFF7FEFF 		bl	HAL_UART_IRQHandler
 425              	.LVL7:
 308:Core/Src/stm32f4xx_it.c ****   /* USER CODE BEGIN USART2_IRQn 1 */
 309:Core/Src/stm32f4xx_it.c **** 
 310:Core/Src/stm32f4xx_it.c ****   /* USER CODE END USART2_IRQn 1 */
 311:Core/Src/stm32f4xx_it.c **** }
 426              		.loc 1 311 1 is_stmt 0 view .LVU49
 427 0008 08BD     		pop	{r3, pc}
 428              	.L43:
 429 000a 00BF     		.align	2
 430              	.L42:
 431 000c 00000000 		.word	huart2
 432              		.cfi_endproc
 433              	.LFE149:
 435              		.section	.text.USART3_IRQHandler,"ax",%progbits
 436              		.align	1
 437              		.global	USART3_IRQHandler
 438              		.syntax unified
 439              		.thumb
 440              		.thumb_func
 442              	USART3_IRQHandler:
 443              	.LFB150:
 312:Core/Src/stm32f4xx_it.c **** 
 313:Core/Src/stm32f4xx_it.c **** /**
 314:Core/Src/stm32f4xx_it.c ****   * @brief This function handles USART3 global interrupt.
 315:Core/Src/stm32f4xx_it.c ****   */
 316:Core/Src/stm32f4xx_it.c **** void USART3_IRQHandler(void)
 317:Core/Src/stm32f4xx_it.c **** {
 444              		.loc 1 317 1 is_stmt 1 view -0
 445              		.cfi_startproc
 446              		@ args = 0, pretend = 0, frame = 0
 447              		@ frame_needed = 0, uses_anonymous_args = 0
 448 0000 08B5     		push	{r3, lr}
 449              	.LCFI8:
 450              		.cfi_def_cfa_offset 8
 451              		.cfi_offset 3, -8
 452              		.cfi_offset 14, -4
ARM GAS  /var/folders/5c/srt4fy4j1pd641bjfx75k5000000gn/T//ccWoiFeg.s 			page 14


 318:Core/Src/stm32f4xx_it.c ****   /* USER CODE BEGIN USART3_IRQn 0 */
 319:Core/Src/stm32f4xx_it.c **** 
 320:Core/Src/stm32f4xx_it.c ****   /* USER CODE END USART3_IRQn 0 */
 321:Core/Src/stm32f4xx_it.c ****   HAL_UART_IRQHandler(&huart3);
 453              		.loc 1 321 3 view .LVU51
 454 0002 0248     		ldr	r0, .L46
 455 0004 FFF7FEFF 		bl	HAL_UART_IRQHandler
 456              	.LVL8:
 322:Core/Src/stm32f4xx_it.c ****   /* USER CODE BEGIN USART3_IRQn 1 */
 323:Core/Src/stm32f4xx_it.c **** 
 324:Core/Src/stm32f4xx_it.c ****   /* USER CODE END USART3_IRQn 1 */
 325:Core/Src/stm32f4xx_it.c **** }
 457              		.loc 1 325 1 is_stmt 0 view .LVU52
 458 0008 08BD     		pop	{r3, pc}
 459              	.L47:
 460 000a 00BF     		.align	2
 461              	.L46:
 462 000c 00000000 		.word	huart3
 463              		.cfi_endproc
 464              	.LFE150:
 466              		.section	.text.DMA1_Stream7_IRQHandler,"ax",%progbits
 467              		.align	1
 468              		.global	DMA1_Stream7_IRQHandler
 469              		.syntax unified
 470              		.thumb
 471              		.thumb_func
 473              	DMA1_Stream7_IRQHandler:
 474              	.LFB151:
 326:Core/Src/stm32f4xx_it.c **** 
 327:Core/Src/stm32f4xx_it.c **** /**
 328:Core/Src/stm32f4xx_it.c ****   * @brief This function handles DMA1 stream7 global interrupt.
 329:Core/Src/stm32f4xx_it.c ****   */
 330:Core/Src/stm32f4xx_it.c **** void DMA1_Stream7_IRQHandler(void)
 331:Core/Src/stm32f4xx_it.c **** {
 475              		.loc 1 331 1 is_stmt 1 view -0
 476              		.cfi_startproc
 477              		@ args = 0, pretend = 0, frame = 0
 478              		@ frame_needed = 0, uses_anonymous_args = 0
 479 0000 08B5     		push	{r3, lr}
 480              	.LCFI9:
 481              		.cfi_def_cfa_offset 8
 482              		.cfi_offset 3, -8
 483              		.cfi_offset 14, -4
 332:Core/Src/stm32f4xx_it.c ****   /* USER CODE BEGIN DMA1_Stream7_IRQn 0 */
 333:Core/Src/stm32f4xx_it.c **** 
 334:Core/Src/stm32f4xx_it.c ****   /* USER CODE END DMA1_Stream7_IRQn 0 */
 335:Core/Src/stm32f4xx_it.c ****   HAL_DMA_IRQHandler(&hdma_uart5_tx);
 484              		.loc 1 335 3 view .LVU54
 485 0002 0248     		ldr	r0, .L50
 486 0004 FFF7FEFF 		bl	HAL_DMA_IRQHandler
 487              	.LVL9:
 336:Core/Src/stm32f4xx_it.c ****   /* USER CODE BEGIN DMA1_Stream7_IRQn 1 */
 337:Core/Src/stm32f4xx_it.c **** 
 338:Core/Src/stm32f4xx_it.c ****   /* USER CODE END DMA1_Stream7_IRQn 1 */
 339:Core/Src/stm32f4xx_it.c **** }
 488              		.loc 1 339 1 is_stmt 0 view .LVU55
 489 0008 08BD     		pop	{r3, pc}
ARM GAS  /var/folders/5c/srt4fy4j1pd641bjfx75k5000000gn/T//ccWoiFeg.s 			page 15


 490              	.L51:
 491 000a 00BF     		.align	2
 492              	.L50:
 493 000c 00000000 		.word	hdma_uart5_tx
 494              		.cfi_endproc
 495              	.LFE151:
 497              		.section	.text.UART5_IRQHandler,"ax",%progbits
 498              		.align	1
 499              		.global	UART5_IRQHandler
 500              		.syntax unified
 501              		.thumb
 502              		.thumb_func
 504              	UART5_IRQHandler:
 505              	.LFB152:
 340:Core/Src/stm32f4xx_it.c **** 
 341:Core/Src/stm32f4xx_it.c **** /**
 342:Core/Src/stm32f4xx_it.c ****   * @brief This function handles UART5 global interrupt.
 343:Core/Src/stm32f4xx_it.c ****   */
 344:Core/Src/stm32f4xx_it.c **** void UART5_IRQHandler(void)
 345:Core/Src/stm32f4xx_it.c **** {
 506              		.loc 1 345 1 is_stmt 1 view -0
 507              		.cfi_startproc
 508              		@ args = 0, pretend = 0, frame = 0
 509              		@ frame_needed = 0, uses_anonymous_args = 0
 510 0000 08B5     		push	{r3, lr}
 511              	.LCFI10:
 512              		.cfi_def_cfa_offset 8
 513              		.cfi_offset 3, -8
 514              		.cfi_offset 14, -4
 346:Core/Src/stm32f4xx_it.c ****   /* USER CODE BEGIN UART5_IRQn 0 */
 347:Core/Src/stm32f4xx_it.c **** 
 348:Core/Src/stm32f4xx_it.c ****   /* USER CODE END UART5_IRQn 0 */
 349:Core/Src/stm32f4xx_it.c ****   HAL_UART_IRQHandler(&huart5);
 515              		.loc 1 349 3 view .LVU57
 516 0002 0248     		ldr	r0, .L54
 517 0004 FFF7FEFF 		bl	HAL_UART_IRQHandler
 518              	.LVL10:
 350:Core/Src/stm32f4xx_it.c ****   /* USER CODE BEGIN UART5_IRQn 1 */
 351:Core/Src/stm32f4xx_it.c **** 
 352:Core/Src/stm32f4xx_it.c ****   /* USER CODE END UART5_IRQn 1 */
 353:Core/Src/stm32f4xx_it.c **** }
 519              		.loc 1 353 1 is_stmt 0 view .LVU58
 520 0008 08BD     		pop	{r3, pc}
 521              	.L55:
 522 000a 00BF     		.align	2
 523              	.L54:
 524 000c 00000000 		.word	huart5
 525              		.cfi_endproc
 526              	.LFE152:
 528              		.section	.text.DMA2_Stream1_IRQHandler,"ax",%progbits
 529              		.align	1
 530              		.global	DMA2_Stream1_IRQHandler
 531              		.syntax unified
 532              		.thumb
 533              		.thumb_func
 535              	DMA2_Stream1_IRQHandler:
 536              	.LFB153:
ARM GAS  /var/folders/5c/srt4fy4j1pd641bjfx75k5000000gn/T//ccWoiFeg.s 			page 16


 354:Core/Src/stm32f4xx_it.c **** 
 355:Core/Src/stm32f4xx_it.c **** /**
 356:Core/Src/stm32f4xx_it.c ****   * @brief This function handles DMA2 stream1 global interrupt.
 357:Core/Src/stm32f4xx_it.c ****   */
 358:Core/Src/stm32f4xx_it.c **** void DMA2_Stream1_IRQHandler(void)
 359:Core/Src/stm32f4xx_it.c **** {
 537              		.loc 1 359 1 is_stmt 1 view -0
 538              		.cfi_startproc
 539              		@ args = 0, pretend = 0, frame = 0
 540              		@ frame_needed = 0, uses_anonymous_args = 0
 541 0000 08B5     		push	{r3, lr}
 542              	.LCFI11:
 543              		.cfi_def_cfa_offset 8
 544              		.cfi_offset 3, -8
 545              		.cfi_offset 14, -4
 360:Core/Src/stm32f4xx_it.c ****   /* USER CODE BEGIN DMA2_Stream1_IRQn 0 */
 361:Core/Src/stm32f4xx_it.c **** 
 362:Core/Src/stm32f4xx_it.c ****   /* USER CODE END DMA2_Stream1_IRQn 0 */
 363:Core/Src/stm32f4xx_it.c ****   HAL_DMA_IRQHandler(&hdma_usart6_rx);
 546              		.loc 1 363 3 view .LVU60
 547 0002 0248     		ldr	r0, .L58
 548 0004 FFF7FEFF 		bl	HAL_DMA_IRQHandler
 549              	.LVL11:
 364:Core/Src/stm32f4xx_it.c ****   /* USER CODE BEGIN DMA2_Stream1_IRQn 1 */
 365:Core/Src/stm32f4xx_it.c **** 
 366:Core/Src/stm32f4xx_it.c ****   /* USER CODE END DMA2_Stream1_IRQn 1 */
 367:Core/Src/stm32f4xx_it.c **** }
 550              		.loc 1 367 1 is_stmt 0 view .LVU61
 551 0008 08BD     		pop	{r3, pc}
 552              	.L59:
 553 000a 00BF     		.align	2
 554              	.L58:
 555 000c 00000000 		.word	hdma_usart6_rx
 556              		.cfi_endproc
 557              	.LFE153:
 559              		.section	.text.DMA2_Stream2_IRQHandler,"ax",%progbits
 560              		.align	1
 561              		.global	DMA2_Stream2_IRQHandler
 562              		.syntax unified
 563              		.thumb
 564              		.thumb_func
 566              	DMA2_Stream2_IRQHandler:
 567              	.LFB154:
 368:Core/Src/stm32f4xx_it.c **** 
 369:Core/Src/stm32f4xx_it.c **** /**
 370:Core/Src/stm32f4xx_it.c ****   * @brief This function handles DMA2 stream2 global interrupt.
 371:Core/Src/stm32f4xx_it.c ****   */
 372:Core/Src/stm32f4xx_it.c **** void DMA2_Stream2_IRQHandler(void)
 373:Core/Src/stm32f4xx_it.c **** {
 568              		.loc 1 373 1 is_stmt 1 view -0
 569              		.cfi_startproc
 570              		@ args = 0, pretend = 0, frame = 0
 571              		@ frame_needed = 0, uses_anonymous_args = 0
 572 0000 08B5     		push	{r3, lr}
 573              	.LCFI12:
 574              		.cfi_def_cfa_offset 8
 575              		.cfi_offset 3, -8
ARM GAS  /var/folders/5c/srt4fy4j1pd641bjfx75k5000000gn/T//ccWoiFeg.s 			page 17


 576              		.cfi_offset 14, -4
 374:Core/Src/stm32f4xx_it.c ****   /* USER CODE BEGIN DMA2_Stream2_IRQn 0 */
 375:Core/Src/stm32f4xx_it.c **** 
 376:Core/Src/stm32f4xx_it.c ****   /* USER CODE END DMA2_Stream2_IRQn 0 */
 377:Core/Src/stm32f4xx_it.c ****   HAL_DMA_IRQHandler(&hdma_usart1_rx);
 577              		.loc 1 377 3 view .LVU63
 578 0002 0248     		ldr	r0, .L62
 579 0004 FFF7FEFF 		bl	HAL_DMA_IRQHandler
 580              	.LVL12:
 378:Core/Src/stm32f4xx_it.c ****   /* USER CODE BEGIN DMA2_Stream2_IRQn 1 */
 379:Core/Src/stm32f4xx_it.c **** 
 380:Core/Src/stm32f4xx_it.c ****   /* USER CODE END DMA2_Stream2_IRQn 1 */
 381:Core/Src/stm32f4xx_it.c **** }
 581              		.loc 1 381 1 is_stmt 0 view .LVU64
 582 0008 08BD     		pop	{r3, pc}
 583              	.L63:
 584 000a 00BF     		.align	2
 585              	.L62:
 586 000c 00000000 		.word	hdma_usart1_rx
 587              		.cfi_endproc
 588              	.LFE154:
 590              		.section	.text.DMA2_Stream6_IRQHandler,"ax",%progbits
 591              		.align	1
 592              		.global	DMA2_Stream6_IRQHandler
 593              		.syntax unified
 594              		.thumb
 595              		.thumb_func
 597              	DMA2_Stream6_IRQHandler:
 598              	.LFB155:
 382:Core/Src/stm32f4xx_it.c **** 
 383:Core/Src/stm32f4xx_it.c **** /**
 384:Core/Src/stm32f4xx_it.c ****   * @brief This function handles DMA2 stream6 global interrupt.
 385:Core/Src/stm32f4xx_it.c ****   */
 386:Core/Src/stm32f4xx_it.c **** void DMA2_Stream6_IRQHandler(void)
 387:Core/Src/stm32f4xx_it.c **** {
 599              		.loc 1 387 1 is_stmt 1 view -0
 600              		.cfi_startproc
 601              		@ args = 0, pretend = 0, frame = 0
 602              		@ frame_needed = 0, uses_anonymous_args = 0
 603 0000 08B5     		push	{r3, lr}
 604              	.LCFI13:
 605              		.cfi_def_cfa_offset 8
 606              		.cfi_offset 3, -8
 607              		.cfi_offset 14, -4
 388:Core/Src/stm32f4xx_it.c ****   /* USER CODE BEGIN DMA2_Stream6_IRQn 0 */
 389:Core/Src/stm32f4xx_it.c **** 
 390:Core/Src/stm32f4xx_it.c ****   /* USER CODE END DMA2_Stream6_IRQn 0 */
 391:Core/Src/stm32f4xx_it.c ****   HAL_DMA_IRQHandler(&hdma_usart6_tx);
 608              		.loc 1 391 3 view .LVU66
 609 0002 0248     		ldr	r0, .L66
 610 0004 FFF7FEFF 		bl	HAL_DMA_IRQHandler
 611              	.LVL13:
 392:Core/Src/stm32f4xx_it.c ****   /* USER CODE BEGIN DMA2_Stream6_IRQn 1 */
 393:Core/Src/stm32f4xx_it.c **** 
 394:Core/Src/stm32f4xx_it.c ****   /* USER CODE END DMA2_Stream6_IRQn 1 */
 395:Core/Src/stm32f4xx_it.c **** }
 612              		.loc 1 395 1 is_stmt 0 view .LVU67
ARM GAS  /var/folders/5c/srt4fy4j1pd641bjfx75k5000000gn/T//ccWoiFeg.s 			page 18


 613 0008 08BD     		pop	{r3, pc}
 614              	.L67:
 615 000a 00BF     		.align	2
 616              	.L66:
 617 000c 00000000 		.word	hdma_usart6_tx
 618              		.cfi_endproc
 619              	.LFE155:
 621              		.section	.text.DMA2_Stream7_IRQHandler,"ax",%progbits
 622              		.align	1
 623              		.global	DMA2_Stream7_IRQHandler
 624              		.syntax unified
 625              		.thumb
 626              		.thumb_func
 628              	DMA2_Stream7_IRQHandler:
 629              	.LFB156:
 396:Core/Src/stm32f4xx_it.c **** 
 397:Core/Src/stm32f4xx_it.c **** /**
 398:Core/Src/stm32f4xx_it.c ****   * @brief This function handles DMA2 stream7 global interrupt.
 399:Core/Src/stm32f4xx_it.c ****   */
 400:Core/Src/stm32f4xx_it.c **** void DMA2_Stream7_IRQHandler(void)
 401:Core/Src/stm32f4xx_it.c **** {
 630              		.loc 1 401 1 is_stmt 1 view -0
 631              		.cfi_startproc
 632              		@ args = 0, pretend = 0, frame = 0
 633              		@ frame_needed = 0, uses_anonymous_args = 0
 634 0000 08B5     		push	{r3, lr}
 635              	.LCFI14:
 636              		.cfi_def_cfa_offset 8
 637              		.cfi_offset 3, -8
 638              		.cfi_offset 14, -4
 402:Core/Src/stm32f4xx_it.c ****   /* USER CODE BEGIN DMA2_Stream7_IRQn 0 */
 403:Core/Src/stm32f4xx_it.c **** 
 404:Core/Src/stm32f4xx_it.c ****   /* USER CODE END DMA2_Stream7_IRQn 0 */
 405:Core/Src/stm32f4xx_it.c ****   HAL_DMA_IRQHandler(&hdma_usart1_tx);
 639              		.loc 1 405 3 view .LVU69
 640 0002 0248     		ldr	r0, .L70
 641 0004 FFF7FEFF 		bl	HAL_DMA_IRQHandler
 642              	.LVL14:
 406:Core/Src/stm32f4xx_it.c ****   /* USER CODE BEGIN DMA2_Stream7_IRQn 1 */
 407:Core/Src/stm32f4xx_it.c **** 
 408:Core/Src/stm32f4xx_it.c ****   /* USER CODE END DMA2_Stream7_IRQn 1 */
 409:Core/Src/stm32f4xx_it.c **** }
 643              		.loc 1 409 1 is_stmt 0 view .LVU70
 644 0008 08BD     		pop	{r3, pc}
 645              	.L71:
 646 000a 00BF     		.align	2
 647              	.L70:
 648 000c 00000000 		.word	hdma_usart1_tx
 649              		.cfi_endproc
 650              	.LFE156:
 652              		.section	.text.USART6_IRQHandler,"ax",%progbits
 653              		.align	1
 654              		.global	USART6_IRQHandler
 655              		.syntax unified
 656              		.thumb
 657              		.thumb_func
 659              	USART6_IRQHandler:
ARM GAS  /var/folders/5c/srt4fy4j1pd641bjfx75k5000000gn/T//ccWoiFeg.s 			page 19


 660              	.LFB157:
 410:Core/Src/stm32f4xx_it.c **** 
 411:Core/Src/stm32f4xx_it.c **** /**
 412:Core/Src/stm32f4xx_it.c ****   * @brief This function handles USART6 global interrupt.
 413:Core/Src/stm32f4xx_it.c ****   */
 414:Core/Src/stm32f4xx_it.c **** void USART6_IRQHandler(void)
 415:Core/Src/stm32f4xx_it.c **** {
 661              		.loc 1 415 1 is_stmt 1 view -0
 662              		.cfi_startproc
 663              		@ args = 0, pretend = 0, frame = 0
 664              		@ frame_needed = 0, uses_anonymous_args = 0
 665 0000 08B5     		push	{r3, lr}
 666              	.LCFI15:
 667              		.cfi_def_cfa_offset 8
 668              		.cfi_offset 3, -8
 669              		.cfi_offset 14, -4
 416:Core/Src/stm32f4xx_it.c ****   /* USER CODE BEGIN USART6_IRQn 0 */
 417:Core/Src/stm32f4xx_it.c **** 
 418:Core/Src/stm32f4xx_it.c ****   /* USER CODE END USART6_IRQn 0 */
 419:Core/Src/stm32f4xx_it.c ****   HAL_UART_IRQHandler(&huart6);
 670              		.loc 1 419 3 view .LVU72
 671 0002 0248     		ldr	r0, .L74
 672 0004 FFF7FEFF 		bl	HAL_UART_IRQHandler
 673              	.LVL15:
 420:Core/Src/stm32f4xx_it.c ****   /* USER CODE BEGIN USART6_IRQn 1 */
 421:Core/Src/stm32f4xx_it.c **** 
 422:Core/Src/stm32f4xx_it.c ****   /* USER CODE END USART6_IRQn 1 */
 423:Core/Src/stm32f4xx_it.c **** }
 674              		.loc 1 423 1 is_stmt 0 view .LVU73
 675 0008 08BD     		pop	{r3, pc}
 676              	.L75:
 677 000a 00BF     		.align	2
 678              	.L74:
 679 000c 00000000 		.word	huart6
 680              		.cfi_endproc
 681              	.LFE157:
 683              		.text
 684              	.Letext0:
 685              		.file 2 "/opt/ST/STM32CubeCLT_1.16.0/GNU-tools-for-STM32/arm-none-eabi/include/machine/_default_ty
 686              		.file 3 "/opt/ST/STM32CubeCLT_1.16.0/GNU-tools-for-STM32/arm-none-eabi/include/sys/_stdint.h"
 687              		.file 4 "Drivers/CMSIS/Device/ST/STM32F4xx/Include/stm32f446xx.h"
 688              		.file 5 "Drivers/STM32F4xx_HAL_Driver/Inc/stm32f4xx_hal_def.h"
 689              		.file 6 "Drivers/STM32F4xx_HAL_Driver/Inc/stm32f4xx_hal_dma.h"
 690              		.file 7 "Drivers/STM32F4xx_HAL_Driver/Inc/stm32f4xx_hal_uart.h"
 691              		.file 8 "Drivers/STM32F4xx_HAL_Driver/Inc/stm32f4xx_hal.h"
ARM GAS  /var/folders/5c/srt4fy4j1pd641bjfx75k5000000gn/T//ccWoiFeg.s 			page 20


DEFINED SYMBOLS
                            *ABS*:00000000 stm32f4xx_it.c
/var/folders/5c/srt4fy4j1pd641bjfx75k5000000gn/T//ccWoiFeg.s:21     .text.NMI_Handler:00000000 $t
/var/folders/5c/srt4fy4j1pd641bjfx75k5000000gn/T//ccWoiFeg.s:27     .text.NMI_Handler:00000000 NMI_Handler
/var/folders/5c/srt4fy4j1pd641bjfx75k5000000gn/T//ccWoiFeg.s:44     .text.HardFault_Handler:00000000 $t
/var/folders/5c/srt4fy4j1pd641bjfx75k5000000gn/T//ccWoiFeg.s:50     .text.HardFault_Handler:00000000 HardFault_Handler
/var/folders/5c/srt4fy4j1pd641bjfx75k5000000gn/T//ccWoiFeg.s:67     .text.MemManage_Handler:00000000 $t
/var/folders/5c/srt4fy4j1pd641bjfx75k5000000gn/T//ccWoiFeg.s:73     .text.MemManage_Handler:00000000 MemManage_Handler
/var/folders/5c/srt4fy4j1pd641bjfx75k5000000gn/T//ccWoiFeg.s:90     .text.BusFault_Handler:00000000 $t
/var/folders/5c/srt4fy4j1pd641bjfx75k5000000gn/T//ccWoiFeg.s:96     .text.BusFault_Handler:00000000 BusFault_Handler
/var/folders/5c/srt4fy4j1pd641bjfx75k5000000gn/T//ccWoiFeg.s:113    .text.UsageFault_Handler:00000000 $t
/var/folders/5c/srt4fy4j1pd641bjfx75k5000000gn/T//ccWoiFeg.s:119    .text.UsageFault_Handler:00000000 UsageFault_Handler
/var/folders/5c/srt4fy4j1pd641bjfx75k5000000gn/T//ccWoiFeg.s:136    .text.SVC_Handler:00000000 $t
/var/folders/5c/srt4fy4j1pd641bjfx75k5000000gn/T//ccWoiFeg.s:142    .text.SVC_Handler:00000000 SVC_Handler
/var/folders/5c/srt4fy4j1pd641bjfx75k5000000gn/T//ccWoiFeg.s:155    .text.DebugMon_Handler:00000000 $t
/var/folders/5c/srt4fy4j1pd641bjfx75k5000000gn/T//ccWoiFeg.s:161    .text.DebugMon_Handler:00000000 DebugMon_Handler
/var/folders/5c/srt4fy4j1pd641bjfx75k5000000gn/T//ccWoiFeg.s:174    .text.PendSV_Handler:00000000 $t
/var/folders/5c/srt4fy4j1pd641bjfx75k5000000gn/T//ccWoiFeg.s:180    .text.PendSV_Handler:00000000 PendSV_Handler
/var/folders/5c/srt4fy4j1pd641bjfx75k5000000gn/T//ccWoiFeg.s:193    .text.SysTick_Handler:00000000 $t
/var/folders/5c/srt4fy4j1pd641bjfx75k5000000gn/T//ccWoiFeg.s:199    .text.SysTick_Handler:00000000 SysTick_Handler
/var/folders/5c/srt4fy4j1pd641bjfx75k5000000gn/T//ccWoiFeg.s:219    .text.DMA1_Stream0_IRQHandler:00000000 $t
/var/folders/5c/srt4fy4j1pd641bjfx75k5000000gn/T//ccWoiFeg.s:225    .text.DMA1_Stream0_IRQHandler:00000000 DMA1_Stream0_IRQHandler
/var/folders/5c/srt4fy4j1pd641bjfx75k5000000gn/T//ccWoiFeg.s:245    .text.DMA1_Stream0_IRQHandler:0000000c $d
/var/folders/5c/srt4fy4j1pd641bjfx75k5000000gn/T//ccWoiFeg.s:250    .text.DMA1_Stream1_IRQHandler:00000000 $t
/var/folders/5c/srt4fy4j1pd641bjfx75k5000000gn/T//ccWoiFeg.s:256    .text.DMA1_Stream1_IRQHandler:00000000 DMA1_Stream1_IRQHandler
/var/folders/5c/srt4fy4j1pd641bjfx75k5000000gn/T//ccWoiFeg.s:276    .text.DMA1_Stream1_IRQHandler:0000000c $d
/var/folders/5c/srt4fy4j1pd641bjfx75k5000000gn/T//ccWoiFeg.s:281    .text.DMA1_Stream3_IRQHandler:00000000 $t
/var/folders/5c/srt4fy4j1pd641bjfx75k5000000gn/T//ccWoiFeg.s:287    .text.DMA1_Stream3_IRQHandler:00000000 DMA1_Stream3_IRQHandler
/var/folders/5c/srt4fy4j1pd641bjfx75k5000000gn/T//ccWoiFeg.s:307    .text.DMA1_Stream3_IRQHandler:0000000c $d
/var/folders/5c/srt4fy4j1pd641bjfx75k5000000gn/T//ccWoiFeg.s:312    .text.DMA1_Stream5_IRQHandler:00000000 $t
/var/folders/5c/srt4fy4j1pd641bjfx75k5000000gn/T//ccWoiFeg.s:318    .text.DMA1_Stream5_IRQHandler:00000000 DMA1_Stream5_IRQHandler
/var/folders/5c/srt4fy4j1pd641bjfx75k5000000gn/T//ccWoiFeg.s:338    .text.DMA1_Stream5_IRQHandler:0000000c $d
/var/folders/5c/srt4fy4j1pd641bjfx75k5000000gn/T//ccWoiFeg.s:343    .text.DMA1_Stream6_IRQHandler:00000000 $t
/var/folders/5c/srt4fy4j1pd641bjfx75k5000000gn/T//ccWoiFeg.s:349    .text.DMA1_Stream6_IRQHandler:00000000 DMA1_Stream6_IRQHandler
/var/folders/5c/srt4fy4j1pd641bjfx75k5000000gn/T//ccWoiFeg.s:369    .text.DMA1_Stream6_IRQHandler:0000000c $d
/var/folders/5c/srt4fy4j1pd641bjfx75k5000000gn/T//ccWoiFeg.s:374    .text.USART1_IRQHandler:00000000 $t
/var/folders/5c/srt4fy4j1pd641bjfx75k5000000gn/T//ccWoiFeg.s:380    .text.USART1_IRQHandler:00000000 USART1_IRQHandler
/var/folders/5c/srt4fy4j1pd641bjfx75k5000000gn/T//ccWoiFeg.s:400    .text.USART1_IRQHandler:0000000c $d
/var/folders/5c/srt4fy4j1pd641bjfx75k5000000gn/T//ccWoiFeg.s:405    .text.USART2_IRQHandler:00000000 $t
/var/folders/5c/srt4fy4j1pd641bjfx75k5000000gn/T//ccWoiFeg.s:411    .text.USART2_IRQHandler:00000000 USART2_IRQHandler
/var/folders/5c/srt4fy4j1pd641bjfx75k5000000gn/T//ccWoiFeg.s:431    .text.USART2_IRQHandler:0000000c $d
/var/folders/5c/srt4fy4j1pd641bjfx75k5000000gn/T//ccWoiFeg.s:436    .text.USART3_IRQHandler:00000000 $t
/var/folders/5c/srt4fy4j1pd641bjfx75k5000000gn/T//ccWoiFeg.s:442    .text.USART3_IRQHandler:00000000 USART3_IRQHandler
/var/folders/5c/srt4fy4j1pd641bjfx75k5000000gn/T//ccWoiFeg.s:462    .text.USART3_IRQHandler:0000000c $d
/var/folders/5c/srt4fy4j1pd641bjfx75k5000000gn/T//ccWoiFeg.s:467    .text.DMA1_Stream7_IRQHandler:00000000 $t
/var/folders/5c/srt4fy4j1pd641bjfx75k5000000gn/T//ccWoiFeg.s:473    .text.DMA1_Stream7_IRQHandler:00000000 DMA1_Stream7_IRQHandler
/var/folders/5c/srt4fy4j1pd641bjfx75k5000000gn/T//ccWoiFeg.s:493    .text.DMA1_Stream7_IRQHandler:0000000c $d
/var/folders/5c/srt4fy4j1pd641bjfx75k5000000gn/T//ccWoiFeg.s:498    .text.UART5_IRQHandler:00000000 $t
/var/folders/5c/srt4fy4j1pd641bjfx75k5000000gn/T//ccWoiFeg.s:504    .text.UART5_IRQHandler:00000000 UART5_IRQHandler
/var/folders/5c/srt4fy4j1pd641bjfx75k5000000gn/T//ccWoiFeg.s:524    .text.UART5_IRQHandler:0000000c $d
/var/folders/5c/srt4fy4j1pd641bjfx75k5000000gn/T//ccWoiFeg.s:529    .text.DMA2_Stream1_IRQHandler:00000000 $t
/var/folders/5c/srt4fy4j1pd641bjfx75k5000000gn/T//ccWoiFeg.s:535    .text.DMA2_Stream1_IRQHandler:00000000 DMA2_Stream1_IRQHandler
/var/folders/5c/srt4fy4j1pd641bjfx75k5000000gn/T//ccWoiFeg.s:555    .text.DMA2_Stream1_IRQHandler:0000000c $d
/var/folders/5c/srt4fy4j1pd641bjfx75k5000000gn/T//ccWoiFeg.s:560    .text.DMA2_Stream2_IRQHandler:00000000 $t
/var/folders/5c/srt4fy4j1pd641bjfx75k5000000gn/T//ccWoiFeg.s:566    .text.DMA2_Stream2_IRQHandler:00000000 DMA2_Stream2_IRQHandler
/var/folders/5c/srt4fy4j1pd641bjfx75k5000000gn/T//ccWoiFeg.s:586    .text.DMA2_Stream2_IRQHandler:0000000c $d
/var/folders/5c/srt4fy4j1pd641bjfx75k5000000gn/T//ccWoiFeg.s:591    .text.DMA2_Stream6_IRQHandler:00000000 $t
ARM GAS  /var/folders/5c/srt4fy4j1pd641bjfx75k5000000gn/T//ccWoiFeg.s 			page 21


/var/folders/5c/srt4fy4j1pd641bjfx75k5000000gn/T//ccWoiFeg.s:597    .text.DMA2_Stream6_IRQHandler:00000000 DMA2_Stream6_IRQHandler
/var/folders/5c/srt4fy4j1pd641bjfx75k5000000gn/T//ccWoiFeg.s:617    .text.DMA2_Stream6_IRQHandler:0000000c $d
/var/folders/5c/srt4fy4j1pd641bjfx75k5000000gn/T//ccWoiFeg.s:622    .text.DMA2_Stream7_IRQHandler:00000000 $t
/var/folders/5c/srt4fy4j1pd641bjfx75k5000000gn/T//ccWoiFeg.s:628    .text.DMA2_Stream7_IRQHandler:00000000 DMA2_Stream7_IRQHandler
/var/folders/5c/srt4fy4j1pd641bjfx75k5000000gn/T//ccWoiFeg.s:648    .text.DMA2_Stream7_IRQHandler:0000000c $d
/var/folders/5c/srt4fy4j1pd641bjfx75k5000000gn/T//ccWoiFeg.s:653    .text.USART6_IRQHandler:00000000 $t
/var/folders/5c/srt4fy4j1pd641bjfx75k5000000gn/T//ccWoiFeg.s:659    .text.USART6_IRQHandler:00000000 USART6_IRQHandler
/var/folders/5c/srt4fy4j1pd641bjfx75k5000000gn/T//ccWoiFeg.s:679    .text.USART6_IRQHandler:0000000c $d

UNDEFINED SYMBOLS
HAL_IncTick
HAL_DMA_IRQHandler
hdma_uart5_rx
hdma_usart3_rx
hdma_usart3_tx
hdma_usart2_rx
hdma_usart2_tx
HAL_UART_IRQHandler
huart1
huart2
huart3
hdma_uart5_tx
huart5
hdma_usart6_rx
hdma_usart1_rx
hdma_usart6_tx
hdma_usart1_tx
huart6
