ARM GAS  /var/folders/5c/srt4fy4j1pd641bjfx75k5000000gn/T//ccbFZnh4.s 			page 1


   1              		.cpu cortex-m4
   2              		.arch armv7e-m
   3              		.fpu fpv4-sp-d16
   4              		.eabi_attribute 27, 1
   5              		.eabi_attribute 28, 1
   6              		.eabi_attribute 20, 1
   7              		.eabi_attribute 21, 1
   8              		.eabi_attribute 23, 3
   9              		.eabi_attribute 24, 1
  10              		.eabi_attribute 25, 1
  11              		.eabi_attribute 26, 1
  12              		.eabi_attribute 30, 1
  13              		.eabi_attribute 34, 1
  14              		.eabi_attribute 18, 4
  15              		.file	"stm32f4xx_it.c"
  16              		.text
  17              	.Ltext0:
  18              		.cfi_sections	.debug_frame
  19              		.file 1 "Core/Src/stm32f4xx_it.c"
  20              		.section	.text.NMI_Handler,"ax",%progbits
  21              		.align	1
  22              		.global	NMI_Handler
  23              		.syntax unified
  24              		.thumb
  25              		.thumb_func
  27              	NMI_Handler:
  28              	.LFB239:
   1:Core/Src/stm32f4xx_it.c **** /* USER CODE BEGIN Header */
   2:Core/Src/stm32f4xx_it.c **** /**
   3:Core/Src/stm32f4xx_it.c ****   ******************************************************************************
   4:Core/Src/stm32f4xx_it.c ****   * @file    stm32f4xx_it.c
   5:Core/Src/stm32f4xx_it.c ****   * @brief   Interrupt Service Routines.
   6:Core/Src/stm32f4xx_it.c ****   ******************************************************************************
   7:Core/Src/stm32f4xx_it.c ****   * @attention
   8:Core/Src/stm32f4xx_it.c ****   *
   9:Core/Src/stm32f4xx_it.c ****   * Copyright (c) 2025 STMicroelectronics.
  10:Core/Src/stm32f4xx_it.c ****   * All rights reserved.
  11:Core/Src/stm32f4xx_it.c ****   *
  12:Core/Src/stm32f4xx_it.c ****   * This software is licensed under terms that can be found in the LICENSE file
  13:Core/Src/stm32f4xx_it.c ****   * in the root directory of this software component.
  14:Core/Src/stm32f4xx_it.c ****   * If no LICENSE file comes with this software, it is provided AS-IS.
  15:Core/Src/stm32f4xx_it.c ****   *
  16:Core/Src/stm32f4xx_it.c ****   ******************************************************************************
  17:Core/Src/stm32f4xx_it.c ****   */
  18:Core/Src/stm32f4xx_it.c **** /* USER CODE END Header */
  19:Core/Src/stm32f4xx_it.c **** 
  20:Core/Src/stm32f4xx_it.c **** /* Includes ------------------------------------------------------------------*/
  21:Core/Src/stm32f4xx_it.c **** #include "main.h"
  22:Core/Src/stm32f4xx_it.c **** #include "stm32f4xx_it.h"
  23:Core/Src/stm32f4xx_it.c **** /* Private includes ----------------------------------------------------------*/
  24:Core/Src/stm32f4xx_it.c **** /* USER CODE BEGIN Includes */
  25:Core/Src/stm32f4xx_it.c **** /* USER CODE END Includes */
  26:Core/Src/stm32f4xx_it.c **** 
  27:Core/Src/stm32f4xx_it.c **** /* Private typedef -----------------------------------------------------------*/
  28:Core/Src/stm32f4xx_it.c **** /* USER CODE BEGIN TD */
  29:Core/Src/stm32f4xx_it.c **** 
  30:Core/Src/stm32f4xx_it.c **** /* USER CODE END TD */
ARM GAS  /var/folders/5c/srt4fy4j1pd641bjfx75k5000000gn/T//ccbFZnh4.s 			page 2


  31:Core/Src/stm32f4xx_it.c **** 
  32:Core/Src/stm32f4xx_it.c **** /* Private define ------------------------------------------------------------*/
  33:Core/Src/stm32f4xx_it.c **** /* USER CODE BEGIN PD */
  34:Core/Src/stm32f4xx_it.c **** 
  35:Core/Src/stm32f4xx_it.c **** /* USER CODE END PD */
  36:Core/Src/stm32f4xx_it.c **** 
  37:Core/Src/stm32f4xx_it.c **** /* Private macro -------------------------------------------------------------*/
  38:Core/Src/stm32f4xx_it.c **** /* USER CODE BEGIN PM */
  39:Core/Src/stm32f4xx_it.c **** 
  40:Core/Src/stm32f4xx_it.c **** /* USER CODE END PM */
  41:Core/Src/stm32f4xx_it.c **** 
  42:Core/Src/stm32f4xx_it.c **** /* Private variables ---------------------------------------------------------*/
  43:Core/Src/stm32f4xx_it.c **** /* USER CODE BEGIN PV */
  44:Core/Src/stm32f4xx_it.c **** 
  45:Core/Src/stm32f4xx_it.c **** /* USER CODE END PV */
  46:Core/Src/stm32f4xx_it.c **** 
  47:Core/Src/stm32f4xx_it.c **** /* Private function prototypes -----------------------------------------------*/
  48:Core/Src/stm32f4xx_it.c **** /* USER CODE BEGIN PFP */
  49:Core/Src/stm32f4xx_it.c **** 
  50:Core/Src/stm32f4xx_it.c **** /* USER CODE END PFP */
  51:Core/Src/stm32f4xx_it.c **** 
  52:Core/Src/stm32f4xx_it.c **** /* Private user code ---------------------------------------------------------*/
  53:Core/Src/stm32f4xx_it.c **** /* USER CODE BEGIN 0 */
  54:Core/Src/stm32f4xx_it.c **** 
  55:Core/Src/stm32f4xx_it.c **** /* USER CODE END 0 */
  56:Core/Src/stm32f4xx_it.c **** 
  57:Core/Src/stm32f4xx_it.c **** /* External variables --------------------------------------------------------*/
  58:Core/Src/stm32f4xx_it.c **** extern DMA_HandleTypeDef hdma_adc1;
  59:Core/Src/stm32f4xx_it.c **** extern TIM_HandleTypeDef htim10;
  60:Core/Src/stm32f4xx_it.c **** extern DMA_HandleTypeDef hdma_uart4_rx;
  61:Core/Src/stm32f4xx_it.c **** extern DMA_HandleTypeDef hdma_uart4_tx;
  62:Core/Src/stm32f4xx_it.c **** extern DMA_HandleTypeDef hdma_uart5_rx;
  63:Core/Src/stm32f4xx_it.c **** extern DMA_HandleTypeDef hdma_uart5_tx;
  64:Core/Src/stm32f4xx_it.c **** extern DMA_HandleTypeDef hdma_usart1_rx;
  65:Core/Src/stm32f4xx_it.c **** extern DMA_HandleTypeDef hdma_usart1_tx;
  66:Core/Src/stm32f4xx_it.c **** extern DMA_HandleTypeDef hdma_usart2_rx;
  67:Core/Src/stm32f4xx_it.c **** extern DMA_HandleTypeDef hdma_usart2_tx;
  68:Core/Src/stm32f4xx_it.c **** extern DMA_HandleTypeDef hdma_usart3_rx;
  69:Core/Src/stm32f4xx_it.c **** extern DMA_HandleTypeDef hdma_usart3_tx;
  70:Core/Src/stm32f4xx_it.c **** extern UART_HandleTypeDef huart4;
  71:Core/Src/stm32f4xx_it.c **** extern UART_HandleTypeDef huart5;
  72:Core/Src/stm32f4xx_it.c **** extern UART_HandleTypeDef huart1;
  73:Core/Src/stm32f4xx_it.c **** extern UART_HandleTypeDef huart2;
  74:Core/Src/stm32f4xx_it.c **** extern UART_HandleTypeDef huart3;
  75:Core/Src/stm32f4xx_it.c **** /* USER CODE BEGIN EV */
  76:Core/Src/stm32f4xx_it.c **** 
  77:Core/Src/stm32f4xx_it.c **** /* USER CODE END EV */
  78:Core/Src/stm32f4xx_it.c **** 
  79:Core/Src/stm32f4xx_it.c **** /******************************************************************************/
  80:Core/Src/stm32f4xx_it.c **** /*           Cortex-M4 Processor Interruption and Exception Handlers          */
  81:Core/Src/stm32f4xx_it.c **** /******************************************************************************/
  82:Core/Src/stm32f4xx_it.c **** /**
  83:Core/Src/stm32f4xx_it.c ****   * @brief This function handles Non maskable interrupt.
  84:Core/Src/stm32f4xx_it.c ****   */
  85:Core/Src/stm32f4xx_it.c **** void NMI_Handler(void)
  86:Core/Src/stm32f4xx_it.c **** {
  29              		.loc 1 86 1 view -0
ARM GAS  /var/folders/5c/srt4fy4j1pd641bjfx75k5000000gn/T//ccbFZnh4.s 			page 3


  30              		.cfi_startproc
  31              		@ Volatile: function does not return.
  32              		@ args = 0, pretend = 0, frame = 0
  33              		@ frame_needed = 0, uses_anonymous_args = 0
  34              		@ link register save eliminated.
  35              	.L2:
  87:Core/Src/stm32f4xx_it.c ****   /* USER CODE BEGIN NonMaskableInt_IRQn 0 */
  88:Core/Src/stm32f4xx_it.c **** 
  89:Core/Src/stm32f4xx_it.c ****   /* USER CODE END NonMaskableInt_IRQn 0 */
  90:Core/Src/stm32f4xx_it.c ****   /* USER CODE BEGIN NonMaskableInt_IRQn 1 */
  91:Core/Src/stm32f4xx_it.c ****    while (1)
  36              		.loc 1 91 4 discriminator 1 view .LVU1
  92:Core/Src/stm32f4xx_it.c ****   {
  93:Core/Src/stm32f4xx_it.c ****   }
  37              		.loc 1 93 3 discriminator 1 view .LVU2
  91:Core/Src/stm32f4xx_it.c ****   {
  38              		.loc 1 91 10 discriminator 1 view .LVU3
  39 0000 FEE7     		b	.L2
  40              		.cfi_endproc
  41              	.LFE239:
  43              		.section	.text.HardFault_Handler,"ax",%progbits
  44              		.align	1
  45              		.global	HardFault_Handler
  46              		.syntax unified
  47              		.thumb
  48              		.thumb_func
  50              	HardFault_Handler:
  51              	.LFB240:
  94:Core/Src/stm32f4xx_it.c ****   /* USER CODE END NonMaskableInt_IRQn 1 */
  95:Core/Src/stm32f4xx_it.c **** }
  96:Core/Src/stm32f4xx_it.c **** 
  97:Core/Src/stm32f4xx_it.c **** /**
  98:Core/Src/stm32f4xx_it.c ****   * @brief This function handles Hard fault interrupt.
  99:Core/Src/stm32f4xx_it.c ****   */
 100:Core/Src/stm32f4xx_it.c **** void HardFault_Handler(void)
 101:Core/Src/stm32f4xx_it.c **** {
  52              		.loc 1 101 1 view -0
  53              		.cfi_startproc
  54              		@ Volatile: function does not return.
  55              		@ args = 0, pretend = 0, frame = 0
  56              		@ frame_needed = 0, uses_anonymous_args = 0
  57              		@ link register save eliminated.
  58              	.L4:
 102:Core/Src/stm32f4xx_it.c ****   /* USER CODE BEGIN HardFault_IRQn 0 */
 103:Core/Src/stm32f4xx_it.c **** 
 104:Core/Src/stm32f4xx_it.c ****   /* USER CODE END HardFault_IRQn 0 */
 105:Core/Src/stm32f4xx_it.c ****   while (1)
  59              		.loc 1 105 3 discriminator 1 view .LVU5
 106:Core/Src/stm32f4xx_it.c ****   {
 107:Core/Src/stm32f4xx_it.c ****     /* USER CODE BEGIN W1_HardFault_IRQn 0 */
 108:Core/Src/stm32f4xx_it.c ****     /* USER CODE END W1_HardFault_IRQn 0 */
 109:Core/Src/stm32f4xx_it.c ****   }
  60              		.loc 1 109 3 discriminator 1 view .LVU6
 105:Core/Src/stm32f4xx_it.c ****   {
  61              		.loc 1 105 9 discriminator 1 view .LVU7
  62 0000 FEE7     		b	.L4
  63              		.cfi_endproc
ARM GAS  /var/folders/5c/srt4fy4j1pd641bjfx75k5000000gn/T//ccbFZnh4.s 			page 4


  64              	.LFE240:
  66              		.section	.text.MemManage_Handler,"ax",%progbits
  67              		.align	1
  68              		.global	MemManage_Handler
  69              		.syntax unified
  70              		.thumb
  71              		.thumb_func
  73              	MemManage_Handler:
  74              	.LFB241:
 110:Core/Src/stm32f4xx_it.c **** }
 111:Core/Src/stm32f4xx_it.c **** 
 112:Core/Src/stm32f4xx_it.c **** /**
 113:Core/Src/stm32f4xx_it.c ****   * @brief This function handles Memory management fault.
 114:Core/Src/stm32f4xx_it.c ****   */
 115:Core/Src/stm32f4xx_it.c **** void MemManage_Handler(void)
 116:Core/Src/stm32f4xx_it.c **** {
  75              		.loc 1 116 1 view -0
  76              		.cfi_startproc
  77              		@ Volatile: function does not return.
  78              		@ args = 0, pretend = 0, frame = 0
  79              		@ frame_needed = 0, uses_anonymous_args = 0
  80              		@ link register save eliminated.
  81              	.L6:
 117:Core/Src/stm32f4xx_it.c ****   /* USER CODE BEGIN MemoryManagement_IRQn 0 */
 118:Core/Src/stm32f4xx_it.c **** 
 119:Core/Src/stm32f4xx_it.c ****   /* USER CODE END MemoryManagement_IRQn 0 */
 120:Core/Src/stm32f4xx_it.c ****   while (1)
  82              		.loc 1 120 3 discriminator 1 view .LVU9
 121:Core/Src/stm32f4xx_it.c ****   {
 122:Core/Src/stm32f4xx_it.c ****     /* USER CODE BEGIN W1_MemoryManagement_IRQn 0 */
 123:Core/Src/stm32f4xx_it.c ****     /* USER CODE END W1_MemoryManagement_IRQn 0 */
 124:Core/Src/stm32f4xx_it.c ****   }
  83              		.loc 1 124 3 discriminator 1 view .LVU10
 120:Core/Src/stm32f4xx_it.c ****   {
  84              		.loc 1 120 9 discriminator 1 view .LVU11
  85 0000 FEE7     		b	.L6
  86              		.cfi_endproc
  87              	.LFE241:
  89              		.section	.text.BusFault_Handler,"ax",%progbits
  90              		.align	1
  91              		.global	BusFault_Handler
  92              		.syntax unified
  93              		.thumb
  94              		.thumb_func
  96              	BusFault_Handler:
  97              	.LFB242:
 125:Core/Src/stm32f4xx_it.c **** }
 126:Core/Src/stm32f4xx_it.c **** 
 127:Core/Src/stm32f4xx_it.c **** /**
 128:Core/Src/stm32f4xx_it.c ****   * @brief This function handles Pre-fetch fault, memory access fault.
 129:Core/Src/stm32f4xx_it.c ****   */
 130:Core/Src/stm32f4xx_it.c **** void BusFault_Handler(void)
 131:Core/Src/stm32f4xx_it.c **** {
  98              		.loc 1 131 1 view -0
  99              		.cfi_startproc
 100              		@ Volatile: function does not return.
 101              		@ args = 0, pretend = 0, frame = 0
ARM GAS  /var/folders/5c/srt4fy4j1pd641bjfx75k5000000gn/T//ccbFZnh4.s 			page 5


 102              		@ frame_needed = 0, uses_anonymous_args = 0
 103              		@ link register save eliminated.
 104              	.L8:
 132:Core/Src/stm32f4xx_it.c ****   /* USER CODE BEGIN BusFault_IRQn 0 */
 133:Core/Src/stm32f4xx_it.c **** 
 134:Core/Src/stm32f4xx_it.c ****   /* USER CODE END BusFault_IRQn 0 */
 135:Core/Src/stm32f4xx_it.c ****   while (1)
 105              		.loc 1 135 3 discriminator 1 view .LVU13
 136:Core/Src/stm32f4xx_it.c ****   {
 137:Core/Src/stm32f4xx_it.c ****     /* USER CODE BEGIN W1_BusFault_IRQn 0 */
 138:Core/Src/stm32f4xx_it.c ****     /* USER CODE END W1_BusFault_IRQn 0 */
 139:Core/Src/stm32f4xx_it.c ****   }
 106              		.loc 1 139 3 discriminator 1 view .LVU14
 135:Core/Src/stm32f4xx_it.c ****   {
 107              		.loc 1 135 9 discriminator 1 view .LVU15
 108 0000 FEE7     		b	.L8
 109              		.cfi_endproc
 110              	.LFE242:
 112              		.section	.text.UsageFault_Handler,"ax",%progbits
 113              		.align	1
 114              		.global	UsageFault_Handler
 115              		.syntax unified
 116              		.thumb
 117              		.thumb_func
 119              	UsageFault_Handler:
 120              	.LFB243:
 140:Core/Src/stm32f4xx_it.c **** }
 141:Core/Src/stm32f4xx_it.c **** 
 142:Core/Src/stm32f4xx_it.c **** /**
 143:Core/Src/stm32f4xx_it.c ****   * @brief This function handles Undefined instruction or illegal state.
 144:Core/Src/stm32f4xx_it.c ****   */
 145:Core/Src/stm32f4xx_it.c **** void UsageFault_Handler(void)
 146:Core/Src/stm32f4xx_it.c **** {
 121              		.loc 1 146 1 view -0
 122              		.cfi_startproc
 123              		@ Volatile: function does not return.
 124              		@ args = 0, pretend = 0, frame = 0
 125              		@ frame_needed = 0, uses_anonymous_args = 0
 126              		@ link register save eliminated.
 127              	.L10:
 147:Core/Src/stm32f4xx_it.c ****   /* USER CODE BEGIN UsageFault_IRQn 0 */
 148:Core/Src/stm32f4xx_it.c **** 
 149:Core/Src/stm32f4xx_it.c ****   /* USER CODE END UsageFault_IRQn 0 */
 150:Core/Src/stm32f4xx_it.c ****   while (1)
 128              		.loc 1 150 3 discriminator 1 view .LVU17
 151:Core/Src/stm32f4xx_it.c ****   {
 152:Core/Src/stm32f4xx_it.c ****     /* USER CODE BEGIN W1_UsageFault_IRQn 0 */
 153:Core/Src/stm32f4xx_it.c ****     /* USER CODE END W1_UsageFault_IRQn 0 */
 154:Core/Src/stm32f4xx_it.c ****   }
 129              		.loc 1 154 3 discriminator 1 view .LVU18
 150:Core/Src/stm32f4xx_it.c ****   {
 130              		.loc 1 150 9 discriminator 1 view .LVU19
 131 0000 FEE7     		b	.L10
 132              		.cfi_endproc
 133              	.LFE243:
 135              		.section	.text.SVC_Handler,"ax",%progbits
 136              		.align	1
ARM GAS  /var/folders/5c/srt4fy4j1pd641bjfx75k5000000gn/T//ccbFZnh4.s 			page 6


 137              		.global	SVC_Handler
 138              		.syntax unified
 139              		.thumb
 140              		.thumb_func
 142              	SVC_Handler:
 143              	.LFB244:
 155:Core/Src/stm32f4xx_it.c **** }
 156:Core/Src/stm32f4xx_it.c **** 
 157:Core/Src/stm32f4xx_it.c **** /**
 158:Core/Src/stm32f4xx_it.c ****   * @brief This function handles System service call via SWI instruction.
 159:Core/Src/stm32f4xx_it.c ****   */
 160:Core/Src/stm32f4xx_it.c **** void SVC_Handler(void)
 161:Core/Src/stm32f4xx_it.c **** {
 144              		.loc 1 161 1 view -0
 145              		.cfi_startproc
 146              		@ args = 0, pretend = 0, frame = 0
 147              		@ frame_needed = 0, uses_anonymous_args = 0
 148              		@ link register save eliminated.
 162:Core/Src/stm32f4xx_it.c ****   /* USER CODE BEGIN SVCall_IRQn 0 */
 163:Core/Src/stm32f4xx_it.c **** 
 164:Core/Src/stm32f4xx_it.c ****   /* USER CODE END SVCall_IRQn 0 */
 165:Core/Src/stm32f4xx_it.c ****   /* USER CODE BEGIN SVCall_IRQn 1 */
 166:Core/Src/stm32f4xx_it.c **** 
 167:Core/Src/stm32f4xx_it.c ****   /* USER CODE END SVCall_IRQn 1 */
 168:Core/Src/stm32f4xx_it.c **** }
 149              		.loc 1 168 1 view .LVU21
 150 0000 7047     		bx	lr
 151              		.cfi_endproc
 152              	.LFE244:
 154              		.section	.text.DebugMon_Handler,"ax",%progbits
 155              		.align	1
 156              		.global	DebugMon_Handler
 157              		.syntax unified
 158              		.thumb
 159              		.thumb_func
 161              	DebugMon_Handler:
 162              	.LFB245:
 169:Core/Src/stm32f4xx_it.c **** 
 170:Core/Src/stm32f4xx_it.c **** /**
 171:Core/Src/stm32f4xx_it.c ****   * @brief This function handles Debug monitor.
 172:Core/Src/stm32f4xx_it.c ****   */
 173:Core/Src/stm32f4xx_it.c **** void DebugMon_Handler(void)
 174:Core/Src/stm32f4xx_it.c **** {
 163              		.loc 1 174 1 view -0
 164              		.cfi_startproc
 165              		@ args = 0, pretend = 0, frame = 0
 166              		@ frame_needed = 0, uses_anonymous_args = 0
 167              		@ link register save eliminated.
 175:Core/Src/stm32f4xx_it.c ****   /* USER CODE BEGIN DebugMonitor_IRQn 0 */
 176:Core/Src/stm32f4xx_it.c **** 
 177:Core/Src/stm32f4xx_it.c ****   /* USER CODE END DebugMonitor_IRQn 0 */
 178:Core/Src/stm32f4xx_it.c ****   /* USER CODE BEGIN DebugMonitor_IRQn 1 */
 179:Core/Src/stm32f4xx_it.c **** 
 180:Core/Src/stm32f4xx_it.c ****   /* USER CODE END DebugMonitor_IRQn 1 */
 181:Core/Src/stm32f4xx_it.c **** }
 168              		.loc 1 181 1 view .LVU23
 169 0000 7047     		bx	lr
ARM GAS  /var/folders/5c/srt4fy4j1pd641bjfx75k5000000gn/T//ccbFZnh4.s 			page 7


 170              		.cfi_endproc
 171              	.LFE245:
 173              		.section	.text.PendSV_Handler,"ax",%progbits
 174              		.align	1
 175              		.global	PendSV_Handler
 176              		.syntax unified
 177              		.thumb
 178              		.thumb_func
 180              	PendSV_Handler:
 181              	.LFB246:
 182:Core/Src/stm32f4xx_it.c **** 
 183:Core/Src/stm32f4xx_it.c **** /**
 184:Core/Src/stm32f4xx_it.c ****   * @brief This function handles Pendable request for system service.
 185:Core/Src/stm32f4xx_it.c ****   */
 186:Core/Src/stm32f4xx_it.c **** void PendSV_Handler(void)
 187:Core/Src/stm32f4xx_it.c **** {
 182              		.loc 1 187 1 view -0
 183              		.cfi_startproc
 184              		@ args = 0, pretend = 0, frame = 0
 185              		@ frame_needed = 0, uses_anonymous_args = 0
 186              		@ link register save eliminated.
 188:Core/Src/stm32f4xx_it.c ****   /* USER CODE BEGIN PendSV_IRQn 0 */
 189:Core/Src/stm32f4xx_it.c **** 
 190:Core/Src/stm32f4xx_it.c ****   /* USER CODE END PendSV_IRQn 0 */
 191:Core/Src/stm32f4xx_it.c ****   /* USER CODE BEGIN PendSV_IRQn 1 */
 192:Core/Src/stm32f4xx_it.c **** 
 193:Core/Src/stm32f4xx_it.c ****   /* USER CODE END PendSV_IRQn 1 */
 194:Core/Src/stm32f4xx_it.c **** }
 187              		.loc 1 194 1 view .LVU25
 188 0000 7047     		bx	lr
 189              		.cfi_endproc
 190              	.LFE246:
 192              		.section	.text.SysTick_Handler,"ax",%progbits
 193              		.align	1
 194              		.global	SysTick_Handler
 195              		.syntax unified
 196              		.thumb
 197              		.thumb_func
 199              	SysTick_Handler:
 200              	.LFB247:
 195:Core/Src/stm32f4xx_it.c **** 
 196:Core/Src/stm32f4xx_it.c **** /**
 197:Core/Src/stm32f4xx_it.c ****   * @brief This function handles System tick timer.
 198:Core/Src/stm32f4xx_it.c ****   */
 199:Core/Src/stm32f4xx_it.c **** void SysTick_Handler(void)
 200:Core/Src/stm32f4xx_it.c **** {
 201              		.loc 1 200 1 view -0
 202              		.cfi_startproc
 203              		@ args = 0, pretend = 0, frame = 0
 204              		@ frame_needed = 0, uses_anonymous_args = 0
 205 0000 08B5     		push	{r3, lr}
 206              	.LCFI0:
 207              		.cfi_def_cfa_offset 8
 208              		.cfi_offset 3, -8
 209              		.cfi_offset 14, -4
 201:Core/Src/stm32f4xx_it.c ****   /* USER CODE BEGIN SysTick_IRQn 0 */
 202:Core/Src/stm32f4xx_it.c **** 
ARM GAS  /var/folders/5c/srt4fy4j1pd641bjfx75k5000000gn/T//ccbFZnh4.s 			page 8


 203:Core/Src/stm32f4xx_it.c ****   /* USER CODE END SysTick_IRQn 0 */
 204:Core/Src/stm32f4xx_it.c ****   HAL_IncTick();
 210              		.loc 1 204 3 view .LVU27
 211 0002 FFF7FEFF 		bl	HAL_IncTick
 212              	.LVL0:
 205:Core/Src/stm32f4xx_it.c ****   /* USER CODE BEGIN SysTick_IRQn 1 */
 206:Core/Src/stm32f4xx_it.c **** 
 207:Core/Src/stm32f4xx_it.c ****   /* USER CODE END SysTick_IRQn 1 */
 208:Core/Src/stm32f4xx_it.c **** }
 213              		.loc 1 208 1 is_stmt 0 view .LVU28
 214 0006 08BD     		pop	{r3, pc}
 215              		.cfi_endproc
 216              	.LFE247:
 218              		.section	.text.DMA1_Stream0_IRQHandler,"ax",%progbits
 219              		.align	1
 220              		.global	DMA1_Stream0_IRQHandler
 221              		.syntax unified
 222              		.thumb
 223              		.thumb_func
 225              	DMA1_Stream0_IRQHandler:
 226              	.LFB248:
 209:Core/Src/stm32f4xx_it.c **** 
 210:Core/Src/stm32f4xx_it.c **** /******************************************************************************/
 211:Core/Src/stm32f4xx_it.c **** /* STM32F4xx Peripheral Interrupt Handlers                                    */
 212:Core/Src/stm32f4xx_it.c **** /* Add here the Interrupt Handlers for the used peripherals.                  */
 213:Core/Src/stm32f4xx_it.c **** /* For the available peripheral interrupt handler names,                      */
 214:Core/Src/stm32f4xx_it.c **** /* please refer to the startup file (startup_stm32f4xx.s).                    */
 215:Core/Src/stm32f4xx_it.c **** /******************************************************************************/
 216:Core/Src/stm32f4xx_it.c **** 
 217:Core/Src/stm32f4xx_it.c **** /**
 218:Core/Src/stm32f4xx_it.c ****   * @brief This function handles DMA1 stream0 global interrupt.
 219:Core/Src/stm32f4xx_it.c ****   */
 220:Core/Src/stm32f4xx_it.c **** void DMA1_Stream0_IRQHandler(void)
 221:Core/Src/stm32f4xx_it.c **** {
 227              		.loc 1 221 1 is_stmt 1 view -0
 228              		.cfi_startproc
 229              		@ args = 0, pretend = 0, frame = 0
 230              		@ frame_needed = 0, uses_anonymous_args = 0
 231 0000 08B5     		push	{r3, lr}
 232              	.LCFI1:
 233              		.cfi_def_cfa_offset 8
 234              		.cfi_offset 3, -8
 235              		.cfi_offset 14, -4
 222:Core/Src/stm32f4xx_it.c ****   /* USER CODE BEGIN DMA1_Stream0_IRQn 0 */
 223:Core/Src/stm32f4xx_it.c **** 
 224:Core/Src/stm32f4xx_it.c ****   /* USER CODE END DMA1_Stream0_IRQn 0 */
 225:Core/Src/stm32f4xx_it.c ****   HAL_DMA_IRQHandler(&hdma_uart5_rx);
 236              		.loc 1 225 3 view .LVU30
 237 0002 0248     		ldr	r0, .L18
 238 0004 FFF7FEFF 		bl	HAL_DMA_IRQHandler
 239              	.LVL1:
 226:Core/Src/stm32f4xx_it.c ****   /* USER CODE BEGIN DMA1_Stream0_IRQn 1 */
 227:Core/Src/stm32f4xx_it.c **** 
 228:Core/Src/stm32f4xx_it.c ****   /* USER CODE END DMA1_Stream0_IRQn 1 */
 229:Core/Src/stm32f4xx_it.c **** }
 240              		.loc 1 229 1 is_stmt 0 view .LVU31
 241 0008 08BD     		pop	{r3, pc}
ARM GAS  /var/folders/5c/srt4fy4j1pd641bjfx75k5000000gn/T//ccbFZnh4.s 			page 9


 242              	.L19:
 243 000a 00BF     		.align	2
 244              	.L18:
 245 000c 00000000 		.word	hdma_uart5_rx
 246              		.cfi_endproc
 247              	.LFE248:
 249              		.section	.text.DMA1_Stream1_IRQHandler,"ax",%progbits
 250              		.align	1
 251              		.global	DMA1_Stream1_IRQHandler
 252              		.syntax unified
 253              		.thumb
 254              		.thumb_func
 256              	DMA1_Stream1_IRQHandler:
 257              	.LFB249:
 230:Core/Src/stm32f4xx_it.c **** 
 231:Core/Src/stm32f4xx_it.c **** /**
 232:Core/Src/stm32f4xx_it.c ****   * @brief This function handles DMA1 stream1 global interrupt.
 233:Core/Src/stm32f4xx_it.c ****   */
 234:Core/Src/stm32f4xx_it.c **** void DMA1_Stream1_IRQHandler(void)
 235:Core/Src/stm32f4xx_it.c **** {
 258              		.loc 1 235 1 is_stmt 1 view -0
 259              		.cfi_startproc
 260              		@ args = 0, pretend = 0, frame = 0
 261              		@ frame_needed = 0, uses_anonymous_args = 0
 262 0000 08B5     		push	{r3, lr}
 263              	.LCFI2:
 264              		.cfi_def_cfa_offset 8
 265              		.cfi_offset 3, -8
 266              		.cfi_offset 14, -4
 236:Core/Src/stm32f4xx_it.c ****   /* USER CODE BEGIN DMA1_Stream1_IRQn 0 */
 237:Core/Src/stm32f4xx_it.c **** 
 238:Core/Src/stm32f4xx_it.c ****   /* USER CODE END DMA1_Stream1_IRQn 0 */
 239:Core/Src/stm32f4xx_it.c ****   HAL_DMA_IRQHandler(&hdma_usart3_rx);
 267              		.loc 1 239 3 view .LVU33
 268 0002 0248     		ldr	r0, .L22
 269 0004 FFF7FEFF 		bl	HAL_DMA_IRQHandler
 270              	.LVL2:
 240:Core/Src/stm32f4xx_it.c ****   /* USER CODE BEGIN DMA1_Stream1_IRQn 1 */
 241:Core/Src/stm32f4xx_it.c **** 
 242:Core/Src/stm32f4xx_it.c ****   /* USER CODE END DMA1_Stream1_IRQn 1 */
 243:Core/Src/stm32f4xx_it.c **** }
 271              		.loc 1 243 1 is_stmt 0 view .LVU34
 272 0008 08BD     		pop	{r3, pc}
 273              	.L23:
 274 000a 00BF     		.align	2
 275              	.L22:
 276 000c 00000000 		.word	hdma_usart3_rx
 277              		.cfi_endproc
 278              	.LFE249:
 280              		.section	.text.DMA1_Stream2_IRQHandler,"ax",%progbits
 281              		.align	1
 282              		.global	DMA1_Stream2_IRQHandler
 283              		.syntax unified
 284              		.thumb
 285              		.thumb_func
 287              	DMA1_Stream2_IRQHandler:
 288              	.LFB250:
ARM GAS  /var/folders/5c/srt4fy4j1pd641bjfx75k5000000gn/T//ccbFZnh4.s 			page 10


 244:Core/Src/stm32f4xx_it.c **** 
 245:Core/Src/stm32f4xx_it.c **** /**
 246:Core/Src/stm32f4xx_it.c ****   * @brief This function handles DMA1 stream2 global interrupt.
 247:Core/Src/stm32f4xx_it.c ****   */
 248:Core/Src/stm32f4xx_it.c **** void DMA1_Stream2_IRQHandler(void)
 249:Core/Src/stm32f4xx_it.c **** {
 289              		.loc 1 249 1 is_stmt 1 view -0
 290              		.cfi_startproc
 291              		@ args = 0, pretend = 0, frame = 0
 292              		@ frame_needed = 0, uses_anonymous_args = 0
 293 0000 08B5     		push	{r3, lr}
 294              	.LCFI3:
 295              		.cfi_def_cfa_offset 8
 296              		.cfi_offset 3, -8
 297              		.cfi_offset 14, -4
 250:Core/Src/stm32f4xx_it.c ****   /* USER CODE BEGIN DMA1_Stream2_IRQn 0 */
 251:Core/Src/stm32f4xx_it.c **** 
 252:Core/Src/stm32f4xx_it.c ****   /* USER CODE END DMA1_Stream2_IRQn 0 */
 253:Core/Src/stm32f4xx_it.c ****   HAL_DMA_IRQHandler(&hdma_uart4_rx);
 298              		.loc 1 253 3 view .LVU36
 299 0002 0248     		ldr	r0, .L26
 300 0004 FFF7FEFF 		bl	HAL_DMA_IRQHandler
 301              	.LVL3:
 254:Core/Src/stm32f4xx_it.c ****   /* USER CODE BEGIN DMA1_Stream2_IRQn 1 */
 255:Core/Src/stm32f4xx_it.c **** 
 256:Core/Src/stm32f4xx_it.c ****   /* USER CODE END DMA1_Stream2_IRQn 1 */
 257:Core/Src/stm32f4xx_it.c **** }
 302              		.loc 1 257 1 is_stmt 0 view .LVU37
 303 0008 08BD     		pop	{r3, pc}
 304              	.L27:
 305 000a 00BF     		.align	2
 306              	.L26:
 307 000c 00000000 		.word	hdma_uart4_rx
 308              		.cfi_endproc
 309              	.LFE250:
 311              		.section	.text.DMA1_Stream3_IRQHandler,"ax",%progbits
 312              		.align	1
 313              		.global	DMA1_Stream3_IRQHandler
 314              		.syntax unified
 315              		.thumb
 316              		.thumb_func
 318              	DMA1_Stream3_IRQHandler:
 319              	.LFB251:
 258:Core/Src/stm32f4xx_it.c **** 
 259:Core/Src/stm32f4xx_it.c **** /**
 260:Core/Src/stm32f4xx_it.c ****   * @brief This function handles DMA1 stream3 global interrupt.
 261:Core/Src/stm32f4xx_it.c ****   */
 262:Core/Src/stm32f4xx_it.c **** void DMA1_Stream3_IRQHandler(void)
 263:Core/Src/stm32f4xx_it.c **** {
 320              		.loc 1 263 1 is_stmt 1 view -0
 321              		.cfi_startproc
 322              		@ args = 0, pretend = 0, frame = 0
 323              		@ frame_needed = 0, uses_anonymous_args = 0
 324 0000 08B5     		push	{r3, lr}
 325              	.LCFI4:
 326              		.cfi_def_cfa_offset 8
 327              		.cfi_offset 3, -8
ARM GAS  /var/folders/5c/srt4fy4j1pd641bjfx75k5000000gn/T//ccbFZnh4.s 			page 11


 328              		.cfi_offset 14, -4
 264:Core/Src/stm32f4xx_it.c ****   /* USER CODE BEGIN DMA1_Stream3_IRQn 0 */
 265:Core/Src/stm32f4xx_it.c **** 
 266:Core/Src/stm32f4xx_it.c ****   /* USER CODE END DMA1_Stream3_IRQn 0 */
 267:Core/Src/stm32f4xx_it.c ****   HAL_DMA_IRQHandler(&hdma_usart3_tx);
 329              		.loc 1 267 3 view .LVU39
 330 0002 0248     		ldr	r0, .L30
 331 0004 FFF7FEFF 		bl	HAL_DMA_IRQHandler
 332              	.LVL4:
 268:Core/Src/stm32f4xx_it.c ****   /* USER CODE BEGIN DMA1_Stream3_IRQn 1 */
 269:Core/Src/stm32f4xx_it.c **** 
 270:Core/Src/stm32f4xx_it.c ****   /* USER CODE END DMA1_Stream3_IRQn 1 */
 271:Core/Src/stm32f4xx_it.c **** }
 333              		.loc 1 271 1 is_stmt 0 view .LVU40
 334 0008 08BD     		pop	{r3, pc}
 335              	.L31:
 336 000a 00BF     		.align	2
 337              	.L30:
 338 000c 00000000 		.word	hdma_usart3_tx
 339              		.cfi_endproc
 340              	.LFE251:
 342              		.section	.text.DMA1_Stream4_IRQHandler,"ax",%progbits
 343              		.align	1
 344              		.global	DMA1_Stream4_IRQHandler
 345              		.syntax unified
 346              		.thumb
 347              		.thumb_func
 349              	DMA1_Stream4_IRQHandler:
 350              	.LFB252:
 272:Core/Src/stm32f4xx_it.c **** 
 273:Core/Src/stm32f4xx_it.c **** /**
 274:Core/Src/stm32f4xx_it.c ****   * @brief This function handles DMA1 stream4 global interrupt.
 275:Core/Src/stm32f4xx_it.c ****   */
 276:Core/Src/stm32f4xx_it.c **** void DMA1_Stream4_IRQHandler(void)
 277:Core/Src/stm32f4xx_it.c **** {
 351              		.loc 1 277 1 is_stmt 1 view -0
 352              		.cfi_startproc
 353              		@ args = 0, pretend = 0, frame = 0
 354              		@ frame_needed = 0, uses_anonymous_args = 0
 355 0000 08B5     		push	{r3, lr}
 356              	.LCFI5:
 357              		.cfi_def_cfa_offset 8
 358              		.cfi_offset 3, -8
 359              		.cfi_offset 14, -4
 278:Core/Src/stm32f4xx_it.c ****   /* USER CODE BEGIN DMA1_Stream4_IRQn 0 */
 279:Core/Src/stm32f4xx_it.c **** 
 280:Core/Src/stm32f4xx_it.c ****   /* USER CODE END DMA1_Stream4_IRQn 0 */
 281:Core/Src/stm32f4xx_it.c ****   HAL_DMA_IRQHandler(&hdma_uart4_tx);
 360              		.loc 1 281 3 view .LVU42
 361 0002 0248     		ldr	r0, .L34
 362 0004 FFF7FEFF 		bl	HAL_DMA_IRQHandler
 363              	.LVL5:
 282:Core/Src/stm32f4xx_it.c ****   /* USER CODE BEGIN DMA1_Stream4_IRQn 1 */
 283:Core/Src/stm32f4xx_it.c **** 
 284:Core/Src/stm32f4xx_it.c ****   /* USER CODE END DMA1_Stream4_IRQn 1 */
 285:Core/Src/stm32f4xx_it.c **** }
 364              		.loc 1 285 1 is_stmt 0 view .LVU43
ARM GAS  /var/folders/5c/srt4fy4j1pd641bjfx75k5000000gn/T//ccbFZnh4.s 			page 12


 365 0008 08BD     		pop	{r3, pc}
 366              	.L35:
 367 000a 00BF     		.align	2
 368              	.L34:
 369 000c 00000000 		.word	hdma_uart4_tx
 370              		.cfi_endproc
 371              	.LFE252:
 373              		.section	.text.DMA1_Stream5_IRQHandler,"ax",%progbits
 374              		.align	1
 375              		.global	DMA1_Stream5_IRQHandler
 376              		.syntax unified
 377              		.thumb
 378              		.thumb_func
 380              	DMA1_Stream5_IRQHandler:
 381              	.LFB253:
 286:Core/Src/stm32f4xx_it.c **** 
 287:Core/Src/stm32f4xx_it.c **** /**
 288:Core/Src/stm32f4xx_it.c ****   * @brief This function handles DMA1 stream5 global interrupt.
 289:Core/Src/stm32f4xx_it.c ****   */
 290:Core/Src/stm32f4xx_it.c **** void DMA1_Stream5_IRQHandler(void)
 291:Core/Src/stm32f4xx_it.c **** {
 382              		.loc 1 291 1 is_stmt 1 view -0
 383              		.cfi_startproc
 384              		@ args = 0, pretend = 0, frame = 0
 385              		@ frame_needed = 0, uses_anonymous_args = 0
 386 0000 08B5     		push	{r3, lr}
 387              	.LCFI6:
 388              		.cfi_def_cfa_offset 8
 389              		.cfi_offset 3, -8
 390              		.cfi_offset 14, -4
 292:Core/Src/stm32f4xx_it.c ****   /* USER CODE BEGIN DMA1_Stream5_IRQn 0 */
 293:Core/Src/stm32f4xx_it.c **** 
 294:Core/Src/stm32f4xx_it.c ****   /* USER CODE END DMA1_Stream5_IRQn 0 */
 295:Core/Src/stm32f4xx_it.c ****   HAL_DMA_IRQHandler(&hdma_usart2_rx);
 391              		.loc 1 295 3 view .LVU45
 392 0002 0248     		ldr	r0, .L38
 393 0004 FFF7FEFF 		bl	HAL_DMA_IRQHandler
 394              	.LVL6:
 296:Core/Src/stm32f4xx_it.c ****   /* USER CODE BEGIN DMA1_Stream5_IRQn 1 */
 297:Core/Src/stm32f4xx_it.c **** 
 298:Core/Src/stm32f4xx_it.c ****   /* USER CODE END DMA1_Stream5_IRQn 1 */
 299:Core/Src/stm32f4xx_it.c **** }
 395              		.loc 1 299 1 is_stmt 0 view .LVU46
 396 0008 08BD     		pop	{r3, pc}
 397              	.L39:
 398 000a 00BF     		.align	2
 399              	.L38:
 400 000c 00000000 		.word	hdma_usart2_rx
 401              		.cfi_endproc
 402              	.LFE253:
 404              		.section	.text.DMA1_Stream6_IRQHandler,"ax",%progbits
 405              		.align	1
 406              		.global	DMA1_Stream6_IRQHandler
 407              		.syntax unified
 408              		.thumb
 409              		.thumb_func
 411              	DMA1_Stream6_IRQHandler:
ARM GAS  /var/folders/5c/srt4fy4j1pd641bjfx75k5000000gn/T//ccbFZnh4.s 			page 13


 412              	.LFB254:
 300:Core/Src/stm32f4xx_it.c **** 
 301:Core/Src/stm32f4xx_it.c **** /**
 302:Core/Src/stm32f4xx_it.c ****   * @brief This function handles DMA1 stream6 global interrupt.
 303:Core/Src/stm32f4xx_it.c ****   */
 304:Core/Src/stm32f4xx_it.c **** void DMA1_Stream6_IRQHandler(void)
 305:Core/Src/stm32f4xx_it.c **** {
 413              		.loc 1 305 1 is_stmt 1 view -0
 414              		.cfi_startproc
 415              		@ args = 0, pretend = 0, frame = 0
 416              		@ frame_needed = 0, uses_anonymous_args = 0
 417 0000 08B5     		push	{r3, lr}
 418              	.LCFI7:
 419              		.cfi_def_cfa_offset 8
 420              		.cfi_offset 3, -8
 421              		.cfi_offset 14, -4
 306:Core/Src/stm32f4xx_it.c ****   /* USER CODE BEGIN DMA1_Stream6_IRQn 0 */
 307:Core/Src/stm32f4xx_it.c **** 
 308:Core/Src/stm32f4xx_it.c ****   /* USER CODE END DMA1_Stream6_IRQn 0 */
 309:Core/Src/stm32f4xx_it.c ****   HAL_DMA_IRQHandler(&hdma_usart2_tx);
 422              		.loc 1 309 3 view .LVU48
 423 0002 0248     		ldr	r0, .L42
 424 0004 FFF7FEFF 		bl	HAL_DMA_IRQHandler
 425              	.LVL7:
 310:Core/Src/stm32f4xx_it.c ****   /* USER CODE BEGIN DMA1_Stream6_IRQn 1 */
 311:Core/Src/stm32f4xx_it.c **** 
 312:Core/Src/stm32f4xx_it.c ****   /* USER CODE END DMA1_Stream6_IRQn 1 */
 313:Core/Src/stm32f4xx_it.c **** }
 426              		.loc 1 313 1 is_stmt 0 view .LVU49
 427 0008 08BD     		pop	{r3, pc}
 428              	.L43:
 429 000a 00BF     		.align	2
 430              	.L42:
 431 000c 00000000 		.word	hdma_usart2_tx
 432              		.cfi_endproc
 433              	.LFE254:
 435              		.section	.text.TIM1_UP_TIM10_IRQHandler,"ax",%progbits
 436              		.align	1
 437              		.global	TIM1_UP_TIM10_IRQHandler
 438              		.syntax unified
 439              		.thumb
 440              		.thumb_func
 442              	TIM1_UP_TIM10_IRQHandler:
 443              	.LFB255:
 314:Core/Src/stm32f4xx_it.c **** 
 315:Core/Src/stm32f4xx_it.c **** /**
 316:Core/Src/stm32f4xx_it.c ****   * @brief This function handles TIM1 update interrupt and TIM10 global interrupt.
 317:Core/Src/stm32f4xx_it.c ****   */
 318:Core/Src/stm32f4xx_it.c **** void TIM1_UP_TIM10_IRQHandler(void)
 319:Core/Src/stm32f4xx_it.c **** {
 444              		.loc 1 319 1 is_stmt 1 view -0
 445              		.cfi_startproc
 446              		@ args = 0, pretend = 0, frame = 0
 447              		@ frame_needed = 0, uses_anonymous_args = 0
 448 0000 08B5     		push	{r3, lr}
 449              	.LCFI8:
 450              		.cfi_def_cfa_offset 8
ARM GAS  /var/folders/5c/srt4fy4j1pd641bjfx75k5000000gn/T//ccbFZnh4.s 			page 14


 451              		.cfi_offset 3, -8
 452              		.cfi_offset 14, -4
 320:Core/Src/stm32f4xx_it.c ****   /* USER CODE BEGIN TIM1_UP_TIM10_IRQn 0 */
 321:Core/Src/stm32f4xx_it.c **** 
 322:Core/Src/stm32f4xx_it.c ****   /* USER CODE END TIM1_UP_TIM10_IRQn 0 */
 323:Core/Src/stm32f4xx_it.c ****   HAL_TIM_IRQHandler(&htim10);
 453              		.loc 1 323 3 view .LVU51
 454 0002 0248     		ldr	r0, .L46
 455 0004 FFF7FEFF 		bl	HAL_TIM_IRQHandler
 456              	.LVL8:
 324:Core/Src/stm32f4xx_it.c ****   /* USER CODE BEGIN TIM1_UP_TIM10_IRQn 1 */
 325:Core/Src/stm32f4xx_it.c **** 
 326:Core/Src/stm32f4xx_it.c ****   /* USER CODE END TIM1_UP_TIM10_IRQn 1 */
 327:Core/Src/stm32f4xx_it.c **** }
 457              		.loc 1 327 1 is_stmt 0 view .LVU52
 458 0008 08BD     		pop	{r3, pc}
 459              	.L47:
 460 000a 00BF     		.align	2
 461              	.L46:
 462 000c 00000000 		.word	htim10
 463              		.cfi_endproc
 464              	.LFE255:
 466              		.section	.text.USART1_IRQHandler,"ax",%progbits
 467              		.align	1
 468              		.global	USART1_IRQHandler
 469              		.syntax unified
 470              		.thumb
 471              		.thumb_func
 473              	USART1_IRQHandler:
 474              	.LFB256:
 328:Core/Src/stm32f4xx_it.c **** 
 329:Core/Src/stm32f4xx_it.c **** /**
 330:Core/Src/stm32f4xx_it.c ****   * @brief This function handles USART1 global interrupt.
 331:Core/Src/stm32f4xx_it.c ****   */
 332:Core/Src/stm32f4xx_it.c **** void USART1_IRQHandler(void)
 333:Core/Src/stm32f4xx_it.c **** {
 475              		.loc 1 333 1 is_stmt 1 view -0
 476              		.cfi_startproc
 477              		@ args = 0, pretend = 0, frame = 0
 478              		@ frame_needed = 0, uses_anonymous_args = 0
 479 0000 08B5     		push	{r3, lr}
 480              	.LCFI9:
 481              		.cfi_def_cfa_offset 8
 482              		.cfi_offset 3, -8
 483              		.cfi_offset 14, -4
 334:Core/Src/stm32f4xx_it.c ****   /* USER CODE BEGIN USART1_IRQn 0 */
 335:Core/Src/stm32f4xx_it.c **** 
 336:Core/Src/stm32f4xx_it.c ****   /* USER CODE END USART1_IRQn 0 */
 337:Core/Src/stm32f4xx_it.c ****   HAL_UART_IRQHandler(&huart1);
 484              		.loc 1 337 3 view .LVU54
 485 0002 0248     		ldr	r0, .L50
 486 0004 FFF7FEFF 		bl	HAL_UART_IRQHandler
 487              	.LVL9:
 338:Core/Src/stm32f4xx_it.c ****   /* USER CODE BEGIN USART1_IRQn 1 */
 339:Core/Src/stm32f4xx_it.c **** 
 340:Core/Src/stm32f4xx_it.c ****   /* USER CODE END USART1_IRQn 1 */
 341:Core/Src/stm32f4xx_it.c **** }
ARM GAS  /var/folders/5c/srt4fy4j1pd641bjfx75k5000000gn/T//ccbFZnh4.s 			page 15


 488              		.loc 1 341 1 is_stmt 0 view .LVU55
 489 0008 08BD     		pop	{r3, pc}
 490              	.L51:
 491 000a 00BF     		.align	2
 492              	.L50:
 493 000c 00000000 		.word	huart1
 494              		.cfi_endproc
 495              	.LFE256:
 497              		.section	.text.USART2_IRQHandler,"ax",%progbits
 498              		.align	1
 499              		.global	USART2_IRQHandler
 500              		.syntax unified
 501              		.thumb
 502              		.thumb_func
 504              	USART2_IRQHandler:
 505              	.LFB257:
 342:Core/Src/stm32f4xx_it.c **** 
 343:Core/Src/stm32f4xx_it.c **** /**
 344:Core/Src/stm32f4xx_it.c ****   * @brief This function handles USART2 global interrupt.
 345:Core/Src/stm32f4xx_it.c ****   */
 346:Core/Src/stm32f4xx_it.c **** void USART2_IRQHandler(void)
 347:Core/Src/stm32f4xx_it.c **** {
 506              		.loc 1 347 1 is_stmt 1 view -0
 507              		.cfi_startproc
 508              		@ args = 0, pretend = 0, frame = 0
 509              		@ frame_needed = 0, uses_anonymous_args = 0
 510 0000 08B5     		push	{r3, lr}
 511              	.LCFI10:
 512              		.cfi_def_cfa_offset 8
 513              		.cfi_offset 3, -8
 514              		.cfi_offset 14, -4
 348:Core/Src/stm32f4xx_it.c ****   /* USER CODE BEGIN USART2_IRQn 0 */
 349:Core/Src/stm32f4xx_it.c **** 
 350:Core/Src/stm32f4xx_it.c ****   /* USER CODE END USART2_IRQn 0 */
 351:Core/Src/stm32f4xx_it.c ****   HAL_UART_IRQHandler(&huart2);
 515              		.loc 1 351 3 view .LVU57
 516 0002 0248     		ldr	r0, .L54
 517 0004 FFF7FEFF 		bl	HAL_UART_IRQHandler
 518              	.LVL10:
 352:Core/Src/stm32f4xx_it.c ****   /* USER CODE BEGIN USART2_IRQn 1 */
 353:Core/Src/stm32f4xx_it.c **** 
 354:Core/Src/stm32f4xx_it.c ****   /* USER CODE END USART2_IRQn 1 */
 355:Core/Src/stm32f4xx_it.c **** }
 519              		.loc 1 355 1 is_stmt 0 view .LVU58
 520 0008 08BD     		pop	{r3, pc}
 521              	.L55:
 522 000a 00BF     		.align	2
 523              	.L54:
 524 000c 00000000 		.word	huart2
 525              		.cfi_endproc
 526              	.LFE257:
 528              		.section	.text.USART3_IRQHandler,"ax",%progbits
 529              		.align	1
 530              		.global	USART3_IRQHandler
 531              		.syntax unified
 532              		.thumb
 533              		.thumb_func
ARM GAS  /var/folders/5c/srt4fy4j1pd641bjfx75k5000000gn/T//ccbFZnh4.s 			page 16


 535              	USART3_IRQHandler:
 536              	.LFB258:
 356:Core/Src/stm32f4xx_it.c **** 
 357:Core/Src/stm32f4xx_it.c **** /**
 358:Core/Src/stm32f4xx_it.c ****   * @brief This function handles USART3 global interrupt.
 359:Core/Src/stm32f4xx_it.c ****   */
 360:Core/Src/stm32f4xx_it.c **** void USART3_IRQHandler(void)
 361:Core/Src/stm32f4xx_it.c **** {
 537              		.loc 1 361 1 is_stmt 1 view -0
 538              		.cfi_startproc
 539              		@ args = 0, pretend = 0, frame = 0
 540              		@ frame_needed = 0, uses_anonymous_args = 0
 541 0000 08B5     		push	{r3, lr}
 542              	.LCFI11:
 543              		.cfi_def_cfa_offset 8
 544              		.cfi_offset 3, -8
 545              		.cfi_offset 14, -4
 362:Core/Src/stm32f4xx_it.c ****   /* USER CODE BEGIN USART3_IRQn 0 */
 363:Core/Src/stm32f4xx_it.c **** 
 364:Core/Src/stm32f4xx_it.c ****   /* USER CODE END USART3_IRQn 0 */
 365:Core/Src/stm32f4xx_it.c ****   HAL_UART_IRQHandler(&huart3);
 546              		.loc 1 365 3 view .LVU60
 547 0002 0248     		ldr	r0, .L58
 548 0004 FFF7FEFF 		bl	HAL_UART_IRQHandler
 549              	.LVL11:
 366:Core/Src/stm32f4xx_it.c ****   /* USER CODE BEGIN USART3_IRQn 1 */
 367:Core/Src/stm32f4xx_it.c **** 
 368:Core/Src/stm32f4xx_it.c ****   /* USER CODE END USART3_IRQn 1 */
 369:Core/Src/stm32f4xx_it.c **** }
 550              		.loc 1 369 1 is_stmt 0 view .LVU61
 551 0008 08BD     		pop	{r3, pc}
 552              	.L59:
 553 000a 00BF     		.align	2
 554              	.L58:
 555 000c 00000000 		.word	huart3
 556              		.cfi_endproc
 557              	.LFE258:
 559              		.section	.text.DMA1_Stream7_IRQHandler,"ax",%progbits
 560              		.align	1
 561              		.global	DMA1_Stream7_IRQHandler
 562              		.syntax unified
 563              		.thumb
 564              		.thumb_func
 566              	DMA1_Stream7_IRQHandler:
 567              	.LFB259:
 370:Core/Src/stm32f4xx_it.c **** 
 371:Core/Src/stm32f4xx_it.c **** /**
 372:Core/Src/stm32f4xx_it.c ****   * @brief This function handles DMA1 stream7 global interrupt.
 373:Core/Src/stm32f4xx_it.c ****   */
 374:Core/Src/stm32f4xx_it.c **** void DMA1_Stream7_IRQHandler(void)
 375:Core/Src/stm32f4xx_it.c **** {
 568              		.loc 1 375 1 is_stmt 1 view -0
 569              		.cfi_startproc
 570              		@ args = 0, pretend = 0, frame = 0
 571              		@ frame_needed = 0, uses_anonymous_args = 0
 572 0000 08B5     		push	{r3, lr}
 573              	.LCFI12:
ARM GAS  /var/folders/5c/srt4fy4j1pd641bjfx75k5000000gn/T//ccbFZnh4.s 			page 17


 574              		.cfi_def_cfa_offset 8
 575              		.cfi_offset 3, -8
 576              		.cfi_offset 14, -4
 376:Core/Src/stm32f4xx_it.c ****   /* USER CODE BEGIN DMA1_Stream7_IRQn 0 */
 377:Core/Src/stm32f4xx_it.c **** 
 378:Core/Src/stm32f4xx_it.c ****   /* USER CODE END DMA1_Stream7_IRQn 0 */
 379:Core/Src/stm32f4xx_it.c ****   HAL_DMA_IRQHandler(&hdma_uart5_tx);
 577              		.loc 1 379 3 view .LVU63
 578 0002 0248     		ldr	r0, .L62
 579 0004 FFF7FEFF 		bl	HAL_DMA_IRQHandler
 580              	.LVL12:
 380:Core/Src/stm32f4xx_it.c ****   /* USER CODE BEGIN DMA1_Stream7_IRQn 1 */
 381:Core/Src/stm32f4xx_it.c **** 
 382:Core/Src/stm32f4xx_it.c ****   /* USER CODE END DMA1_Stream7_IRQn 1 */
 383:Core/Src/stm32f4xx_it.c **** }
 581              		.loc 1 383 1 is_stmt 0 view .LVU64
 582 0008 08BD     		pop	{r3, pc}
 583              	.L63:
 584 000a 00BF     		.align	2
 585              	.L62:
 586 000c 00000000 		.word	hdma_uart5_tx
 587              		.cfi_endproc
 588              	.LFE259:
 590              		.section	.text.UART4_IRQHandler,"ax",%progbits
 591              		.align	1
 592              		.global	UART4_IRQHandler
 593              		.syntax unified
 594              		.thumb
 595              		.thumb_func
 597              	UART4_IRQHandler:
 598              	.LFB260:
 384:Core/Src/stm32f4xx_it.c **** 
 385:Core/Src/stm32f4xx_it.c **** /**
 386:Core/Src/stm32f4xx_it.c ****   * @brief This function handles UART4 global interrupt.
 387:Core/Src/stm32f4xx_it.c ****   */
 388:Core/Src/stm32f4xx_it.c **** void UART4_IRQHandler(void)
 389:Core/Src/stm32f4xx_it.c **** {
 599              		.loc 1 389 1 is_stmt 1 view -0
 600              		.cfi_startproc
 601              		@ args = 0, pretend = 0, frame = 0
 602              		@ frame_needed = 0, uses_anonymous_args = 0
 603 0000 08B5     		push	{r3, lr}
 604              	.LCFI13:
 605              		.cfi_def_cfa_offset 8
 606              		.cfi_offset 3, -8
 607              		.cfi_offset 14, -4
 390:Core/Src/stm32f4xx_it.c ****   /* USER CODE BEGIN UART4_IRQn 0 */
 391:Core/Src/stm32f4xx_it.c **** 
 392:Core/Src/stm32f4xx_it.c ****   /* USER CODE END UART4_IRQn 0 */
 393:Core/Src/stm32f4xx_it.c ****   HAL_UART_IRQHandler(&huart4);
 608              		.loc 1 393 3 view .LVU66
 609 0002 0248     		ldr	r0, .L66
 610 0004 FFF7FEFF 		bl	HAL_UART_IRQHandler
 611              	.LVL13:
 394:Core/Src/stm32f4xx_it.c ****   /* USER CODE BEGIN UART4_IRQn 1 */
 395:Core/Src/stm32f4xx_it.c **** 
 396:Core/Src/stm32f4xx_it.c ****   /* USER CODE END UART4_IRQn 1 */
ARM GAS  /var/folders/5c/srt4fy4j1pd641bjfx75k5000000gn/T//ccbFZnh4.s 			page 18


 397:Core/Src/stm32f4xx_it.c **** }
 612              		.loc 1 397 1 is_stmt 0 view .LVU67
 613 0008 08BD     		pop	{r3, pc}
 614              	.L67:
 615 000a 00BF     		.align	2
 616              	.L66:
 617 000c 00000000 		.word	huart4
 618              		.cfi_endproc
 619              	.LFE260:
 621              		.section	.text.UART5_IRQHandler,"ax",%progbits
 622              		.align	1
 623              		.global	UART5_IRQHandler
 624              		.syntax unified
 625              		.thumb
 626              		.thumb_func
 628              	UART5_IRQHandler:
 629              	.LFB261:
 398:Core/Src/stm32f4xx_it.c **** 
 399:Core/Src/stm32f4xx_it.c **** /**
 400:Core/Src/stm32f4xx_it.c ****   * @brief This function handles UART5 global interrupt.
 401:Core/Src/stm32f4xx_it.c ****   */
 402:Core/Src/stm32f4xx_it.c **** void UART5_IRQHandler(void)
 403:Core/Src/stm32f4xx_it.c **** {
 630              		.loc 1 403 1 is_stmt 1 view -0
 631              		.cfi_startproc
 632              		@ args = 0, pretend = 0, frame = 0
 633              		@ frame_needed = 0, uses_anonymous_args = 0
 634 0000 08B5     		push	{r3, lr}
 635              	.LCFI14:
 636              		.cfi_def_cfa_offset 8
 637              		.cfi_offset 3, -8
 638              		.cfi_offset 14, -4
 404:Core/Src/stm32f4xx_it.c ****   /* USER CODE BEGIN UART5_IRQn 0 */
 405:Core/Src/stm32f4xx_it.c **** 
 406:Core/Src/stm32f4xx_it.c ****   /* USER CODE END UART5_IRQn 0 */
 407:Core/Src/stm32f4xx_it.c ****   HAL_UART_IRQHandler(&huart5);
 639              		.loc 1 407 3 view .LVU69
 640 0002 0248     		ldr	r0, .L70
 641 0004 FFF7FEFF 		bl	HAL_UART_IRQHandler
 642              	.LVL14:
 408:Core/Src/stm32f4xx_it.c ****   /* USER CODE BEGIN UART5_IRQn 1 */
 409:Core/Src/stm32f4xx_it.c **** 
 410:Core/Src/stm32f4xx_it.c ****   /* USER CODE END UART5_IRQn 1 */
 411:Core/Src/stm32f4xx_it.c **** }
 643              		.loc 1 411 1 is_stmt 0 view .LVU70
 644 0008 08BD     		pop	{r3, pc}
 645              	.L71:
 646 000a 00BF     		.align	2
 647              	.L70:
 648 000c 00000000 		.word	huart5
 649              		.cfi_endproc
 650              	.LFE261:
 652              		.section	.text.DMA2_Stream0_IRQHandler,"ax",%progbits
 653              		.align	1
 654              		.global	DMA2_Stream0_IRQHandler
 655              		.syntax unified
 656              		.thumb
ARM GAS  /var/folders/5c/srt4fy4j1pd641bjfx75k5000000gn/T//ccbFZnh4.s 			page 19


 657              		.thumb_func
 659              	DMA2_Stream0_IRQHandler:
 660              	.LFB262:
 412:Core/Src/stm32f4xx_it.c **** 
 413:Core/Src/stm32f4xx_it.c **** /**
 414:Core/Src/stm32f4xx_it.c ****   * @brief This function handles DMA2 stream0 global interrupt.
 415:Core/Src/stm32f4xx_it.c ****   */
 416:Core/Src/stm32f4xx_it.c **** void DMA2_Stream0_IRQHandler(void)
 417:Core/Src/stm32f4xx_it.c **** {
 661              		.loc 1 417 1 is_stmt 1 view -0
 662              		.cfi_startproc
 663              		@ args = 0, pretend = 0, frame = 0
 664              		@ frame_needed = 0, uses_anonymous_args = 0
 665 0000 08B5     		push	{r3, lr}
 666              	.LCFI15:
 667              		.cfi_def_cfa_offset 8
 668              		.cfi_offset 3, -8
 669              		.cfi_offset 14, -4
 418:Core/Src/stm32f4xx_it.c ****   /* USER CODE BEGIN DMA2_Stream0_IRQn 0 */
 419:Core/Src/stm32f4xx_it.c **** 
 420:Core/Src/stm32f4xx_it.c ****   /* USER CODE END DMA2_Stream0_IRQn 0 */
 421:Core/Src/stm32f4xx_it.c ****   HAL_DMA_IRQHandler(&hdma_adc1);
 670              		.loc 1 421 3 view .LVU72
 671 0002 0248     		ldr	r0, .L74
 672 0004 FFF7FEFF 		bl	HAL_DMA_IRQHandler
 673              	.LVL15:
 422:Core/Src/stm32f4xx_it.c ****   /* USER CODE BEGIN DMA2_Stream0_IRQn 1 */
 423:Core/Src/stm32f4xx_it.c **** 
 424:Core/Src/stm32f4xx_it.c ****   /* USER CODE END DMA2_Stream0_IRQn 1 */
 425:Core/Src/stm32f4xx_it.c **** }
 674              		.loc 1 425 1 is_stmt 0 view .LVU73
 675 0008 08BD     		pop	{r3, pc}
 676              	.L75:
 677 000a 00BF     		.align	2
 678              	.L74:
 679 000c 00000000 		.word	hdma_adc1
 680              		.cfi_endproc
 681              	.LFE262:
 683              		.section	.text.DMA2_Stream2_IRQHandler,"ax",%progbits
 684              		.align	1
 685              		.global	DMA2_Stream2_IRQHandler
 686              		.syntax unified
 687              		.thumb
 688              		.thumb_func
 690              	DMA2_Stream2_IRQHandler:
 691              	.LFB263:
 426:Core/Src/stm32f4xx_it.c **** 
 427:Core/Src/stm32f4xx_it.c **** /**
 428:Core/Src/stm32f4xx_it.c ****   * @brief This function handles DMA2 stream2 global interrupt.
 429:Core/Src/stm32f4xx_it.c ****   */
 430:Core/Src/stm32f4xx_it.c **** void DMA2_Stream2_IRQHandler(void)
 431:Core/Src/stm32f4xx_it.c **** {
 692              		.loc 1 431 1 is_stmt 1 view -0
 693              		.cfi_startproc
 694              		@ args = 0, pretend = 0, frame = 0
 695              		@ frame_needed = 0, uses_anonymous_args = 0
 696 0000 08B5     		push	{r3, lr}
ARM GAS  /var/folders/5c/srt4fy4j1pd641bjfx75k5000000gn/T//ccbFZnh4.s 			page 20


 697              	.LCFI16:
 698              		.cfi_def_cfa_offset 8
 699              		.cfi_offset 3, -8
 700              		.cfi_offset 14, -4
 432:Core/Src/stm32f4xx_it.c ****   /* USER CODE BEGIN DMA2_Stream2_IRQn 0 */
 433:Core/Src/stm32f4xx_it.c **** 
 434:Core/Src/stm32f4xx_it.c ****   /* USER CODE END DMA2_Stream2_IRQn 0 */
 435:Core/Src/stm32f4xx_it.c ****   HAL_DMA_IRQHandler(&hdma_usart1_rx);
 701              		.loc 1 435 3 view .LVU75
 702 0002 0248     		ldr	r0, .L78
 703 0004 FFF7FEFF 		bl	HAL_DMA_IRQHandler
 704              	.LVL16:
 436:Core/Src/stm32f4xx_it.c ****   /* USER CODE BEGIN DMA2_Stream2_IRQn 1 */
 437:Core/Src/stm32f4xx_it.c **** 
 438:Core/Src/stm32f4xx_it.c ****   /* USER CODE END DMA2_Stream2_IRQn 1 */
 439:Core/Src/stm32f4xx_it.c **** }
 705              		.loc 1 439 1 is_stmt 0 view .LVU76
 706 0008 08BD     		pop	{r3, pc}
 707              	.L79:
 708 000a 00BF     		.align	2
 709              	.L78:
 710 000c 00000000 		.word	hdma_usart1_rx
 711              		.cfi_endproc
 712              	.LFE263:
 714              		.section	.text.DMA2_Stream7_IRQHandler,"ax",%progbits
 715              		.align	1
 716              		.global	DMA2_Stream7_IRQHandler
 717              		.syntax unified
 718              		.thumb
 719              		.thumb_func
 721              	DMA2_Stream7_IRQHandler:
 722              	.LFB264:
 440:Core/Src/stm32f4xx_it.c **** 
 441:Core/Src/stm32f4xx_it.c **** /**
 442:Core/Src/stm32f4xx_it.c ****   * @brief This function handles DMA2 stream7 global interrupt.
 443:Core/Src/stm32f4xx_it.c ****   */
 444:Core/Src/stm32f4xx_it.c **** void DMA2_Stream7_IRQHandler(void)
 445:Core/Src/stm32f4xx_it.c **** {
 723              		.loc 1 445 1 is_stmt 1 view -0
 724              		.cfi_startproc
 725              		@ args = 0, pretend = 0, frame = 0
 726              		@ frame_needed = 0, uses_anonymous_args = 0
 727 0000 08B5     		push	{r3, lr}
 728              	.LCFI17:
 729              		.cfi_def_cfa_offset 8
 730              		.cfi_offset 3, -8
 731              		.cfi_offset 14, -4
 446:Core/Src/stm32f4xx_it.c ****   /* USER CODE BEGIN DMA2_Stream7_IRQn 0 */
 447:Core/Src/stm32f4xx_it.c **** 
 448:Core/Src/stm32f4xx_it.c ****   /* USER CODE END DMA2_Stream7_IRQn 0 */
 449:Core/Src/stm32f4xx_it.c ****   HAL_DMA_IRQHandler(&hdma_usart1_tx);
 732              		.loc 1 449 3 view .LVU78
 733 0002 0248     		ldr	r0, .L82
 734 0004 FFF7FEFF 		bl	HAL_DMA_IRQHandler
 735              	.LVL17:
 450:Core/Src/stm32f4xx_it.c ****   /* USER CODE BEGIN DMA2_Stream7_IRQn 1 */
 451:Core/Src/stm32f4xx_it.c **** 
ARM GAS  /var/folders/5c/srt4fy4j1pd641bjfx75k5000000gn/T//ccbFZnh4.s 			page 21


 452:Core/Src/stm32f4xx_it.c ****   /* USER CODE END DMA2_Stream7_IRQn 1 */
 453:Core/Src/stm32f4xx_it.c **** }
 736              		.loc 1 453 1 is_stmt 0 view .LVU79
 737 0008 08BD     		pop	{r3, pc}
 738              	.L83:
 739 000a 00BF     		.align	2
 740              	.L82:
 741 000c 00000000 		.word	hdma_usart1_tx
 742              		.cfi_endproc
 743              	.LFE264:
 745              		.text
 746              	.Letext0:
 747              		.file 2 "/opt/ST/STM32CubeCLT_1.17.0/GNU-tools-for-STM32/arm-none-eabi/include/machine/_default_ty
 748              		.file 3 "/opt/ST/STM32CubeCLT_1.17.0/GNU-tools-for-STM32/arm-none-eabi/include/sys/_stdint.h"
 749              		.file 4 "Drivers/CMSIS/Device/ST/STM32F4xx/Include/stm32f446xx.h"
 750              		.file 5 "Drivers/STM32F4xx_HAL_Driver/Inc/stm32f4xx_hal_def.h"
 751              		.file 6 "Drivers/STM32F4xx_HAL_Driver/Inc/stm32f4xx_hal_dma.h"
 752              		.file 7 "Drivers/STM32F4xx_HAL_Driver/Inc/stm32f4xx_hal_tim.h"
 753              		.file 8 "Drivers/STM32F4xx_HAL_Driver/Inc/stm32f4xx_hal_uart.h"
 754              		.file 9 "Drivers/STM32F4xx_HAL_Driver/Inc/stm32f4xx_hal.h"
ARM GAS  /var/folders/5c/srt4fy4j1pd641bjfx75k5000000gn/T//ccbFZnh4.s 			page 22


DEFINED SYMBOLS
                            *ABS*:00000000 stm32f4xx_it.c
/var/folders/5c/srt4fy4j1pd641bjfx75k5000000gn/T//ccbFZnh4.s:21     .text.NMI_Handler:00000000 $t
/var/folders/5c/srt4fy4j1pd641bjfx75k5000000gn/T//ccbFZnh4.s:27     .text.NMI_Handler:00000000 NMI_Handler
/var/folders/5c/srt4fy4j1pd641bjfx75k5000000gn/T//ccbFZnh4.s:44     .text.HardFault_Handler:00000000 $t
/var/folders/5c/srt4fy4j1pd641bjfx75k5000000gn/T//ccbFZnh4.s:50     .text.HardFault_Handler:00000000 HardFault_Handler
/var/folders/5c/srt4fy4j1pd641bjfx75k5000000gn/T//ccbFZnh4.s:67     .text.MemManage_Handler:00000000 $t
/var/folders/5c/srt4fy4j1pd641bjfx75k5000000gn/T//ccbFZnh4.s:73     .text.MemManage_Handler:00000000 MemManage_Handler
/var/folders/5c/srt4fy4j1pd641bjfx75k5000000gn/T//ccbFZnh4.s:90     .text.BusFault_Handler:00000000 $t
/var/folders/5c/srt4fy4j1pd641bjfx75k5000000gn/T//ccbFZnh4.s:96     .text.BusFault_Handler:00000000 BusFault_Handler
/var/folders/5c/srt4fy4j1pd641bjfx75k5000000gn/T//ccbFZnh4.s:113    .text.UsageFault_Handler:00000000 $t
/var/folders/5c/srt4fy4j1pd641bjfx75k5000000gn/T//ccbFZnh4.s:119    .text.UsageFault_Handler:00000000 UsageFault_Handler
/var/folders/5c/srt4fy4j1pd641bjfx75k5000000gn/T//ccbFZnh4.s:136    .text.SVC_Handler:00000000 $t
/var/folders/5c/srt4fy4j1pd641bjfx75k5000000gn/T//ccbFZnh4.s:142    .text.SVC_Handler:00000000 SVC_Handler
/var/folders/5c/srt4fy4j1pd641bjfx75k5000000gn/T//ccbFZnh4.s:155    .text.DebugMon_Handler:00000000 $t
/var/folders/5c/srt4fy4j1pd641bjfx75k5000000gn/T//ccbFZnh4.s:161    .text.DebugMon_Handler:00000000 DebugMon_Handler
/var/folders/5c/srt4fy4j1pd641bjfx75k5000000gn/T//ccbFZnh4.s:174    .text.PendSV_Handler:00000000 $t
/var/folders/5c/srt4fy4j1pd641bjfx75k5000000gn/T//ccbFZnh4.s:180    .text.PendSV_Handler:00000000 PendSV_Handler
/var/folders/5c/srt4fy4j1pd641bjfx75k5000000gn/T//ccbFZnh4.s:193    .text.SysTick_Handler:00000000 $t
/var/folders/5c/srt4fy4j1pd641bjfx75k5000000gn/T//ccbFZnh4.s:199    .text.SysTick_Handler:00000000 SysTick_Handler
/var/folders/5c/srt4fy4j1pd641bjfx75k5000000gn/T//ccbFZnh4.s:219    .text.DMA1_Stream0_IRQHandler:00000000 $t
/var/folders/5c/srt4fy4j1pd641bjfx75k5000000gn/T//ccbFZnh4.s:225    .text.DMA1_Stream0_IRQHandler:00000000 DMA1_Stream0_IRQHandler
/var/folders/5c/srt4fy4j1pd641bjfx75k5000000gn/T//ccbFZnh4.s:245    .text.DMA1_Stream0_IRQHandler:0000000c $d
/var/folders/5c/srt4fy4j1pd641bjfx75k5000000gn/T//ccbFZnh4.s:250    .text.DMA1_Stream1_IRQHandler:00000000 $t
/var/folders/5c/srt4fy4j1pd641bjfx75k5000000gn/T//ccbFZnh4.s:256    .text.DMA1_Stream1_IRQHandler:00000000 DMA1_Stream1_IRQHandler
/var/folders/5c/srt4fy4j1pd641bjfx75k5000000gn/T//ccbFZnh4.s:276    .text.DMA1_Stream1_IRQHandler:0000000c $d
/var/folders/5c/srt4fy4j1pd641bjfx75k5000000gn/T//ccbFZnh4.s:281    .text.DMA1_Stream2_IRQHandler:00000000 $t
/var/folders/5c/srt4fy4j1pd641bjfx75k5000000gn/T//ccbFZnh4.s:287    .text.DMA1_Stream2_IRQHandler:00000000 DMA1_Stream2_IRQHandler
/var/folders/5c/srt4fy4j1pd641bjfx75k5000000gn/T//ccbFZnh4.s:307    .text.DMA1_Stream2_IRQHandler:0000000c $d
/var/folders/5c/srt4fy4j1pd641bjfx75k5000000gn/T//ccbFZnh4.s:312    .text.DMA1_Stream3_IRQHandler:00000000 $t
/var/folders/5c/srt4fy4j1pd641bjfx75k5000000gn/T//ccbFZnh4.s:318    .text.DMA1_Stream3_IRQHandler:00000000 DMA1_Stream3_IRQHandler
/var/folders/5c/srt4fy4j1pd641bjfx75k5000000gn/T//ccbFZnh4.s:338    .text.DMA1_Stream3_IRQHandler:0000000c $d
/var/folders/5c/srt4fy4j1pd641bjfx75k5000000gn/T//ccbFZnh4.s:343    .text.DMA1_Stream4_IRQHandler:00000000 $t
/var/folders/5c/srt4fy4j1pd641bjfx75k5000000gn/T//ccbFZnh4.s:349    .text.DMA1_Stream4_IRQHandler:00000000 DMA1_Stream4_IRQHandler
/var/folders/5c/srt4fy4j1pd641bjfx75k5000000gn/T//ccbFZnh4.s:369    .text.DMA1_Stream4_IRQHandler:0000000c $d
/var/folders/5c/srt4fy4j1pd641bjfx75k5000000gn/T//ccbFZnh4.s:374    .text.DMA1_Stream5_IRQHandler:00000000 $t
/var/folders/5c/srt4fy4j1pd641bjfx75k5000000gn/T//ccbFZnh4.s:380    .text.DMA1_Stream5_IRQHandler:00000000 DMA1_Stream5_IRQHandler
/var/folders/5c/srt4fy4j1pd641bjfx75k5000000gn/T//ccbFZnh4.s:400    .text.DMA1_Stream5_IRQHandler:0000000c $d
/var/folders/5c/srt4fy4j1pd641bjfx75k5000000gn/T//ccbFZnh4.s:405    .text.DMA1_Stream6_IRQHandler:00000000 $t
/var/folders/5c/srt4fy4j1pd641bjfx75k5000000gn/T//ccbFZnh4.s:411    .text.DMA1_Stream6_IRQHandler:00000000 DMA1_Stream6_IRQHandler
/var/folders/5c/srt4fy4j1pd641bjfx75k5000000gn/T//ccbFZnh4.s:431    .text.DMA1_Stream6_IRQHandler:0000000c $d
/var/folders/5c/srt4fy4j1pd641bjfx75k5000000gn/T//ccbFZnh4.s:436    .text.TIM1_UP_TIM10_IRQHandler:00000000 $t
/var/folders/5c/srt4fy4j1pd641bjfx75k5000000gn/T//ccbFZnh4.s:442    .text.TIM1_UP_TIM10_IRQHandler:00000000 TIM1_UP_TIM10_IRQHandler
/var/folders/5c/srt4fy4j1pd641bjfx75k5000000gn/T//ccbFZnh4.s:462    .text.TIM1_UP_TIM10_IRQHandler:0000000c $d
/var/folders/5c/srt4fy4j1pd641bjfx75k5000000gn/T//ccbFZnh4.s:467    .text.USART1_IRQHandler:00000000 $t
/var/folders/5c/srt4fy4j1pd641bjfx75k5000000gn/T//ccbFZnh4.s:473    .text.USART1_IRQHandler:00000000 USART1_IRQHandler
/var/folders/5c/srt4fy4j1pd641bjfx75k5000000gn/T//ccbFZnh4.s:493    .text.USART1_IRQHandler:0000000c $d
/var/folders/5c/srt4fy4j1pd641bjfx75k5000000gn/T//ccbFZnh4.s:498    .text.USART2_IRQHandler:00000000 $t
/var/folders/5c/srt4fy4j1pd641bjfx75k5000000gn/T//ccbFZnh4.s:504    .text.USART2_IRQHandler:00000000 USART2_IRQHandler
/var/folders/5c/srt4fy4j1pd641bjfx75k5000000gn/T//ccbFZnh4.s:524    .text.USART2_IRQHandler:0000000c $d
/var/folders/5c/srt4fy4j1pd641bjfx75k5000000gn/T//ccbFZnh4.s:529    .text.USART3_IRQHandler:00000000 $t
/var/folders/5c/srt4fy4j1pd641bjfx75k5000000gn/T//ccbFZnh4.s:535    .text.USART3_IRQHandler:00000000 USART3_IRQHandler
/var/folders/5c/srt4fy4j1pd641bjfx75k5000000gn/T//ccbFZnh4.s:555    .text.USART3_IRQHandler:0000000c $d
/var/folders/5c/srt4fy4j1pd641bjfx75k5000000gn/T//ccbFZnh4.s:560    .text.DMA1_Stream7_IRQHandler:00000000 $t
/var/folders/5c/srt4fy4j1pd641bjfx75k5000000gn/T//ccbFZnh4.s:566    .text.DMA1_Stream7_IRQHandler:00000000 DMA1_Stream7_IRQHandler
/var/folders/5c/srt4fy4j1pd641bjfx75k5000000gn/T//ccbFZnh4.s:586    .text.DMA1_Stream7_IRQHandler:0000000c $d
/var/folders/5c/srt4fy4j1pd641bjfx75k5000000gn/T//ccbFZnh4.s:591    .text.UART4_IRQHandler:00000000 $t
ARM GAS  /var/folders/5c/srt4fy4j1pd641bjfx75k5000000gn/T//ccbFZnh4.s 			page 23


/var/folders/5c/srt4fy4j1pd641bjfx75k5000000gn/T//ccbFZnh4.s:597    .text.UART4_IRQHandler:00000000 UART4_IRQHandler
/var/folders/5c/srt4fy4j1pd641bjfx75k5000000gn/T//ccbFZnh4.s:617    .text.UART4_IRQHandler:0000000c $d
/var/folders/5c/srt4fy4j1pd641bjfx75k5000000gn/T//ccbFZnh4.s:622    .text.UART5_IRQHandler:00000000 $t
/var/folders/5c/srt4fy4j1pd641bjfx75k5000000gn/T//ccbFZnh4.s:628    .text.UART5_IRQHandler:00000000 UART5_IRQHandler
/var/folders/5c/srt4fy4j1pd641bjfx75k5000000gn/T//ccbFZnh4.s:648    .text.UART5_IRQHandler:0000000c $d
/var/folders/5c/srt4fy4j1pd641bjfx75k5000000gn/T//ccbFZnh4.s:653    .text.DMA2_Stream0_IRQHandler:00000000 $t
/var/folders/5c/srt4fy4j1pd641bjfx75k5000000gn/T//ccbFZnh4.s:659    .text.DMA2_Stream0_IRQHandler:00000000 DMA2_Stream0_IRQHandler
/var/folders/5c/srt4fy4j1pd641bjfx75k5000000gn/T//ccbFZnh4.s:679    .text.DMA2_Stream0_IRQHandler:0000000c $d
/var/folders/5c/srt4fy4j1pd641bjfx75k5000000gn/T//ccbFZnh4.s:684    .text.DMA2_Stream2_IRQHandler:00000000 $t
/var/folders/5c/srt4fy4j1pd641bjfx75k5000000gn/T//ccbFZnh4.s:690    .text.DMA2_Stream2_IRQHandler:00000000 DMA2_Stream2_IRQHandler
/var/folders/5c/srt4fy4j1pd641bjfx75k5000000gn/T//ccbFZnh4.s:710    .text.DMA2_Stream2_IRQHandler:0000000c $d
/var/folders/5c/srt4fy4j1pd641bjfx75k5000000gn/T//ccbFZnh4.s:715    .text.DMA2_Stream7_IRQHandler:00000000 $t
/var/folders/5c/srt4fy4j1pd641bjfx75k5000000gn/T//ccbFZnh4.s:721    .text.DMA2_Stream7_IRQHandler:00000000 DMA2_Stream7_IRQHandler
/var/folders/5c/srt4fy4j1pd641bjfx75k5000000gn/T//ccbFZnh4.s:741    .text.DMA2_Stream7_IRQHandler:0000000c $d

UNDEFINED SYMBOLS
HAL_IncTick
HAL_DMA_IRQHandler
hdma_uart5_rx
hdma_usart3_rx
hdma_uart4_rx
hdma_usart3_tx
hdma_uart4_tx
hdma_usart2_rx
hdma_usart2_tx
HAL_TIM_IRQHandler
htim10
HAL_UART_IRQHandler
huart1
huart2
huart3
hdma_uart5_tx
huart4
huart5
hdma_adc1
hdma_usart1_rx
hdma_usart1_tx
