ARM GAS  /var/folders/5c/srt4fy4j1pd641bjfx75k5000000gn/T//ccluRHfX.s 			page 1


   1              		.cpu cortex-m4
   2              		.arch armv7e-m
   3              		.fpu fpv4-sp-d16
   4              		.eabi_attribute 27, 1
   5              		.eabi_attribute 28, 1
   6              		.eabi_attribute 20, 1
   7              		.eabi_attribute 21, 1
   8              		.eabi_attribute 23, 3
   9              		.eabi_attribute 24, 1
  10              		.eabi_attribute 25, 1
  11              		.eabi_attribute 26, 1
  12              		.eabi_attribute 30, 1
  13              		.eabi_attribute 34, 1
  14              		.eabi_attribute 18, 4
  15              		.file	"MovingAve.cpp"
  16              		.text
  17              	.Ltext0:
  18              		.cfi_sections	.debug_frame
  19              		.file 1 "lib/MovingAve/MovingAve.cpp"
  20              		.global	__aeabi_f2d
  21              		.section	.text._ZN9MovingAve9SetLengthEh,"ax",%progbits
  22              		.align	1
  23              		.global	_ZN9MovingAve9SetLengthEh
  24              		.syntax unified
  25              		.thumb
  26              		.thumb_func
  28              	_ZN9MovingAve9SetLengthEh:
  29              		.fnstart
  30              	.LVL0:
  31              	.LFB239:
   1:lib/MovingAve/MovingAve.cpp **** #include "MovingAve.hpp"
   2:lib/MovingAve/MovingAve.cpp **** 
   3:lib/MovingAve/MovingAve.cpp **** void MovingAve::SetLength(uint8_t length) {
  32              		.loc 1 3 43 view -0
  33              		.cfi_startproc
  34              		@ args = 0, pretend = 0, frame = 0
  35              		@ frame_needed = 0, uses_anonymous_args = 0
  36              		.loc 1 3 43 is_stmt 0 view .LVU1
  37 0000 10B5     		push	{r4, lr}
  38              	.LCFI0:
  39              		.cfi_def_cfa_offset 8
  40              		.cfi_offset 4, -8
  41              		.cfi_offset 14, -4
  42 0002 0446     		mov	r4, r0
   4:lib/MovingAve/MovingAve.cpp ****       this->length_ = length;
  43              		.loc 1 4 7 is_stmt 1 view .LVU2
  44              		.loc 1 4 21 is_stmt 0 view .LVU3
  45 0004 80F82913 		strb	r1, [r0, #809]
   5:lib/MovingAve/MovingAve.cpp ****       length_product_ = 1.0f / length_;
  46              		.loc 1 5 7 is_stmt 1 view .LVU4
  47              		.loc 1 5 30 is_stmt 0 view .LVU5
  48 0008 07EE901A 		vmov	s15, r1	@ int
  49 000c F8EEE77A 		vcvt.f32.s32	s15, s15
  50 0010 B7EE007A 		vmov.f32	s14, #1.0e+0
  51 0014 C7EE277A 		vdiv.f32	s15, s14, s15
  52 0018 17EE900A 		vmov	r0, s15
  53              	.LVL1:
ARM GAS  /var/folders/5c/srt4fy4j1pd641bjfx75k5000000gn/T//ccluRHfX.s 			page 2


  54              		.loc 1 5 30 view .LVU6
  55 001c FFF7FEFF 		bl	__aeabi_f2d
  56              	.LVL2:
  57              		.loc 1 5 23 view .LVU7
  58 0020 C4E9CC01 		strd	r0, [r4, #816]
   6:lib/MovingAve/MovingAve.cpp **** }
  59              		.loc 1 6 1 view .LVU8
  60 0024 10BD     		pop	{r4, pc}
  61              		.loc 1 6 1 view .LVU9
  62              		.cfi_endproc
  63              	.LFE239:
  64              		.cantunwind
  65              		.fnend
  67              		.global	__aeabi_dadd
  68              		.global	__aeabi_dmul
  69              		.section	.text._ZN9MovingAve7ComputeEf,"ax",%progbits
  70              		.align	1
  71              		.global	_ZN9MovingAve7ComputeEf
  72              		.syntax unified
  73              		.thumb
  74              		.thumb_func
  76              	_ZN9MovingAve7ComputeEf:
  77              		.fnstart
  78              	.LVL3:
  79              	.LFB240:
   7:lib/MovingAve/MovingAve.cpp **** 
   8:lib/MovingAve/MovingAve.cpp **** void MovingAve::Compute(float input) {
  80              		.loc 1 8 38 is_stmt 1 view -0
  81              		.cfi_startproc
  82              		@ args = 0, pretend = 0, frame = 0
  83              		@ frame_needed = 0, uses_anonymous_args = 0
  84              		.loc 1 8 38 is_stmt 0 view .LVU11
  85 0000 F8B5     		push	{r3, r4, r5, r6, r7, lr}
  86              	.LCFI1:
  87              		.cfi_def_cfa_offset 24
  88              		.cfi_offset 3, -24
  89              		.cfi_offset 4, -20
  90              		.cfi_offset 5, -16
  91              		.cfi_offset 6, -12
  92              		.cfi_offset 7, -8
  93              		.cfi_offset 14, -4
  94 0002 0546     		mov	r5, r0
  95 0004 10EE100A 		vmov	r0, s0
  96              	.LVL4:
   9:lib/MovingAve/MovingAve.cpp ****       if (cnt_ >= length_) cnt_ = 0;
  97              		.loc 1 9 7 is_stmt 1 view .LVU12
  98              		.loc 1 9 11 is_stmt 0 view .LVU13
  99 0008 95F82833 		ldrb	r3, [r5, #808]	@ zero_extendqisi2
 100              		.loc 1 9 19 view .LVU14
 101 000c 95F82963 		ldrb	r6, [r5, #809]	@ zero_extendqisi2
 102              		.loc 1 9 7 view .LVU15
 103 0010 B342     		cmp	r3, r6
 104 0012 02D3     		bcc	.L4
 105              		.loc 1 9 28 is_stmt 1 discriminator 1 view .LVU16
 106              		.loc 1 9 33 is_stmt 0 discriminator 1 view .LVU17
 107 0014 0023     		movs	r3, #0
 108 0016 85F82833 		strb	r3, [r5, #808]
ARM GAS  /var/folders/5c/srt4fy4j1pd641bjfx75k5000000gn/T//ccluRHfX.s 			page 3


 109              	.L4:
  10:lib/MovingAve/MovingAve.cpp ****       data_[cnt_] = input;
 110              		.loc 1 10 7 is_stmt 1 view .LVU18
 111              		.loc 1 10 13 is_stmt 0 view .LVU19
 112 001a 95F82873 		ldrb	r7, [r5, #808]	@ zero_extendqisi2
 113              		.loc 1 10 21 view .LVU20
 114 001e FFF7FEFF 		bl	__aeabi_f2d
 115              	.LVL5:
 116              		.loc 1 10 19 view .LVU21
 117 0022 05EBC703 		add	r3, r5, r7, lsl #3
 118 0026 C3E90001 		strd	r0, [r3]
  11:lib/MovingAve/MovingAve.cpp ****       result_ = 0;
 119              		.loc 1 11 7 is_stmt 1 view .LVU22
 120              		.loc 1 11 15 is_stmt 0 view .LVU23
 121 002a 0022     		movs	r2, #0
 122 002c 0023     		movs	r3, #0
 123 002e C5E9C823 		strd	r2, [r5, #800]
  12:lib/MovingAve/MovingAve.cpp ****       for (uint8_t i = 0; i < length_; i++) {
 124              		.loc 1 12 7 is_stmt 1 view .LVU24
 125              	.LVL6:
 126              	.LBB2:
 127              		.loc 1 12 20 is_stmt 0 view .LVU25
 128 0032 0024     		movs	r4, #0
 129              		.loc 1 12 7 view .LVU26
 130 0034 0BE0     		b	.L5
 131              	.LVL7:
 132              	.L6:
  13:lib/MovingAve/MovingAve.cpp ****             result_ += data_[i];
 133              		.loc 1 13 13 is_stmt 1 discriminator 3 view .LVU27
 134              		.loc 1 13 31 is_stmt 0 discriminator 3 view .LVU28
 135 0036 05EBC403 		add	r3, r5, r4, lsl #3
 136              		.loc 1 13 21 discriminator 3 view .LVU29
 137 003a D3E90023 		ldrd	r2, [r3]
 138 003e D5E9C801 		ldrd	r0, [r5, #800]
 139 0042 FFF7FEFF 		bl	__aeabi_dadd
 140              	.LVL8:
 141 0046 C5E9C801 		strd	r0, [r5, #800]
  12:lib/MovingAve/MovingAve.cpp ****       for (uint8_t i = 0; i < length_; i++) {
 142              		.loc 1 12 7 is_stmt 1 discriminator 3 view .LVU30
 143 004a 0134     		adds	r4, r4, #1
 144              	.LVL9:
  12:lib/MovingAve/MovingAve.cpp ****       for (uint8_t i = 0; i < length_; i++) {
 145              		.loc 1 12 7 is_stmt 0 discriminator 3 view .LVU31
 146 004c E4B2     		uxtb	r4, r4
 147              	.LVL10:
 148              	.L5:
  12:lib/MovingAve/MovingAve.cpp ****       for (uint8_t i = 0; i < length_; i++) {
 149              		.loc 1 12 29 is_stmt 1 discriminator 1 view .LVU32
 150 004e A642     		cmp	r6, r4
 151 0050 F1D8     		bhi	.L6
 152              	.LBE2:
  14:lib/MovingAve/MovingAve.cpp ****       }
  15:lib/MovingAve/MovingAve.cpp ****       result_ *= (double)length_product_;
 153              		.loc 1 15 7 view .LVU33
 154              		.loc 1 15 15 is_stmt 0 view .LVU34
 155 0052 D5E9CC23 		ldrd	r2, [r5, #816]
 156 0056 D5E9C801 		ldrd	r0, [r5, #800]
ARM GAS  /var/folders/5c/srt4fy4j1pd641bjfx75k5000000gn/T//ccluRHfX.s 			page 4


 157 005a FFF7FEFF 		bl	__aeabi_dmul
 158              	.LVL11:
 159 005e C5E9C801 		strd	r0, [r5, #800]
  16:lib/MovingAve/MovingAve.cpp ****       cnt_++;
 160              		.loc 1 16 7 is_stmt 1 view .LVU35
 161              		.loc 1 16 11 is_stmt 0 view .LVU36
 162 0062 0137     		adds	r7, r7, #1
 163 0064 85F82873 		strb	r7, [r5, #808]
  17:lib/MovingAve/MovingAve.cpp **** }
 164              		.loc 1 17 1 view .LVU37
 165 0068 F8BD     		pop	{r3, r4, r5, r6, r7, pc}
 166              		.loc 1 17 1 view .LVU38
 167              		.cfi_endproc
 168              	.LFE240:
 169              		.cantunwind
 170              		.fnend
 172              		.section	.text._ZN9MovingAve3GetEv,"ax",%progbits
 173              		.align	1
 174              		.global	_ZN9MovingAve3GetEv
 175              		.syntax unified
 176              		.thumb
 177              		.thumb_func
 179              	_ZN9MovingAve3GetEv:
 180              		.fnstart
 181              	.LVL12:
 182              	.LFB241:
  18:lib/MovingAve/MovingAve.cpp **** 
  19:lib/MovingAve/MovingAve.cpp **** double MovingAve::Get() {
 183              		.loc 1 19 25 is_stmt 1 view -0
 184              		.cfi_startproc
 185              		@ args = 0, pretend = 0, frame = 0
 186              		@ frame_needed = 0, uses_anonymous_args = 0
 187              		@ link register save eliminated.
  20:lib/MovingAve/MovingAve.cpp ****       return result_;
 188              		.loc 1 20 7 view .LVU40
  21:lib/MovingAve/MovingAve.cpp **** }
 189              		.loc 1 21 1 is_stmt 0 view .LVU41
 190 0000 90EDC80B 		vldr.64	d0, [r0, #800]
 191 0004 7047     		bx	lr
 192              		.cfi_endproc
 193              	.LFE241:
 194              		.cantunwind
 195              		.fnend
 197              		.section	.text._ZN9MovingAve5ResetEv,"ax",%progbits
 198              		.align	1
 199              		.global	_ZN9MovingAve5ResetEv
 200              		.syntax unified
 201              		.thumb
 202              		.thumb_func
 204              	_ZN9MovingAve5ResetEv:
 205              		.fnstart
 206              	.LVL13:
 207              	.LFB242:
  22:lib/MovingAve/MovingAve.cpp **** 
  23:lib/MovingAve/MovingAve.cpp **** void MovingAve::Reset() {
 208              		.loc 1 23 25 is_stmt 1 view -0
 209              		.cfi_startproc
ARM GAS  /var/folders/5c/srt4fy4j1pd641bjfx75k5000000gn/T//ccluRHfX.s 			page 5


 210              		@ args = 0, pretend = 0, frame = 0
 211              		@ frame_needed = 0, uses_anonymous_args = 0
 212              		@ link register save eliminated.
  24:lib/MovingAve/MovingAve.cpp ****       for (uint8_t i = 0; i < length_; i++) {
 213              		.loc 1 24 7 view .LVU43
 214              	.LBB3:
 215              		.loc 1 24 20 is_stmt 0 view .LVU44
 216 0000 0023     		movs	r3, #0
 217              		.loc 1 24 7 view .LVU45
 218 0002 07E0     		b	.L10
 219              	.LVL14:
 220              	.L11:
  25:lib/MovingAve/MovingAve.cpp ****             data_[i] = 0;
 221              		.loc 1 25 13 is_stmt 1 discriminator 3 view .LVU46
 222              		.loc 1 25 22 is_stmt 0 discriminator 3 view .LVU47
 223 0004 00EBC302 		add	r2, r0, r3, lsl #3
 224 0008 9FED057B 		vldr.64	d7, .L12
 225 000c 82ED007B 		vstr.64	d7, [r2]
  24:lib/MovingAve/MovingAve.cpp ****       for (uint8_t i = 0; i < length_; i++) {
 226              		.loc 1 24 7 is_stmt 1 discriminator 3 view .LVU48
 227 0010 0133     		adds	r3, r3, #1
 228              	.LVL15:
  24:lib/MovingAve/MovingAve.cpp ****       for (uint8_t i = 0; i < length_; i++) {
 229              		.loc 1 24 7 is_stmt 0 discriminator 3 view .LVU49
 230 0012 DBB2     		uxtb	r3, r3
 231              	.LVL16:
 232              	.L10:
  24:lib/MovingAve/MovingAve.cpp ****       for (uint8_t i = 0; i < length_; i++) {
 233              		.loc 1 24 29 is_stmt 1 discriminator 1 view .LVU50
  24:lib/MovingAve/MovingAve.cpp ****       for (uint8_t i = 0; i < length_; i++) {
 234              		.loc 1 24 31 is_stmt 0 discriminator 1 view .LVU51
 235 0014 90F82923 		ldrb	r2, [r0, #809]	@ zero_extendqisi2
  24:lib/MovingAve/MovingAve.cpp ****       for (uint8_t i = 0; i < length_; i++) {
 236              		.loc 1 24 29 discriminator 1 view .LVU52
 237 0018 9A42     		cmp	r2, r3
 238 001a F3D8     		bhi	.L11
 239              	.LBE3:
  26:lib/MovingAve/MovingAve.cpp ****       }
  27:lib/MovingAve/MovingAve.cpp **** }...
 240              		.loc 1 27 1 view .LVU53
 241 001c 7047     		bx	lr
 242              	.L13:
 243 001e 00BF     		.align	3
 244              	.L12:
 245 0020 00000000 		.word	0
 246 0024 00000000 		.word	0
 247              		.cfi_endproc
 248              	.LFE242:
 249              		.cantunwind
 250              		.fnend
 252              		.text
 253              	.Letext0:
 254              		.file 2 "/opt/ST/STM32CubeCLT_1.16.0/GNU-tools-for-STM32/arm-none-eabi/include/machine/_default_ty
 255              		.file 3 "/opt/ST/STM32CubeCLT_1.16.0/GNU-tools-for-STM32/arm-none-eabi/include/sys/_stdint.h"
 256              		.file 4 "lib/MovingAve/MovingAve.hpp"
ARM GAS  /var/folders/5c/srt4fy4j1pd641bjfx75k5000000gn/T//ccluRHfX.s 			page 6


DEFINED SYMBOLS
                            *ABS*:00000000 MovingAve.cpp
/var/folders/5c/srt4fy4j1pd641bjfx75k5000000gn/T//ccluRHfX.s:22     .text._ZN9MovingAve9SetLengthEh:00000000 $t
/var/folders/5c/srt4fy4j1pd641bjfx75k5000000gn/T//ccluRHfX.s:28     .text._ZN9MovingAve9SetLengthEh:00000000 _ZN9MovingAve9SetLengthEh
.ARM.exidx.text._ZN9MovingAve9SetLengthEh:00000000 $d
/var/folders/5c/srt4fy4j1pd641bjfx75k5000000gn/T//ccluRHfX.s:70     .text._ZN9MovingAve7ComputeEf:00000000 $t
/var/folders/5c/srt4fy4j1pd641bjfx75k5000000gn/T//ccluRHfX.s:76     .text._ZN9MovingAve7ComputeEf:00000000 _ZN9MovingAve7ComputeEf
.ARM.exidx.text._ZN9MovingAve7ComputeEf:00000000 $d
/var/folders/5c/srt4fy4j1pd641bjfx75k5000000gn/T//ccluRHfX.s:173    .text._ZN9MovingAve3GetEv:00000000 $t
/var/folders/5c/srt4fy4j1pd641bjfx75k5000000gn/T//ccluRHfX.s:179    .text._ZN9MovingAve3GetEv:00000000 _ZN9MovingAve3GetEv
.ARM.exidx.text._ZN9MovingAve3GetEv:00000000 $d
/var/folders/5c/srt4fy4j1pd641bjfx75k5000000gn/T//ccluRHfX.s:198    .text._ZN9MovingAve5ResetEv:00000000 $t
/var/folders/5c/srt4fy4j1pd641bjfx75k5000000gn/T//ccluRHfX.s:204    .text._ZN9MovingAve5ResetEv:00000000 _ZN9MovingAve5ResetEv
/var/folders/5c/srt4fy4j1pd641bjfx75k5000000gn/T//ccluRHfX.s:245    .text._ZN9MovingAve5ResetEv:00000020 $d
.ARM.exidx.text._ZN9MovingAve5ResetEv:00000000 $d

UNDEFINED SYMBOLS
__aeabi_f2d
__aeabi_dadd
__aeabi_dmul
