ARM GAS  /var/folders/5c/srt4fy4j1pd641bjfx75k5000000gn/T//cc2VAZeM.s 			page 1


   1              		.cpu cortex-m4
   2              		.arch armv7e-m
   3              		.fpu fpv4-sp-d16
   4              		.eabi_attribute 27, 1
   5              		.eabi_attribute 28, 1
   6              		.eabi_attribute 20, 1
   7              		.eabi_attribute 21, 1
   8              		.eabi_attribute 23, 3
   9              		.eabi_attribute 24, 1
  10              		.eabi_attribute 25, 1
  11              		.eabi_attribute 26, 1
  12              		.eabi_attribute 30, 1
  13              		.eabi_attribute 34, 1
  14              		.eabi_attribute 18, 4
  15              		.file	"usart.c"
  16              		.text
  17              	.Ltext0:
  18              		.cfi_sections	.debug_frame
  19              		.file 1 "Core/Src/usart.c"
  20              		.section	.text.MX_USART6_UART_Init,"ax",%progbits
  21              		.align	1
  22              		.global	MX_USART6_UART_Init
  23              		.syntax unified
  24              		.thumb
  25              		.thumb_func
  27              	MX_USART6_UART_Init:
  28              	.LFB239:
   1:Core/Src/usart.c **** /* USER CODE BEGIN Header */
   2:Core/Src/usart.c **** /**
   3:Core/Src/usart.c ****   ******************************************************************************
   4:Core/Src/usart.c ****   * @file    usart.c
   5:Core/Src/usart.c ****   * @brief   This file provides code for the configuration
   6:Core/Src/usart.c ****   *          of the USART instances.
   7:Core/Src/usart.c ****   ******************************************************************************
   8:Core/Src/usart.c ****   * @attention
   9:Core/Src/usart.c ****   *
  10:Core/Src/usart.c ****   * Copyright (c) 2025 STMicroelectronics.
  11:Core/Src/usart.c ****   * All rights reserved.
  12:Core/Src/usart.c ****   *
  13:Core/Src/usart.c ****   * This software is licensed under terms that can be found in the LICENSE file
  14:Core/Src/usart.c ****   * in the root directory of this software component.
  15:Core/Src/usart.c ****   * If no LICENSE file comes with this software, it is provided AS-IS.
  16:Core/Src/usart.c ****   *
  17:Core/Src/usart.c ****   ******************************************************************************
  18:Core/Src/usart.c ****   */
  19:Core/Src/usart.c **** /* USER CODE END Header */
  20:Core/Src/usart.c **** /* Includes ------------------------------------------------------------------*/
  21:Core/Src/usart.c **** #include "usart.h"
  22:Core/Src/usart.c **** 
  23:Core/Src/usart.c **** /* USER CODE BEGIN 0 */
  24:Core/Src/usart.c **** 
  25:Core/Src/usart.c **** /* USER CODE END 0 */
  26:Core/Src/usart.c **** 
  27:Core/Src/usart.c **** UART_HandleTypeDef huart6;
  28:Core/Src/usart.c **** DMA_HandleTypeDef hdma_usart6_rx;
  29:Core/Src/usart.c **** DMA_HandleTypeDef hdma_usart6_tx;
  30:Core/Src/usart.c **** 
ARM GAS  /var/folders/5c/srt4fy4j1pd641bjfx75k5000000gn/T//cc2VAZeM.s 			page 2


  31:Core/Src/usart.c **** /* USART6 init function */
  32:Core/Src/usart.c **** 
  33:Core/Src/usart.c **** void MX_USART6_UART_Init(void)
  34:Core/Src/usart.c **** {
  29              		.loc 1 34 1 view -0
  30              		.cfi_startproc
  31              		@ args = 0, pretend = 0, frame = 0
  32              		@ frame_needed = 0, uses_anonymous_args = 0
  33 0000 08B5     		push	{r3, lr}
  34              	.LCFI0:
  35              		.cfi_def_cfa_offset 8
  36              		.cfi_offset 3, -8
  37              		.cfi_offset 14, -4
  35:Core/Src/usart.c **** 
  36:Core/Src/usart.c ****   /* USER CODE BEGIN USART6_Init 0 */
  37:Core/Src/usart.c **** 
  38:Core/Src/usart.c ****   /* USER CODE END USART6_Init 0 */
  39:Core/Src/usart.c **** 
  40:Core/Src/usart.c ****   /* USER CODE BEGIN USART6_Init 1 */
  41:Core/Src/usart.c **** 
  42:Core/Src/usart.c ****   /* USER CODE END USART6_Init 1 */
  43:Core/Src/usart.c ****   huart6.Instance = USART6;
  38              		.loc 1 43 3 view .LVU1
  39              		.loc 1 43 19 is_stmt 0 view .LVU2
  40 0002 0A48     		ldr	r0, .L5
  41 0004 0A4B     		ldr	r3, .L5+4
  42 0006 0360     		str	r3, [r0]
  44:Core/Src/usart.c ****   huart6.Init.BaudRate = 230400;
  43              		.loc 1 44 3 is_stmt 1 view .LVU3
  44              		.loc 1 44 24 is_stmt 0 view .LVU4
  45 0008 4FF46133 		mov	r3, #230400
  46 000c 4360     		str	r3, [r0, #4]
  45:Core/Src/usart.c ****   huart6.Init.WordLength = UART_WORDLENGTH_8B;
  47              		.loc 1 45 3 is_stmt 1 view .LVU5
  48              		.loc 1 45 26 is_stmt 0 view .LVU6
  49 000e 0023     		movs	r3, #0
  50 0010 8360     		str	r3, [r0, #8]
  46:Core/Src/usart.c ****   huart6.Init.StopBits = UART_STOPBITS_1;
  51              		.loc 1 46 3 is_stmt 1 view .LVU7
  52              		.loc 1 46 24 is_stmt 0 view .LVU8
  53 0012 C360     		str	r3, [r0, #12]
  47:Core/Src/usart.c ****   huart6.Init.Parity = UART_PARITY_NONE;
  54              		.loc 1 47 3 is_stmt 1 view .LVU9
  55              		.loc 1 47 22 is_stmt 0 view .LVU10
  56 0014 0361     		str	r3, [r0, #16]
  48:Core/Src/usart.c ****   huart6.Init.Mode = UART_MODE_TX_RX;
  57              		.loc 1 48 3 is_stmt 1 view .LVU11
  58              		.loc 1 48 20 is_stmt 0 view .LVU12
  59 0016 0C22     		movs	r2, #12
  60 0018 4261     		str	r2, [r0, #20]
  49:Core/Src/usart.c ****   huart6.Init.HwFlowCtl = UART_HWCONTROL_NONE;
  61              		.loc 1 49 3 is_stmt 1 view .LVU13
  62              		.loc 1 49 25 is_stmt 0 view .LVU14
  63 001a 8361     		str	r3, [r0, #24]
  50:Core/Src/usart.c ****   huart6.Init.OverSampling = UART_OVERSAMPLING_16;
  64              		.loc 1 50 3 is_stmt 1 view .LVU15
  65              		.loc 1 50 28 is_stmt 0 view .LVU16
ARM GAS  /var/folders/5c/srt4fy4j1pd641bjfx75k5000000gn/T//cc2VAZeM.s 			page 3


  66 001c C361     		str	r3, [r0, #28]
  51:Core/Src/usart.c ****   if (HAL_UART_Init(&huart6) != HAL_OK)
  67              		.loc 1 51 3 is_stmt 1 view .LVU17
  68              		.loc 1 51 7 is_stmt 0 view .LVU18
  69 001e FFF7FEFF 		bl	HAL_UART_Init
  70              	.LVL0:
  71              		.loc 1 51 6 view .LVU19
  72 0022 00B9     		cbnz	r0, .L4
  73              	.L1:
  52:Core/Src/usart.c ****   {
  53:Core/Src/usart.c ****     Error_Handler();
  54:Core/Src/usart.c ****   }
  55:Core/Src/usart.c ****   /* USER CODE BEGIN USART6_Init 2 */
  56:Core/Src/usart.c **** 
  57:Core/Src/usart.c ****   /* USER CODE END USART6_Init 2 */
  58:Core/Src/usart.c **** 
  59:Core/Src/usart.c **** }
  74              		.loc 1 59 1 view .LVU20
  75 0024 08BD     		pop	{r3, pc}
  76              	.L4:
  53:Core/Src/usart.c ****   }
  77              		.loc 1 53 5 is_stmt 1 view .LVU21
  78 0026 FFF7FEFF 		bl	Error_Handler
  79              	.LVL1:
  80              		.loc 1 59 1 is_stmt 0 view .LVU22
  81 002a FBE7     		b	.L1
  82              	.L6:
  83              		.align	2
  84              	.L5:
  85 002c 00000000 		.word	huart6
  86 0030 00140140 		.word	1073812480
  87              		.cfi_endproc
  88              	.LFE239:
  90              		.section	.text.HAL_UART_MspInit,"ax",%progbits
  91              		.align	1
  92              		.global	HAL_UART_MspInit
  93              		.syntax unified
  94              		.thumb
  95              		.thumb_func
  97              	HAL_UART_MspInit:
  98              	.LVL2:
  99              	.LFB240:
  60:Core/Src/usart.c **** 
  61:Core/Src/usart.c **** void HAL_UART_MspInit(UART_HandleTypeDef* uartHandle)
  62:Core/Src/usart.c **** {
 100              		.loc 1 62 1 is_stmt 1 view -0
 101              		.cfi_startproc
 102              		@ args = 0, pretend = 0, frame = 32
 103              		@ frame_needed = 0, uses_anonymous_args = 0
 104              		.loc 1 62 1 is_stmt 0 view .LVU24
 105 0000 30B5     		push	{r4, r5, lr}
 106              	.LCFI1:
 107              		.cfi_def_cfa_offset 12
 108              		.cfi_offset 4, -12
 109              		.cfi_offset 5, -8
 110              		.cfi_offset 14, -4
 111 0002 89B0     		sub	sp, sp, #36
ARM GAS  /var/folders/5c/srt4fy4j1pd641bjfx75k5000000gn/T//cc2VAZeM.s 			page 4


 112              	.LCFI2:
 113              		.cfi_def_cfa_offset 48
  63:Core/Src/usart.c **** 
  64:Core/Src/usart.c ****   GPIO_InitTypeDef GPIO_InitStruct = {0};
 114              		.loc 1 64 3 is_stmt 1 view .LVU25
 115              		.loc 1 64 20 is_stmt 0 view .LVU26
 116 0004 0023     		movs	r3, #0
 117 0006 0393     		str	r3, [sp, #12]
 118 0008 0493     		str	r3, [sp, #16]
 119 000a 0593     		str	r3, [sp, #20]
 120 000c 0693     		str	r3, [sp, #24]
 121 000e 0793     		str	r3, [sp, #28]
  65:Core/Src/usart.c ****   if(uartHandle->Instance==USART6)
 122              		.loc 1 65 3 is_stmt 1 view .LVU27
 123              		.loc 1 65 16 is_stmt 0 view .LVU28
 124 0010 0268     		ldr	r2, [r0]
 125              		.loc 1 65 5 view .LVU29
 126 0012 354B     		ldr	r3, .L15
 127 0014 9A42     		cmp	r2, r3
 128 0016 01D0     		beq	.L12
 129              	.LVL3:
 130              	.L7:
  66:Core/Src/usart.c ****   {
  67:Core/Src/usart.c ****   /* USER CODE BEGIN USART6_MspInit 0 */
  68:Core/Src/usart.c **** 
  69:Core/Src/usart.c ****   /* USER CODE END USART6_MspInit 0 */
  70:Core/Src/usart.c ****     /* USART6 clock enable */
  71:Core/Src/usart.c ****     __HAL_RCC_USART6_CLK_ENABLE();
  72:Core/Src/usart.c **** 
  73:Core/Src/usart.c ****     __HAL_RCC_GPIOC_CLK_ENABLE();
  74:Core/Src/usart.c ****     /**USART6 GPIO Configuration
  75:Core/Src/usart.c ****     PC6     ------> USART6_TX
  76:Core/Src/usart.c ****     PC7     ------> USART6_RX
  77:Core/Src/usart.c ****     */
  78:Core/Src/usart.c ****     GPIO_InitStruct.Pin = GPIO_PIN_6|GPIO_PIN_7;
  79:Core/Src/usart.c ****     GPIO_InitStruct.Mode = GPIO_MODE_AF_PP;
  80:Core/Src/usart.c ****     GPIO_InitStruct.Pull = GPIO_NOPULL;
  81:Core/Src/usart.c ****     GPIO_InitStruct.Speed = GPIO_SPEED_FREQ_VERY_HIGH;
  82:Core/Src/usart.c ****     GPIO_InitStruct.Alternate = GPIO_AF8_USART6;
  83:Core/Src/usart.c ****     HAL_GPIO_Init(GPIOC, &GPIO_InitStruct);
  84:Core/Src/usart.c **** 
  85:Core/Src/usart.c ****     /* USART6 DMA Init */
  86:Core/Src/usart.c ****     /* USART6_RX Init */
  87:Core/Src/usart.c ****     hdma_usart6_rx.Instance = DMA2_Stream1;
  88:Core/Src/usart.c ****     hdma_usart6_rx.Init.Channel = DMA_CHANNEL_5;
  89:Core/Src/usart.c ****     hdma_usart6_rx.Init.Direction = DMA_PERIPH_TO_MEMORY;
  90:Core/Src/usart.c ****     hdma_usart6_rx.Init.PeriphInc = DMA_PINC_DISABLE;
  91:Core/Src/usart.c ****     hdma_usart6_rx.Init.MemInc = DMA_MINC_ENABLE;
  92:Core/Src/usart.c ****     hdma_usart6_rx.Init.PeriphDataAlignment = DMA_PDATAALIGN_BYTE;
  93:Core/Src/usart.c ****     hdma_usart6_rx.Init.MemDataAlignment = DMA_MDATAALIGN_BYTE;
  94:Core/Src/usart.c ****     hdma_usart6_rx.Init.Mode = DMA_CIRCULAR;
  95:Core/Src/usart.c ****     hdma_usart6_rx.Init.Priority = DMA_PRIORITY_LOW;
  96:Core/Src/usart.c ****     hdma_usart6_rx.Init.FIFOMode = DMA_FIFOMODE_DISABLE;
  97:Core/Src/usart.c ****     if (HAL_DMA_Init(&hdma_usart6_rx) != HAL_OK)
  98:Core/Src/usart.c ****     {
  99:Core/Src/usart.c ****       Error_Handler();
 100:Core/Src/usart.c ****     }
ARM GAS  /var/folders/5c/srt4fy4j1pd641bjfx75k5000000gn/T//cc2VAZeM.s 			page 5


 101:Core/Src/usart.c **** 
 102:Core/Src/usart.c ****     __HAL_LINKDMA(uartHandle,hdmarx,hdma_usart6_rx);
 103:Core/Src/usart.c **** 
 104:Core/Src/usart.c ****     /* USART6_TX Init */
 105:Core/Src/usart.c ****     hdma_usart6_tx.Instance = DMA2_Stream6;
 106:Core/Src/usart.c ****     hdma_usart6_tx.Init.Channel = DMA_CHANNEL_5;
 107:Core/Src/usart.c ****     hdma_usart6_tx.Init.Direction = DMA_MEMORY_TO_PERIPH;
 108:Core/Src/usart.c ****     hdma_usart6_tx.Init.PeriphInc = DMA_PINC_DISABLE;
 109:Core/Src/usart.c ****     hdma_usart6_tx.Init.MemInc = DMA_MINC_ENABLE;
 110:Core/Src/usart.c ****     hdma_usart6_tx.Init.PeriphDataAlignment = DMA_PDATAALIGN_BYTE;
 111:Core/Src/usart.c ****     hdma_usart6_tx.Init.MemDataAlignment = DMA_MDATAALIGN_BYTE;
 112:Core/Src/usart.c ****     hdma_usart6_tx.Init.Mode = DMA_CIRCULAR;
 113:Core/Src/usart.c ****     hdma_usart6_tx.Init.Priority = DMA_PRIORITY_LOW;
 114:Core/Src/usart.c ****     hdma_usart6_tx.Init.FIFOMode = DMA_FIFOMODE_DISABLE;
 115:Core/Src/usart.c ****     if (HAL_DMA_Init(&hdma_usart6_tx) != HAL_OK)
 116:Core/Src/usart.c ****     {
 117:Core/Src/usart.c ****       Error_Handler();
 118:Core/Src/usart.c ****     }
 119:Core/Src/usart.c **** 
 120:Core/Src/usart.c ****     __HAL_LINKDMA(uartHandle,hdmatx,hdma_usart6_tx);
 121:Core/Src/usart.c **** 
 122:Core/Src/usart.c ****     /* USART6 interrupt Init */
 123:Core/Src/usart.c ****     HAL_NVIC_SetPriority(USART6_IRQn, 0, 0);
 124:Core/Src/usart.c ****     HAL_NVIC_EnableIRQ(USART6_IRQn);
 125:Core/Src/usart.c ****   /* USER CODE BEGIN USART6_MspInit 1 */
 126:Core/Src/usart.c **** 
 127:Core/Src/usart.c ****   /* USER CODE END USART6_MspInit 1 */
 128:Core/Src/usart.c ****   }
 129:Core/Src/usart.c **** }
 131              		.loc 1 129 1 view .LVU30
 132 0018 09B0     		add	sp, sp, #36
 133              	.LCFI3:
 134              		.cfi_remember_state
 135              		.cfi_def_cfa_offset 12
 136              		@ sp needed
 137 001a 30BD     		pop	{r4, r5, pc}
 138              	.LVL4:
 139              	.L12:
 140              	.LCFI4:
 141              		.cfi_restore_state
 142              		.loc 1 129 1 view .LVU31
 143 001c 0446     		mov	r4, r0
  71:Core/Src/usart.c **** 
 144              		.loc 1 71 5 is_stmt 1 view .LVU32
 145              	.LBB2:
  71:Core/Src/usart.c **** 
 146              		.loc 1 71 5 view .LVU33
 147 001e 0025     		movs	r5, #0
 148 0020 0195     		str	r5, [sp, #4]
  71:Core/Src/usart.c **** 
 149              		.loc 1 71 5 view .LVU34
 150 0022 03F59233 		add	r3, r3, #74752
 151 0026 5A6C     		ldr	r2, [r3, #68]
 152 0028 42F02002 		orr	r2, r2, #32
 153 002c 5A64     		str	r2, [r3, #68]
  71:Core/Src/usart.c **** 
 154              		.loc 1 71 5 view .LVU35
ARM GAS  /var/folders/5c/srt4fy4j1pd641bjfx75k5000000gn/T//cc2VAZeM.s 			page 6


 155 002e 5A6C     		ldr	r2, [r3, #68]
 156 0030 02F02002 		and	r2, r2, #32
 157 0034 0192     		str	r2, [sp, #4]
  71:Core/Src/usart.c **** 
 158              		.loc 1 71 5 view .LVU36
 159 0036 019A     		ldr	r2, [sp, #4]
 160              	.LBE2:
  71:Core/Src/usart.c **** 
 161              		.loc 1 71 5 view .LVU37
  73:Core/Src/usart.c ****     /**USART6 GPIO Configuration
 162              		.loc 1 73 5 view .LVU38
 163              	.LBB3:
  73:Core/Src/usart.c ****     /**USART6 GPIO Configuration
 164              		.loc 1 73 5 view .LVU39
 165 0038 0295     		str	r5, [sp, #8]
  73:Core/Src/usart.c ****     /**USART6 GPIO Configuration
 166              		.loc 1 73 5 view .LVU40
 167 003a 1A6B     		ldr	r2, [r3, #48]
 168 003c 42F00402 		orr	r2, r2, #4
 169 0040 1A63     		str	r2, [r3, #48]
  73:Core/Src/usart.c ****     /**USART6 GPIO Configuration
 170              		.loc 1 73 5 view .LVU41
 171 0042 1B6B     		ldr	r3, [r3, #48]
 172 0044 03F00403 		and	r3, r3, #4
 173 0048 0293     		str	r3, [sp, #8]
  73:Core/Src/usart.c ****     /**USART6 GPIO Configuration
 174              		.loc 1 73 5 view .LVU42
 175 004a 029B     		ldr	r3, [sp, #8]
 176              	.LBE3:
  73:Core/Src/usart.c ****     /**USART6 GPIO Configuration
 177              		.loc 1 73 5 view .LVU43
  78:Core/Src/usart.c ****     GPIO_InitStruct.Mode = GPIO_MODE_AF_PP;
 178              		.loc 1 78 5 view .LVU44
  78:Core/Src/usart.c ****     GPIO_InitStruct.Mode = GPIO_MODE_AF_PP;
 179              		.loc 1 78 25 is_stmt 0 view .LVU45
 180 004c C023     		movs	r3, #192
 181 004e 0393     		str	r3, [sp, #12]
  79:Core/Src/usart.c ****     GPIO_InitStruct.Pull = GPIO_NOPULL;
 182              		.loc 1 79 5 is_stmt 1 view .LVU46
  79:Core/Src/usart.c ****     GPIO_InitStruct.Pull = GPIO_NOPULL;
 183              		.loc 1 79 26 is_stmt 0 view .LVU47
 184 0050 0223     		movs	r3, #2
 185 0052 0493     		str	r3, [sp, #16]
  80:Core/Src/usart.c ****     GPIO_InitStruct.Speed = GPIO_SPEED_FREQ_VERY_HIGH;
 186              		.loc 1 80 5 is_stmt 1 view .LVU48
  81:Core/Src/usart.c ****     GPIO_InitStruct.Alternate = GPIO_AF8_USART6;
 187              		.loc 1 81 5 view .LVU49
  81:Core/Src/usart.c ****     GPIO_InitStruct.Alternate = GPIO_AF8_USART6;
 188              		.loc 1 81 27 is_stmt 0 view .LVU50
 189 0054 0323     		movs	r3, #3
 190 0056 0693     		str	r3, [sp, #24]
  82:Core/Src/usart.c ****     HAL_GPIO_Init(GPIOC, &GPIO_InitStruct);
 191              		.loc 1 82 5 is_stmt 1 view .LVU51
  82:Core/Src/usart.c ****     HAL_GPIO_Init(GPIOC, &GPIO_InitStruct);
 192              		.loc 1 82 31 is_stmt 0 view .LVU52
 193 0058 0823     		movs	r3, #8
 194 005a 0793     		str	r3, [sp, #28]
ARM GAS  /var/folders/5c/srt4fy4j1pd641bjfx75k5000000gn/T//cc2VAZeM.s 			page 7


  83:Core/Src/usart.c **** 
 195              		.loc 1 83 5 is_stmt 1 view .LVU53
 196 005c 03A9     		add	r1, sp, #12
 197 005e 2348     		ldr	r0, .L15+4
 198              	.LVL5:
  83:Core/Src/usart.c **** 
 199              		.loc 1 83 5 is_stmt 0 view .LVU54
 200 0060 FFF7FEFF 		bl	HAL_GPIO_Init
 201              	.LVL6:
  87:Core/Src/usart.c ****     hdma_usart6_rx.Init.Channel = DMA_CHANNEL_5;
 202              		.loc 1 87 5 is_stmt 1 view .LVU55
  87:Core/Src/usart.c ****     hdma_usart6_rx.Init.Channel = DMA_CHANNEL_5;
 203              		.loc 1 87 29 is_stmt 0 view .LVU56
 204 0064 2248     		ldr	r0, .L15+8
 205 0066 234B     		ldr	r3, .L15+12
 206 0068 0360     		str	r3, [r0]
  88:Core/Src/usart.c ****     hdma_usart6_rx.Init.Direction = DMA_PERIPH_TO_MEMORY;
 207              		.loc 1 88 5 is_stmt 1 view .LVU57
  88:Core/Src/usart.c ****     hdma_usart6_rx.Init.Direction = DMA_PERIPH_TO_MEMORY;
 208              		.loc 1 88 33 is_stmt 0 view .LVU58
 209 006a 4FF02063 		mov	r3, #167772160
 210 006e 4360     		str	r3, [r0, #4]
  89:Core/Src/usart.c ****     hdma_usart6_rx.Init.PeriphInc = DMA_PINC_DISABLE;
 211              		.loc 1 89 5 is_stmt 1 view .LVU59
  89:Core/Src/usart.c ****     hdma_usart6_rx.Init.PeriphInc = DMA_PINC_DISABLE;
 212              		.loc 1 89 35 is_stmt 0 view .LVU60
 213 0070 8560     		str	r5, [r0, #8]
  90:Core/Src/usart.c ****     hdma_usart6_rx.Init.MemInc = DMA_MINC_ENABLE;
 214              		.loc 1 90 5 is_stmt 1 view .LVU61
  90:Core/Src/usart.c ****     hdma_usart6_rx.Init.MemInc = DMA_MINC_ENABLE;
 215              		.loc 1 90 35 is_stmt 0 view .LVU62
 216 0072 C560     		str	r5, [r0, #12]
  91:Core/Src/usart.c ****     hdma_usart6_rx.Init.PeriphDataAlignment = DMA_PDATAALIGN_BYTE;
 217              		.loc 1 91 5 is_stmt 1 view .LVU63
  91:Core/Src/usart.c ****     hdma_usart6_rx.Init.PeriphDataAlignment = DMA_PDATAALIGN_BYTE;
 218              		.loc 1 91 32 is_stmt 0 view .LVU64
 219 0074 4FF48063 		mov	r3, #1024
 220 0078 0361     		str	r3, [r0, #16]
  92:Core/Src/usart.c ****     hdma_usart6_rx.Init.MemDataAlignment = DMA_MDATAALIGN_BYTE;
 221              		.loc 1 92 5 is_stmt 1 view .LVU65
  92:Core/Src/usart.c ****     hdma_usart6_rx.Init.MemDataAlignment = DMA_MDATAALIGN_BYTE;
 222              		.loc 1 92 45 is_stmt 0 view .LVU66
 223 007a 4561     		str	r5, [r0, #20]
  93:Core/Src/usart.c ****     hdma_usart6_rx.Init.Mode = DMA_CIRCULAR;
 224              		.loc 1 93 5 is_stmt 1 view .LVU67
  93:Core/Src/usart.c ****     hdma_usart6_rx.Init.Mode = DMA_CIRCULAR;
 225              		.loc 1 93 42 is_stmt 0 view .LVU68
 226 007c 8561     		str	r5, [r0, #24]
  94:Core/Src/usart.c ****     hdma_usart6_rx.Init.Priority = DMA_PRIORITY_LOW;
 227              		.loc 1 94 5 is_stmt 1 view .LVU69
  94:Core/Src/usart.c ****     hdma_usart6_rx.Init.Priority = DMA_PRIORITY_LOW;
 228              		.loc 1 94 30 is_stmt 0 view .LVU70
 229 007e 4FF48073 		mov	r3, #256
 230 0082 C361     		str	r3, [r0, #28]
  95:Core/Src/usart.c ****     hdma_usart6_rx.Init.FIFOMode = DMA_FIFOMODE_DISABLE;
 231              		.loc 1 95 5 is_stmt 1 view .LVU71
  95:Core/Src/usart.c ****     hdma_usart6_rx.Init.FIFOMode = DMA_FIFOMODE_DISABLE;
ARM GAS  /var/folders/5c/srt4fy4j1pd641bjfx75k5000000gn/T//cc2VAZeM.s 			page 8


 232              		.loc 1 95 34 is_stmt 0 view .LVU72
 233 0084 0562     		str	r5, [r0, #32]
  96:Core/Src/usart.c ****     if (HAL_DMA_Init(&hdma_usart6_rx) != HAL_OK)
 234              		.loc 1 96 5 is_stmt 1 view .LVU73
  96:Core/Src/usart.c ****     if (HAL_DMA_Init(&hdma_usart6_rx) != HAL_OK)
 235              		.loc 1 96 34 is_stmt 0 view .LVU74
 236 0086 4562     		str	r5, [r0, #36]
  97:Core/Src/usart.c ****     {
 237              		.loc 1 97 5 is_stmt 1 view .LVU75
  97:Core/Src/usart.c ****     {
 238              		.loc 1 97 9 is_stmt 0 view .LVU76
 239 0088 FFF7FEFF 		bl	HAL_DMA_Init
 240              	.LVL7:
  97:Core/Src/usart.c ****     {
 241              		.loc 1 97 8 view .LVU77
 242 008c 28BB     		cbnz	r0, .L13
 243              	.L9:
 102:Core/Src/usart.c **** 
 244              		.loc 1 102 5 is_stmt 1 view .LVU78
 102:Core/Src/usart.c **** 
 245              		.loc 1 102 5 view .LVU79
 246 008e 184B     		ldr	r3, .L15+8
 247 0090 E363     		str	r3, [r4, #60]
 102:Core/Src/usart.c **** 
 248              		.loc 1 102 5 view .LVU80
 249 0092 9C63     		str	r4, [r3, #56]
 102:Core/Src/usart.c **** 
 250              		.loc 1 102 5 view .LVU81
 105:Core/Src/usart.c ****     hdma_usart6_tx.Init.Channel = DMA_CHANNEL_5;
 251              		.loc 1 105 5 view .LVU82
 105:Core/Src/usart.c ****     hdma_usart6_tx.Init.Channel = DMA_CHANNEL_5;
 252              		.loc 1 105 29 is_stmt 0 view .LVU83
 253 0094 1848     		ldr	r0, .L15+16
 254 0096 194B     		ldr	r3, .L15+20
 255 0098 0360     		str	r3, [r0]
 106:Core/Src/usart.c ****     hdma_usart6_tx.Init.Direction = DMA_MEMORY_TO_PERIPH;
 256              		.loc 1 106 5 is_stmt 1 view .LVU84
 106:Core/Src/usart.c ****     hdma_usart6_tx.Init.Direction = DMA_MEMORY_TO_PERIPH;
 257              		.loc 1 106 33 is_stmt 0 view .LVU85
 258 009a 4FF02063 		mov	r3, #167772160
 259 009e 4360     		str	r3, [r0, #4]
 107:Core/Src/usart.c ****     hdma_usart6_tx.Init.PeriphInc = DMA_PINC_DISABLE;
 260              		.loc 1 107 5 is_stmt 1 view .LVU86
 107:Core/Src/usart.c ****     hdma_usart6_tx.Init.PeriphInc = DMA_PINC_DISABLE;
 261              		.loc 1 107 35 is_stmt 0 view .LVU87
 262 00a0 4023     		movs	r3, #64
 263 00a2 8360     		str	r3, [r0, #8]
 108:Core/Src/usart.c ****     hdma_usart6_tx.Init.MemInc = DMA_MINC_ENABLE;
 264              		.loc 1 108 5 is_stmt 1 view .LVU88
 108:Core/Src/usart.c ****     hdma_usart6_tx.Init.MemInc = DMA_MINC_ENABLE;
 265              		.loc 1 108 35 is_stmt 0 view .LVU89
 266 00a4 0023     		movs	r3, #0
 267 00a6 C360     		str	r3, [r0, #12]
 109:Core/Src/usart.c ****     hdma_usart6_tx.Init.PeriphDataAlignment = DMA_PDATAALIGN_BYTE;
 268              		.loc 1 109 5 is_stmt 1 view .LVU90
 109:Core/Src/usart.c ****     hdma_usart6_tx.Init.PeriphDataAlignment = DMA_PDATAALIGN_BYTE;
 269              		.loc 1 109 32 is_stmt 0 view .LVU91
ARM GAS  /var/folders/5c/srt4fy4j1pd641bjfx75k5000000gn/T//cc2VAZeM.s 			page 9


 270 00a8 4FF48062 		mov	r2, #1024
 271 00ac 0261     		str	r2, [r0, #16]
 110:Core/Src/usart.c ****     hdma_usart6_tx.Init.MemDataAlignment = DMA_MDATAALIGN_BYTE;
 272              		.loc 1 110 5 is_stmt 1 view .LVU92
 110:Core/Src/usart.c ****     hdma_usart6_tx.Init.MemDataAlignment = DMA_MDATAALIGN_BYTE;
 273              		.loc 1 110 45 is_stmt 0 view .LVU93
 274 00ae 4361     		str	r3, [r0, #20]
 111:Core/Src/usart.c ****     hdma_usart6_tx.Init.Mode = DMA_CIRCULAR;
 275              		.loc 1 111 5 is_stmt 1 view .LVU94
 111:Core/Src/usart.c ****     hdma_usart6_tx.Init.Mode = DMA_CIRCULAR;
 276              		.loc 1 111 42 is_stmt 0 view .LVU95
 277 00b0 8361     		str	r3, [r0, #24]
 112:Core/Src/usart.c ****     hdma_usart6_tx.Init.Priority = DMA_PRIORITY_LOW;
 278              		.loc 1 112 5 is_stmt 1 view .LVU96
 112:Core/Src/usart.c ****     hdma_usart6_tx.Init.Priority = DMA_PRIORITY_LOW;
 279              		.loc 1 112 30 is_stmt 0 view .LVU97
 280 00b2 4FF48072 		mov	r2, #256
 281 00b6 C261     		str	r2, [r0, #28]
 113:Core/Src/usart.c ****     hdma_usart6_tx.Init.FIFOMode = DMA_FIFOMODE_DISABLE;
 282              		.loc 1 113 5 is_stmt 1 view .LVU98
 113:Core/Src/usart.c ****     hdma_usart6_tx.Init.FIFOMode = DMA_FIFOMODE_DISABLE;
 283              		.loc 1 113 34 is_stmt 0 view .LVU99
 284 00b8 0362     		str	r3, [r0, #32]
 114:Core/Src/usart.c ****     if (HAL_DMA_Init(&hdma_usart6_tx) != HAL_OK)
 285              		.loc 1 114 5 is_stmt 1 view .LVU100
 114:Core/Src/usart.c ****     if (HAL_DMA_Init(&hdma_usart6_tx) != HAL_OK)
 286              		.loc 1 114 34 is_stmt 0 view .LVU101
 287 00ba 4362     		str	r3, [r0, #36]
 115:Core/Src/usart.c ****     {
 288              		.loc 1 115 5 is_stmt 1 view .LVU102
 115:Core/Src/usart.c ****     {
 289              		.loc 1 115 9 is_stmt 0 view .LVU103
 290 00bc FFF7FEFF 		bl	HAL_DMA_Init
 291              	.LVL8:
 115:Core/Src/usart.c ****     {
 292              		.loc 1 115 8 view .LVU104
 293 00c0 70B9     		cbnz	r0, .L14
 294              	.L10:
 120:Core/Src/usart.c **** 
 295              		.loc 1 120 5 is_stmt 1 view .LVU105
 120:Core/Src/usart.c **** 
 296              		.loc 1 120 5 view .LVU106
 297 00c2 0D4B     		ldr	r3, .L15+16
 298 00c4 A363     		str	r3, [r4, #56]
 120:Core/Src/usart.c **** 
 299              		.loc 1 120 5 view .LVU107
 300 00c6 9C63     		str	r4, [r3, #56]
 120:Core/Src/usart.c **** 
 301              		.loc 1 120 5 view .LVU108
 123:Core/Src/usart.c ****     HAL_NVIC_EnableIRQ(USART6_IRQn);
 302              		.loc 1 123 5 view .LVU109
 303 00c8 0022     		movs	r2, #0
 304 00ca 1146     		mov	r1, r2
 305 00cc 4720     		movs	r0, #71
 306 00ce FFF7FEFF 		bl	HAL_NVIC_SetPriority
 307              	.LVL9:
 124:Core/Src/usart.c ****   /* USER CODE BEGIN USART6_MspInit 1 */
ARM GAS  /var/folders/5c/srt4fy4j1pd641bjfx75k5000000gn/T//cc2VAZeM.s 			page 10


 308              		.loc 1 124 5 view .LVU110
 309 00d2 4720     		movs	r0, #71
 310 00d4 FFF7FEFF 		bl	HAL_NVIC_EnableIRQ
 311              	.LVL10:
 312              		.loc 1 129 1 is_stmt 0 view .LVU111
 313 00d8 9EE7     		b	.L7
 314              	.L13:
  99:Core/Src/usart.c ****     }
 315              		.loc 1 99 7 is_stmt 1 view .LVU112
 316 00da FFF7FEFF 		bl	Error_Handler
 317              	.LVL11:
 318 00de D6E7     		b	.L9
 319              	.L14:
 117:Core/Src/usart.c ****     }
 320              		.loc 1 117 7 view .LVU113
 321 00e0 FFF7FEFF 		bl	Error_Handler
 322              	.LVL12:
 323 00e4 EDE7     		b	.L10
 324              	.L16:
 325 00e6 00BF     		.align	2
 326              	.L15:
 327 00e8 00140140 		.word	1073812480
 328 00ec 00080240 		.word	1073874944
 329 00f0 00000000 		.word	hdma_usart6_rx
 330 00f4 28640240 		.word	1073898536
 331 00f8 00000000 		.word	hdma_usart6_tx
 332 00fc A0640240 		.word	1073898656
 333              		.cfi_endproc
 334              	.LFE240:
 336              		.section	.text.HAL_UART_MspDeInit,"ax",%progbits
 337              		.align	1
 338              		.global	HAL_UART_MspDeInit
 339              		.syntax unified
 340              		.thumb
 341              		.thumb_func
 343              	HAL_UART_MspDeInit:
 344              	.LVL13:
 345              	.LFB241:
 130:Core/Src/usart.c **** 
 131:Core/Src/usart.c **** void HAL_UART_MspDeInit(UART_HandleTypeDef* uartHandle)
 132:Core/Src/usart.c **** {
 346              		.loc 1 132 1 view -0
 347              		.cfi_startproc
 348              		@ args = 0, pretend = 0, frame = 0
 349              		@ frame_needed = 0, uses_anonymous_args = 0
 133:Core/Src/usart.c **** 
 134:Core/Src/usart.c ****   if(uartHandle->Instance==USART6)
 350              		.loc 1 134 3 view .LVU115
 351              		.loc 1 134 16 is_stmt 0 view .LVU116
 352 0000 0268     		ldr	r2, [r0]
 353              		.loc 1 134 5 view .LVU117
 354 0002 0C4B     		ldr	r3, .L24
 355 0004 9A42     		cmp	r2, r3
 356 0006 00D0     		beq	.L23
 357 0008 7047     		bx	lr
 358              	.L23:
 132:Core/Src/usart.c **** 
ARM GAS  /var/folders/5c/srt4fy4j1pd641bjfx75k5000000gn/T//cc2VAZeM.s 			page 11


 359              		.loc 1 132 1 view .LVU118
 360 000a 10B5     		push	{r4, lr}
 361              	.LCFI5:
 362              		.cfi_def_cfa_offset 8
 363              		.cfi_offset 4, -8
 364              		.cfi_offset 14, -4
 365 000c 0446     		mov	r4, r0
 135:Core/Src/usart.c ****   {
 136:Core/Src/usart.c ****   /* USER CODE BEGIN USART6_MspDeInit 0 */
 137:Core/Src/usart.c **** 
 138:Core/Src/usart.c ****   /* USER CODE END USART6_MspDeInit 0 */
 139:Core/Src/usart.c ****     /* Peripheral clock disable */
 140:Core/Src/usart.c ****     __HAL_RCC_USART6_CLK_DISABLE();
 366              		.loc 1 140 5 is_stmt 1 view .LVU119
 367 000e 0A4A     		ldr	r2, .L24+4
 368 0010 536C     		ldr	r3, [r2, #68]
 369 0012 23F02003 		bic	r3, r3, #32
 370 0016 5364     		str	r3, [r2, #68]
 141:Core/Src/usart.c **** 
 142:Core/Src/usart.c ****     /**USART6 GPIO Configuration
 143:Core/Src/usart.c ****     PC6     ------> USART6_TX
 144:Core/Src/usart.c ****     PC7     ------> USART6_RX
 145:Core/Src/usart.c ****     */
 146:Core/Src/usart.c ****     HAL_GPIO_DeInit(GPIOC, GPIO_PIN_6|GPIO_PIN_7);
 371              		.loc 1 146 5 view .LVU120
 372 0018 C021     		movs	r1, #192
 373 001a 0848     		ldr	r0, .L24+8
 374              	.LVL14:
 375              		.loc 1 146 5 is_stmt 0 view .LVU121
 376 001c FFF7FEFF 		bl	HAL_GPIO_DeInit
 377              	.LVL15:
 147:Core/Src/usart.c **** 
 148:Core/Src/usart.c ****     /* USART6 DMA DeInit */
 149:Core/Src/usart.c ****     HAL_DMA_DeInit(uartHandle->hdmarx);
 378              		.loc 1 149 5 is_stmt 1 view .LVU122
 379 0020 E06B     		ldr	r0, [r4, #60]
 380 0022 FFF7FEFF 		bl	HAL_DMA_DeInit
 381              	.LVL16:
 150:Core/Src/usart.c ****     HAL_DMA_DeInit(uartHandle->hdmatx);
 382              		.loc 1 150 5 view .LVU123
 383 0026 A06B     		ldr	r0, [r4, #56]
 384 0028 FFF7FEFF 		bl	HAL_DMA_DeInit
 385              	.LVL17:
 151:Core/Src/usart.c **** 
 152:Core/Src/usart.c ****     /* USART6 interrupt Deinit */
 153:Core/Src/usart.c ****     HAL_NVIC_DisableIRQ(USART6_IRQn);
 386              		.loc 1 153 5 view .LVU124
 387 002c 4720     		movs	r0, #71
 388 002e FFF7FEFF 		bl	HAL_NVIC_DisableIRQ
 389              	.LVL18:
 154:Core/Src/usart.c ****   /* USER CODE BEGIN USART6_MspDeInit 1 */
 155:Core/Src/usart.c **** 
 156:Core/Src/usart.c ****   /* USER CODE END USART6_MspDeInit 1 */
 157:Core/Src/usart.c ****   }
 158:Core/Src/usart.c **** }
 390              		.loc 1 158 1 is_stmt 0 view .LVU125
 391 0032 10BD     		pop	{r4, pc}
ARM GAS  /var/folders/5c/srt4fy4j1pd641bjfx75k5000000gn/T//cc2VAZeM.s 			page 12


 392              	.LVL19:
 393              	.L25:
 394              		.loc 1 158 1 view .LVU126
 395              		.align	2
 396              	.L24:
 397 0034 00140140 		.word	1073812480
 398 0038 00380240 		.word	1073887232
 399 003c 00080240 		.word	1073874944
 400              		.cfi_endproc
 401              	.LFE241:
 403              		.global	hdma_usart6_tx
 404              		.section	.bss.hdma_usart6_tx,"aw",%nobits
 405              		.align	2
 408              	hdma_usart6_tx:
 409 0000 00000000 		.space	96
 409      00000000 
 409      00000000 
 409      00000000 
 409      00000000 
 410              		.global	hdma_usart6_rx
 411              		.section	.bss.hdma_usart6_rx,"aw",%nobits
 412              		.align	2
 415              	hdma_usart6_rx:
 416 0000 00000000 		.space	96
 416      00000000 
 416      00000000 
 416      00000000 
 416      00000000 
 417              		.global	huart6
 418              		.section	.bss.huart6,"aw",%nobits
 419              		.align	2
 422              	huart6:
 423 0000 00000000 		.space	72
 423      00000000 
 423      00000000 
 423      00000000 
 423      00000000 
 424              		.text
 425              	.Letext0:
 426              		.file 2 "Drivers/CMSIS/Device/ST/STM32F4xx/Include/stm32f446xx.h"
 427              		.file 3 "/opt/ST/STM32CubeCLT_1.16.0/GNU-tools-for-STM32/arm-none-eabi/include/machine/_default_ty
 428              		.file 4 "/opt/ST/STM32CubeCLT_1.16.0/GNU-tools-for-STM32/arm-none-eabi/include/sys/_stdint.h"
 429              		.file 5 "Drivers/STM32F4xx_HAL_Driver/Inc/stm32f4xx_hal_def.h"
 430              		.file 6 "Drivers/STM32F4xx_HAL_Driver/Inc/stm32f4xx_hal_gpio.h"
 431              		.file 7 "Drivers/STM32F4xx_HAL_Driver/Inc/stm32f4xx_hal_dma.h"
 432              		.file 8 "Drivers/STM32F4xx_HAL_Driver/Inc/stm32f4xx_hal_uart.h"
 433              		.file 9 "Core/Inc/usart.h"
 434              		.file 10 "Drivers/STM32F4xx_HAL_Driver/Inc/stm32f4xx_hal_cortex.h"
 435              		.file 11 "Core/Inc/main.h"
ARM GAS  /var/folders/5c/srt4fy4j1pd641bjfx75k5000000gn/T//cc2VAZeM.s 			page 13


DEFINED SYMBOLS
                            *ABS*:00000000 usart.c
/var/folders/5c/srt4fy4j1pd641bjfx75k5000000gn/T//cc2VAZeM.s:21     .text.MX_USART6_UART_Init:00000000 $t
/var/folders/5c/srt4fy4j1pd641bjfx75k5000000gn/T//cc2VAZeM.s:27     .text.MX_USART6_UART_Init:00000000 MX_USART6_UART_Init
/var/folders/5c/srt4fy4j1pd641bjfx75k5000000gn/T//cc2VAZeM.s:85     .text.MX_USART6_UART_Init:0000002c $d
/var/folders/5c/srt4fy4j1pd641bjfx75k5000000gn/T//cc2VAZeM.s:422    .bss.huart6:00000000 huart6
/var/folders/5c/srt4fy4j1pd641bjfx75k5000000gn/T//cc2VAZeM.s:91     .text.HAL_UART_MspInit:00000000 $t
/var/folders/5c/srt4fy4j1pd641bjfx75k5000000gn/T//cc2VAZeM.s:97     .text.HAL_UART_MspInit:00000000 HAL_UART_MspInit
/var/folders/5c/srt4fy4j1pd641bjfx75k5000000gn/T//cc2VAZeM.s:327    .text.HAL_UART_MspInit:000000e8 $d
/var/folders/5c/srt4fy4j1pd641bjfx75k5000000gn/T//cc2VAZeM.s:415    .bss.hdma_usart6_rx:00000000 hdma_usart6_rx
/var/folders/5c/srt4fy4j1pd641bjfx75k5000000gn/T//cc2VAZeM.s:408    .bss.hdma_usart6_tx:00000000 hdma_usart6_tx
/var/folders/5c/srt4fy4j1pd641bjfx75k5000000gn/T//cc2VAZeM.s:337    .text.HAL_UART_MspDeInit:00000000 $t
/var/folders/5c/srt4fy4j1pd641bjfx75k5000000gn/T//cc2VAZeM.s:343    .text.HAL_UART_MspDeInit:00000000 HAL_UART_MspDeInit
/var/folders/5c/srt4fy4j1pd641bjfx75k5000000gn/T//cc2VAZeM.s:397    .text.HAL_UART_MspDeInit:00000034 $d
/var/folders/5c/srt4fy4j1pd641bjfx75k5000000gn/T//cc2VAZeM.s:405    .bss.hdma_usart6_tx:00000000 $d
/var/folders/5c/srt4fy4j1pd641bjfx75k5000000gn/T//cc2VAZeM.s:412    .bss.hdma_usart6_rx:00000000 $d
/var/folders/5c/srt4fy4j1pd641bjfx75k5000000gn/T//cc2VAZeM.s:419    .bss.huart6:00000000 $d

UNDEFINED SYMBOLS
HAL_UART_Init
Error_Handler
HAL_GPIO_Init
HAL_DMA_Init
HAL_NVIC_SetPriority
HAL_NVIC_EnableIRQ
HAL_GPIO_DeInit
HAL_DMA_DeInit
HAL_NVIC_DisableIRQ
